[INFO] Phase C gate: OMS hardening tests
[INFO] Scanning for projects...
[INFO] ------------------------------------------------------------------------
[INFO] Reactor Build Order:
[INFO] 
[INFO] Bedrock Market Making Infrastructure                               [pom]
[INFO] Bedrock SBE Messages                                               [jar]
[INFO] Bedrock Common                                                     [jar]
[INFO] Bedrock OMS                                                        [jar]
[INFO] 
[INFO] -----------------------< com.bedrock.mm:bedrock >-----------------------
[INFO] Building Bedrock Market Making Infrastructure 1.0.0-SNAPSHOT       [1/4]
[INFO]   from pom.xml
[INFO] --------------------------------[ pom ]---------------------------------
[INFO] 
[INFO] ---------------------< com.bedrock.mm:bedrock-sbe >---------------------
[INFO] Building Bedrock SBE Messages 1.0.0-SNAPSHOT                       [2/4]
[INFO]   from bedrock-sbe/pom.xml
[INFO] --------------------------------[ jar ]---------------------------------
[INFO] 
[INFO] --- exec:3.5.0:java (generate-sbe) @ bedrock-sbe ---
WARNING: at <sbe:message name="ExecEvent"> <field name="type"> name is not valid for Golang: type
[INFO] 
[INFO] --- build-helper:3.4.0:add-source (add-source) @ bedrock-sbe ---
[INFO] Source directory: /Users/kaymen/workspace/pixu-master/bedrock-sbe/target/generated-sources/sbe added.
[INFO] 
[INFO] --- resources:3.3.1:resources (default-resources) @ bedrock-sbe ---
[INFO] Copying 1 resource from src/main/resources to target/classes
[INFO] 
[INFO] --- compiler:3.11.0:compile (default-compile) @ bedrock-sbe ---
[INFO] Changes detected - recompiling the module! :source
[INFO] Compiling 46 source files with javac [debug release 21] to target/classes
[INFO] 
[INFO] --- resources:3.3.1:testResources (default-testResources) @ bedrock-sbe ---
[INFO] skip non existing resourceDirectory /Users/kaymen/workspace/pixu-master/bedrock-sbe/src/test/resources
[INFO] 
[INFO] --- compiler:3.11.0:testCompile (default-testCompile) @ bedrock-sbe ---
[INFO] No sources to compile
[INFO] 
[INFO] --- surefire:3.2.5:test (default-test) @ bedrock-sbe ---
[INFO] No tests to run.
[INFO] 
[INFO] -------------------< com.bedrock.mm:bedrock-common >--------------------
[INFO] Building Bedrock Common 1.0.0-SNAPSHOT                             [3/4]
[INFO]   from bedrock-common/pom.xml
[INFO] --------------------------------[ jar ]---------------------------------
[INFO] 
[INFO] --- resources:3.3.1:resources (default-resources) @ bedrock-common ---
[INFO] skip non existing resourceDirectory /Users/kaymen/workspace/pixu-master/bedrock-common/src/main/resources
[INFO] 
[INFO] --- compiler:3.11.0:compile (default-compile) @ bedrock-common ---
[INFO] Changes detected - recompiling the module! :dependency
[INFO] Compiling 28 source files with javac [debug release 21] to target/classes
[INFO] 
[INFO] --- resources:3.3.1:testResources (default-testResources) @ bedrock-common ---
[INFO] skip non existing resourceDirectory /Users/kaymen/workspace/pixu-master/bedrock-common/src/test/resources
[INFO] 
[INFO] --- compiler:3.11.0:testCompile (default-testCompile) @ bedrock-common ---
[INFO] Changes detected - recompiling the module! :dependency
[INFO] Compiling 4 source files with javac [debug release 21] to target/test-classes
[INFO] 
[INFO] --- surefire:3.2.5:test (default-test) @ bedrock-common ---
[INFO] 
[INFO] ---------------------< com.bedrock.mm:bedrock-oms >---------------------
[INFO] Building Bedrock OMS 1.0.0-SNAPSHOT                                [4/4]
[INFO]   from bedrock-oms/pom.xml
[INFO] --------------------------------[ jar ]---------------------------------
[INFO] 
[INFO] --- resources:3.3.1:resources (default-resources) @ bedrock-oms ---
[INFO] skip non existing resourceDirectory /Users/kaymen/workspace/pixu-master/bedrock-oms/src/main/resources
[INFO] 
[INFO] --- compiler:3.11.0:compile (default-compile) @ bedrock-oms ---
[INFO] Changes detected - recompiling the module! :dependency
[INFO] Compiling 20 source files with javac [debug release 21] to target/classes
[INFO] 
[INFO] --- resources:3.3.1:testResources (default-testResources) @ bedrock-oms ---
[INFO] skip non existing resourceDirectory /Users/kaymen/workspace/pixu-master/bedrock-oms/src/test/resources
[INFO] 
[INFO] --- compiler:3.11.0:testCompile (default-testCompile) @ bedrock-oms ---
[INFO] Changes detected - recompiling the module! :dependency
[INFO] Compiling 11 source files with javac [debug release 21] to target/test-classes
[INFO] 
[INFO] --- surefire:3.2.5:test (default-test) @ bedrock-oms ---
[INFO] Using auto detected provider org.apache.maven.surefire.junitplatform.JUnitPlatformProvider
[INFO] 
[INFO] -------------------------------------------------------
[INFO]  T E S T S
[INFO] -------------------------------------------------------
[INFO] Running com.bedrock.mm.oms.position.PositionTrackerTest
[INFO] Tests run: 13, Failures: 0, Errors: 0, Skipped: 0, Time elapsed: 0.026 s -- in com.bedrock.mm.oms.position.PositionTrackerTest
[INFO] Running com.bedrock.mm.oms.position.PositionReconciliationTest
[INFO] Tests run: 3, Failures: 0, Errors: 0, Skipped: 0, Time elapsed: 0.002 s -- in com.bedrock.mm.oms.position.PositionReconciliationTest
[INFO] Running com.bedrock.mm.oms.exec.RestReconciliationTest
10:21:16.938 [main] INFO com.bedrock.mm.oms.exec.RestReconciliation -- Reconcile: order 1000 synthetically CANCELLED (missing from REST)
10:21:16.939 [main] INFO com.bedrock.mm.oms.exec.RestReconciliation -- Reconciliation generated 1 synthetic events
10:21:16.941 [main] INFO com.bedrock.mm.oms.exec.RestReconciliation -- Reconcile: order 1000 partial fill detected (delta 50000000)
10:21:16.941 [main] INFO com.bedrock.mm.oms.exec.RestReconciliation -- Reconciliation generated 1 synthetic events
10:21:16.942 [main] WARN com.bedrock.mm.oms.exec.RestReconciliation -- Reconcile: unmatched exchange order skipped exchOrderId=12345 clientOrderId=external-order status=NEW
10:21:16.942 [main] INFO com.bedrock.mm.oms.exec.RestReconciliation -- Reconciliation generated 0 synthetic events
10:21:16.942 [main] WARN com.bedrock.mm.oms.exec.RestReconciliation -- Reconcile: order 1000 still PENDING_NEW, no exchOrderId
10:21:16.942 [main] INFO com.bedrock.mm.oms.exec.RestReconciliation -- Reconciliation generated 0 synthetic events
10:21:16.943 [main] INFO com.bedrock.mm.oms.exec.RestReconciliation -- Reconcile: order 1000 synthetically CANCELLED (missing from REST)
10:21:16.943 [main] INFO com.bedrock.mm.oms.exec.RestReconciliation -- Reconciliation generated 1 synthetic events
10:21:16.943 [main] INFO com.bedrock.mm.oms.exec.RestReconciliation -- Reconciliation generated 0 synthetic events
10:21:16.944 [main] INFO com.bedrock.mm.oms.exec.RestReconciliation -- Reconcile: order 1000 partial fill detected (delta 50000000)
10:21:16.944 [main] INFO com.bedrock.mm.oms.exec.RestReconciliation -- Reconciliation generated 1 synthetic events
10:21:16.944 [main] INFO com.bedrock.mm.oms.exec.RestReconciliation -- Reconcile: recovered ACK for internalOrderId=9999 exchOrderId=9999
10:21:16.944 [main] INFO com.bedrock.mm.oms.exec.RestReconciliation -- Reconciliation generated 1 synthetic events
[INFO] Tests run: 8, Failures: 0, Errors: 0, Skipped: 0, Time elapsed: 0.036 s -- in com.bedrock.mm.oms.exec.RestReconciliationTest
[INFO] Running com.bedrock.mm.oms.exec.binance.BinanceExecGatewayTest
10:21:17.041 [main] WARN com.bedrock.mm.oms.exec.binance.BinanceExecGateway -- Cannot cancel order without exchOrderId: 1000
10:21:17.050 [main] WARN com.bedrock.mm.oms.exec.binance.BinanceExecGateway -- place/cancel instrumentId=2 differs from gatewayInstrumentId=1, using symbol=BTCUSDT
10:21:17.061 [main] INFO com.bedrock.mm.oms.exec.binance.BinanceExecGateway -- Private WS reconnected, performing REST reconciliation
10:21:17.092 [ForkJoinPool.commonPool-worker-6] ERROR com.bedrock.mm.oms.exec.binance.BinanceExecGateway -- Order placement exception: orderId=281478629008128
java.util.concurrent.CompletionException: java.net.ConnectException
	at java.base/java.util.concurrent.CompletableFuture.encodeRelay(CompletableFuture.java:368)
	at java.base/java.util.concurrent.CompletableFuture.uniComposeStage(CompletableFuture.java:1189)
	at java.base/java.util.concurrent.CompletableFuture.thenCompose(CompletableFuture.java:2341)
	at java.net.http/jdk.internal.net.http.MultiExchange.responseAsyncImpl(MultiExchange.java:481)
	at java.net.http/jdk.internal.net.http.MultiExchange.lambda$responseAsyncImpl$7(MultiExchange.java:477)
	at java.base/java.util.concurrent.CompletableFuture.uniHandle(CompletableFuture.java:934)
	at java.base/java.util.concurrent.CompletableFuture.uniHandleStage(CompletableFuture.java:950)
	at java.base/java.util.concurrent.CompletableFuture.handle(CompletableFuture.java:2372)
	at java.net.http/jdk.internal.net.http.MultiExchange.responseAsyncImpl(MultiExchange.java:467)
	at java.net.http/jdk.internal.net.http.MultiExchange.lambda$responseAsync0$2(MultiExchange.java:355)
	at java.base/java.util.concurrent.CompletableFuture$UniCompose.tryFire(CompletableFuture.java:1150)
	at java.base/java.util.concurrent.CompletableFuture.postComplete(CompletableFuture.java:510)
	at java.base/java.util.concurrent.CompletableFuture$AsyncSupply.run(CompletableFuture.java:1773)
	at java.base/java.util.concurrent.ThreadPoolExecutor.runWorker(ThreadPoolExecutor.java:1144)
	at java.base/java.util.concurrent.ThreadPoolExecutor$Worker.run(ThreadPoolExecutor.java:642)
	at java.base/java.lang.Thread.run(Thread.java:1583)
Caused by: java.net.ConnectException: null
	at java.net.http/jdk.internal.net.http.common.Utils.toConnectException(Utils.java:1065)
	at java.net.http/jdk.internal.net.http.PlainHttpConnection.connectAsync(PlainHttpConnection.java:227)
	at java.net.http/jdk.internal.net.http.AsyncSSLConnection.connectAsync(AsyncSSLConnection.java:56)
	at java.net.http/jdk.internal.net.http.Http2Connection.createAsync(Http2Connection.java:529)
	at java.net.http/jdk.internal.net.http.Http2ClientImpl.getConnectionFor(Http2ClientImpl.java:140)
	at java.net.http/jdk.internal.net.http.ExchangeImpl.get(ExchangeImpl.java:98)
	at java.net.http/jdk.internal.net.http.Exchange.establishExchange(Exchange.java:391)
	at java.net.http/jdk.internal.net.http.Exchange.responseAsyncImpl0(Exchange.java:584)
	at java.net.http/jdk.internal.net.http.Exchange.responseAsyncImpl(Exchange.java:428)
	at java.net.http/jdk.internal.net.http.Exchange.responseAsync(Exchange.java:420)
	at java.net.http/jdk.internal.net.http.MultiExchange.responseAsyncImpl(MultiExchange.java:435)
	... 12 common frames omitted
Caused by: java.nio.channels.UnresolvedAddressException: null
	at java.base/sun.nio.ch.Net.checkAddress(Net.java:137)
	at java.base/sun.nio.ch.Net.checkAddress(Net.java:145)
	at java.base/sun.nio.ch.SocketChannelImpl.checkRemote(SocketChannelImpl.java:842)
	at java.base/sun.nio.ch.SocketChannelImpl.connect(SocketChannelImpl.java:865)
	at java.net.http/jdk.internal.net.http.PlainHttpConnection.lambda$connectAsync$1(PlainHttpConnection.java:210)
	at java.base/java.security.AccessController.doPrivileged(AccessController.java:571)
	at java.net.http/jdk.internal.net.http.PlainHttpConnection.connectAsync(PlainHttpConnection.java:212)
	... 21 common frames omitted
10:21:17.091 [main] ERROR com.bedrock.mm.oms.exec.binance.BinanceExecGateway -- REST reconciliation failed
java.net.ConnectException: null
	at java.net.http/jdk.internal.net.http.HttpClientImpl.send(HttpClientImpl.java:955)
	at java.net.http/jdk.internal.net.http.HttpClientFacade.send(HttpClientFacade.java:133)
	at com.bedrock.mm.oms.exec.binance.BinanceExecGateway.fetchOpenOrders(BinanceExecGateway.java:311)
	at com.bedrock.mm.oms.exec.binance.BinanceExecGateway.onPrivateWsReconnect(BinanceExecGateway.java:255)
	at com.bedrock.mm.oms.exec.binance.BinanceExecGatewayTest.lambda$testReconciliationCallback$0(BinanceExecGatewayTest.java:283)
	at org.junit.jupiter.api.AssertDoesNotThrow.assertDoesNotThrow(AssertDoesNotThrow.java:49)
	at org.junit.jupiter.api.AssertDoesNotThrow.assertDoesNotThrow(AssertDoesNotThrow.java:36)
	at org.junit.jupiter.api.Assertions.assertDoesNotThrow(Assertions.java:3168)
	at com.bedrock.mm.oms.exec.binance.BinanceExecGatewayTest.testReconciliationCallback(BinanceExecGatewayTest.java:283)
	at java.base/jdk.internal.reflect.DirectMethodHandleAccessor.invoke(DirectMethodHandleAccessor.java:103)
	at java.base/java.lang.reflect.Method.invoke(Method.java:580)
	at org.junit.platform.commons.util.ReflectionUtils.invokeMethod(ReflectionUtils.java:728)
	at org.junit.jupiter.engine.execution.MethodInvocation.proceed(MethodInvocation.java:60)
	at org.junit.jupiter.engine.execution.InvocationInterceptorChain$ValidatingInvocation.proceed(InvocationInterceptorChain.java:131)
	at org.junit.jupiter.engine.extension.TimeoutExtension.intercept(TimeoutExtension.java:156)
	at org.junit.jupiter.engine.extension.TimeoutExtension.interceptTestableMethod(TimeoutExtension.java:147)
	at org.junit.jupiter.engine.extension.TimeoutExtension.interceptTestMethod(TimeoutExtension.java:86)
	at org.junit.jupiter.engine.execution.InterceptingExecutableInvoker$ReflectiveInterceptorCall.lambda$ofVoidMethod$0(InterceptingExecutableInvoker.java:103)
	at org.junit.jupiter.engine.execution.InterceptingExecutableInvoker.lambda$invoke$0(InterceptingExecutableInvoker.java:93)
	at org.junit.jupiter.engine.execution.InvocationInterceptorChain$InterceptedInvocation.proceed(InvocationInterceptorChain.java:106)
	at org.junit.jupiter.engine.execution.InvocationInterceptorChain.proceed(InvocationInterceptorChain.java:64)
	at org.junit.jupiter.engine.execution.InvocationInterceptorChain.chainAndInvoke(InvocationInterceptorChain.java:45)
	at org.junit.jupiter.engine.execution.InvocationInterceptorChain.invoke(InvocationInterceptorChain.java:37)
	at org.junit.jupiter.engine.execution.InterceptingExecutableInvoker.invoke(InterceptingExecutableInvoker.java:92)
	at org.junit.jupiter.engine.execution.InterceptingExecutableInvoker.invoke(InterceptingExecutableInvoker.java:86)
	at org.junit.jupiter.engine.descriptor.TestMethodTestDescriptor.lambda$invokeTestMethod$7(TestMethodTestDescriptor.java:218)
	at org.junit.platform.engine.support.hierarchical.ThrowableCollector.execute(ThrowableCollector.java:73)
	at org.junit.jupiter.engine.descriptor.TestMethodTestDescriptor.invokeTestMethod(TestMethodTestDescriptor.java:214)
	at org.junit.jupiter.engine.descriptor.TestMethodTestDescriptor.execute(TestMethodTestDescriptor.java:139)
	at org.junit.jupiter.engine.descriptor.TestMethodTestDescriptor.execute(TestMethodTestDescriptor.java:69)
	at org.junit.platform.engine.support.hierarchical.NodeTestTask.lambda$executeRecursively$6(NodeTestTask.java:151)
	at org.junit.platform.engine.support.hierarchical.ThrowableCollector.execute(ThrowableCollector.java:73)
	at org.junit.platform.engine.support.hierarchical.NodeTestTask.lambda$executeRecursively$8(NodeTestTask.java:141)
	at org.junit.platform.engine.support.hierarchical.Node.around(Node.java:137)
	at org.junit.platform.engine.support.hierarchical.NodeTestTask.lambda$executeRecursively$9(NodeTestTask.java:139)
	at org.junit.platform.engine.support.hierarchical.ThrowableCollector.execute(ThrowableCollector.java:73)
	at org.junit.platform.engine.support.hierarchical.NodeTestTask.executeRecursively(NodeTestTask.java:138)
	at org.junit.platform.engine.support.hierarchical.NodeTestTask.execute(NodeTestTask.java:95)
	at java.base/java.util.ArrayList.forEach(ArrayList.java:1596)
	at org.junit.platform.engine.support.hierarchical.SameThreadHierarchicalTestExecutorService.invokeAll(SameThreadHierarchicalTestExecutorService.java:41)
	at org.junit.platform.engine.support.hierarchical.NodeTestTask.lambda$executeRecursively$6(NodeTestTask.java:155)
	at org.junit.platform.engine.support.hierarchical.ThrowableCollector.execute(ThrowableCollector.java:73)
	at org.junit.platform.engine.support.hierarchical.NodeTestTask.lambda$executeRecursively$8(NodeTestTask.java:141)
	at org.junit.platform.engine.support.hierarchical.Node.around(Node.java:137)
	at org.junit.platform.engine.support.hierarchical.NodeTestTask.lambda$executeRecursively$9(NodeTestTask.java:139)
	at org.junit.platform.engine.support.hierarchical.ThrowableCollector.execute(ThrowableCollector.java:73)
	at org.junit.platform.engine.support.hierarchical.NodeTestTask.executeRecursively(NodeTestTask.java:138)
	at org.junit.platform.engine.support.hierarchical.NodeTestTask.execute(NodeTestTask.java:95)
	at java.base/java.util.ArrayList.forEach(ArrayList.java:1596)
	at org.junit.platform.engine.support.hierarchical.SameThreadHierarchicalTestExecutorService.invokeAll(SameThreadHierarchicalTestExecutorService.java:41)
	at org.junit.platform.engine.support.hierarchical.NodeTestTask.lambda$executeRecursively$6(NodeTestTask.java:155)
	at org.junit.platform.engine.support.hierarchical.ThrowableCollector.execute(ThrowableCollector.java:73)
	at org.junit.platform.engine.support.hierarchical.NodeTestTask.lambda$executeRecursively$8(NodeTestTask.java:141)
	at org.junit.platform.engine.support.hierarchical.Node.around(Node.java:137)
	at org.junit.platform.engine.support.hierarchical.NodeTestTask.lambda$executeRecursively$9(NodeTestTask.java:139)
	at org.junit.platform.engine.support.hierarchical.ThrowableCollector.execute(ThrowableCollector.java:73)
	at org.junit.platform.engine.support.hierarchical.NodeTestTask.executeRecursively(NodeTestTask.java:138)
	at org.junit.platform.engine.support.hierarchical.NodeTestTask.execute(NodeTestTask.java:95)
	at org.junit.platform.engine.support.hierarchical.SameThreadHierarchicalTestExecutorService.submit(SameThreadHierarchicalTestExecutorService.java:35)
	at org.junit.platform.engine.support.hierarchical.HierarchicalTestExecutor.execute(HierarchicalTestExecutor.java:57)
	at org.junit.platform.engine.support.hierarchical.HierarchicalTestEngine.execute(HierarchicalTestEngine.java:54)
	at org.junit.platform.launcher.core.EngineExecutionOrchestrator.execute(EngineExecutionOrchestrator.java:198)
	at org.junit.platform.launcher.core.EngineExecutionOrchestrator.execute(EngineExecutionOrchestrator.java:169)
	at org.junit.platform.launcher.core.EngineExecutionOrchestrator.execute(EngineExecutionOrchestrator.java:93)
	at org.junit.platform.launcher.core.EngineExecutionOrchestrator.lambda$execute$0(EngineExecutionOrchestrator.java:58)
	at org.junit.platform.launcher.core.EngineExecutionOrchestrator.withInterceptedStreams(EngineExecutionOrchestrator.java:141)
	at org.junit.platform.launcher.core.EngineExecutionOrchestrator.execute(EngineExecutionOrchestrator.java:57)
	at org.junit.platform.launcher.core.DefaultLauncher.execute(DefaultLauncher.java:103)
	at org.junit.platform.launcher.core.DefaultLauncher.execute(DefaultLauncher.java:85)
	at org.junit.platform.launcher.core.DelegatingLauncher.execute(DelegatingLauncher.java:47)
	at org.apache.maven.surefire.junitplatform.LazyLauncher.execute(LazyLauncher.java:56)
	at org.apache.maven.surefire.junitplatform.JUnitPlatformProvider.execute(JUnitPlatformProvider.java:184)
	at org.apache.maven.surefire.junitplatform.JUnitPlatformProvider.invokeAllTests(JUnitPlatformProvider.java:148)
	at org.apache.maven.surefire.junitplatform.JUnitPlatformProvider.invoke(JUnitPlatformProvider.java:122)
	at org.apache.maven.surefire.booter.ForkedBooter.runSuitesInProcess(ForkedBooter.java:385)
	at org.apache.maven.surefire.booter.ForkedBooter.execute(ForkedBooter.java:162)
	at org.apache.maven.surefire.booter.ForkedBooter.run(ForkedBooter.java:507)
	at org.apache.maven.surefire.booter.ForkedBooter.main(ForkedBooter.java:495)
Caused by: java.net.ConnectException: null
	at java.net.http/jdk.internal.net.http.common.Utils.toConnectException(Utils.java:1065)
	at java.net.http/jdk.internal.net.http.PlainHttpConnection.connectAsync(PlainHttpConnection.java:227)
	at java.net.http/jdk.internal.net.http.AsyncSSLConnection.connectAsync(AsyncSSLConnection.java:56)
	at java.net.http/jdk.internal.net.http.Http2Connection.createAsync(Http2Connection.java:529)
	at java.net.http/jdk.internal.net.http.Http2ClientImpl.getConnectionFor(Http2ClientImpl.java:140)
	at java.net.http/jdk.internal.net.http.ExchangeImpl.get(ExchangeImpl.java:98)
	at java.net.http/jdk.internal.net.http.Exchange.establishExchange(Exchange.java:391)
	at java.net.http/jdk.internal.net.http.Exchange.responseAsyncImpl0(Exchange.java:584)
	at java.net.http/jdk.internal.net.http.Exchange.responseAsyncImpl(Exchange.java:428)
	at java.net.http/jdk.internal.net.http.Exchange.responseAsync(Exchange.java:420)
	at java.net.http/jdk.internal.net.http.MultiExchange.responseAsyncImpl(MultiExchange.java:435)
	at java.net.http/jdk.internal.net.http.MultiExchange.lambda$responseAsyncImpl$7(MultiExchange.java:477)
	at java.base/java.util.concurrent.CompletableFuture.uniHandle(CompletableFuture.java:934)
	at java.base/java.util.concurrent.CompletableFuture.uniHandleStage(CompletableFuture.java:950)
	at java.base/java.util.concurrent.CompletableFuture.handle(CompletableFuture.java:2372)
	at java.net.http/jdk.internal.net.http.MultiExchange.responseAsyncImpl(MultiExchange.java:467)
	at java.net.http/jdk.internal.net.http.MultiExchange.lambda$responseAsync0$2(MultiExchange.java:355)
	at java.base/java.util.concurrent.CompletableFuture$UniCompose.tryFire(CompletableFuture.java:1150)
	at java.base/java.util.concurrent.CompletableFuture.postComplete(CompletableFuture.java:510)
	at java.base/java.util.concurrent.CompletableFuture$AsyncSupply.run(CompletableFuture.java:1773)
	at java.net.http/jdk.internal.net.http.HttpClientImpl$DelegatingExecutor.execute(HttpClientImpl.java:177)
	at java.base/java.util.concurrent.CompletableFuture.completeAsync(CompletableFuture.java:2719)
	at java.net.http/jdk.internal.net.http.MultiExchange.responseAsync(MultiExchange.java:308)
	at java.net.http/jdk.internal.net.http.HttpClientImpl.sendAsync(HttpClientImpl.java:1053)
	at java.net.http/jdk.internal.net.http.HttpClientImpl.send(HttpClientImpl.java:933)
	... 77 common frames omitted
Caused by: java.nio.channels.UnresolvedAddressException: null
	at java.base/sun.nio.ch.Net.checkAddress(Net.java:137)
	at java.base/sun.nio.ch.Net.checkAddress(Net.java:145)
	at java.base/sun.nio.ch.SocketChannelImpl.checkRemote(SocketChannelImpl.java:842)
	at java.base/sun.nio.ch.SocketChannelImpl.connect(SocketChannelImpl.java:865)
	at java.net.http/jdk.internal.net.http.PlainHttpConnection.lambda$connectAsync$1(PlainHttpConnection.java:210)
	at java.base/java.security.AccessController.doPrivileged(AccessController.java:571)
	at java.net.http/jdk.internal.net.http.PlainHttpConnection.connectAsync(PlainHttpConnection.java:212)
	... 100 common frames omitted
10:21:17.092 [ForkJoinPool.commonPool-worker-3] ERROR com.bedrock.mm.oms.exec.binance.BinanceExecGateway -- Order placement exception: orderId=281478629008135
java.util.concurrent.CompletionException: java.net.ConnectException
	at java.base/java.util.concurrent.CompletableFuture.encodeRelay(CompletableFuture.java:368)
	at java.base/java.util.concurrent.CompletableFuture.uniComposeStage(CompletableFuture.java:1189)
	at java.base/java.util.concurrent.CompletableFuture.thenCompose(CompletableFuture.java:2341)
	at java.net.http/jdk.internal.net.http.MultiExchange.responseAsyncImpl(MultiExchange.java:481)
	at java.net.http/jdk.internal.net.http.MultiExchange.lambda$responseAsyncImpl$7(MultiExchange.java:477)
	at java.base/java.util.concurrent.CompletableFuture.uniHandle(CompletableFuture.java:934)
	at java.base/java.util.concurrent.CompletableFuture.uniHandleStage(CompletableFuture.java:950)
	at java.base/java.util.concurrent.CompletableFuture.handle(CompletableFuture.java:2372)
	at java.net.http/jdk.internal.net.http.MultiExchange.responseAsyncImpl(MultiExchange.java:467)
	at java.net.http/jdk.internal.net.http.MultiExchange.lambda$responseAsync0$2(MultiExchange.java:355)
	at java.base/java.util.concurrent.CompletableFuture$UniCompose.tryFire(CompletableFuture.java:1150)
	at java.base/java.util.concurrent.CompletableFuture.postComplete(CompletableFuture.java:510)
	at java.base/java.util.concurrent.CompletableFuture$AsyncSupply.run(CompletableFuture.java:1773)
	at java.base/java.util.concurrent.ThreadPoolExecutor.runWorker(ThreadPoolExecutor.java:1144)
	at java.base/java.util.concurrent.ThreadPoolExecutor$Worker.run(ThreadPoolExecutor.java:642)
	at java.base/java.lang.Thread.run(Thread.java:1583)
Caused by: java.net.ConnectException: null
	at java.net.http/jdk.internal.net.http.common.Utils.toConnectException(Utils.java:1065)
	at java.net.http/jdk.internal.net.http.PlainHttpConnection.connectAsync(PlainHttpConnection.java:227)
	at java.net.http/jdk.internal.net.http.AsyncSSLConnection.connectAsync(AsyncSSLConnection.java:56)
	at java.net.http/jdk.internal.net.http.Http2Connection.createAsync(Http2Connection.java:529)
	at java.net.http/jdk.internal.net.http.Http2ClientImpl.getConnectionFor(Http2ClientImpl.java:140)
	at java.net.http/jdk.internal.net.http.ExchangeImpl.get(ExchangeImpl.java:98)
	at java.net.http/jdk.internal.net.http.Exchange.establishExchange(Exchange.java:391)
	at java.net.http/jdk.internal.net.http.Exchange.responseAsyncImpl0(Exchange.java:584)
	at java.net.http/jdk.internal.net.http.Exchange.responseAsyncImpl(Exchange.java:428)
	at java.net.http/jdk.internal.net.http.Exchange.responseAsync(Exchange.java:420)
	at java.net.http/jdk.internal.net.http.MultiExchange.responseAsyncImpl(MultiExchange.java:435)
	... 12 common frames omitted
Caused by: java.nio.channels.UnresolvedAddressException: null
	at java.base/sun.nio.ch.Net.checkAddress(Net.java:137)
	at java.base/sun.nio.ch.Net.checkAddress(Net.java:145)
	at java.base/sun.nio.ch.SocketChannelImpl.checkRemote(SocketChannelImpl.java:842)
	at java.base/sun.nio.ch.SocketChannelImpl.connect(SocketChannelImpl.java:865)
	at java.net.http/jdk.internal.net.http.PlainHttpConnection.lambda$connectAsync$1(PlainHttpConnection.java:210)
	at java.base/java.security.AccessController.doPrivileged(AccessController.java:571)
	at java.net.http/jdk.internal.net.http.PlainHttpConnection.connectAsync(PlainHttpConnection.java:212)
	... 21 common frames omitted
10:21:17.092 [ForkJoinPool.commonPool-worker-8] ERROR com.bedrock.mm.oms.exec.binance.BinanceExecGateway -- Order cancellation exception: orderId=1000
java.util.concurrent.CompletionException: java.net.ConnectException
	at java.base/java.util.concurrent.CompletableFuture.encodeRelay(CompletableFuture.java:368)
	at java.base/java.util.concurrent.CompletableFuture.uniComposeStage(CompletableFuture.java:1189)
	at java.base/java.util.concurrent.CompletableFuture.thenCompose(CompletableFuture.java:2341)
	at java.net.http/jdk.internal.net.http.MultiExchange.responseAsyncImpl(MultiExchange.java:481)
	at java.net.http/jdk.internal.net.http.MultiExchange.lambda$responseAsyncImpl$7(MultiExchange.java:477)
	at java.base/java.util.concurrent.CompletableFuture.uniHandle(CompletableFuture.java:934)
	at java.base/java.util.concurrent.CompletableFuture.uniHandleStage(CompletableFuture.java:950)
	at java.base/java.util.concurrent.CompletableFuture.handle(CompletableFuture.java:2372)
	at java.net.http/jdk.internal.net.http.MultiExchange.responseAsyncImpl(MultiExchange.java:467)
	at java.net.http/jdk.internal.net.http.MultiExchange.lambda$responseAsync0$2(MultiExchange.java:355)
	at java.base/java.util.concurrent.CompletableFuture$UniCompose.tryFire(CompletableFuture.java:1150)
	at java.base/java.util.concurrent.CompletableFuture.postComplete(CompletableFuture.java:510)
	at java.base/java.util.concurrent.CompletableFuture$AsyncSupply.run(CompletableFuture.java:1773)
	at java.base/java.util.concurrent.ThreadPoolExecutor.runWorker(ThreadPoolExecutor.java:1144)
	at java.base/java.util.concurrent.ThreadPoolExecutor$Worker.run(ThreadPoolExecutor.java:642)
	at java.base/java.lang.Thread.run(Thread.java:1583)
Caused by: java.net.ConnectException: null
	at java.net.http/jdk.internal.net.http.common.Utils.toConnectException(Utils.java:1065)
	at java.net.http/jdk.internal.net.http.PlainHttpConnection.connectAsync(PlainHttpConnection.java:227)
	at java.net.http/jdk.internal.net.http.AsyncSSLConnection.connectAsync(AsyncSSLConnection.java:56)
	at java.net.http/jdk.internal.net.http.Http2Connection.createAsync(Http2Connection.java:529)
	at java.net.http/jdk.internal.net.http.Http2ClientImpl.getConnectionFor(Http2ClientImpl.java:140)
	at java.net.http/jdk.internal.net.http.ExchangeImpl.get(ExchangeImpl.java:98)
	at java.net.http/jdk.internal.net.http.Exchange.establishExchange(Exchange.java:391)
	at java.net.http/jdk.internal.net.http.Exchange.responseAsyncImpl0(Exchange.java:584)
	at java.net.http/jdk.internal.net.http.Exchange.responseAsyncImpl(Exchange.java:428)
	at java.net.http/jdk.internal.net.http.Exchange.responseAsync(Exchange.java:420)
	at java.net.http/jdk.internal.net.http.MultiExchange.responseAsyncImpl(MultiExchange.java:435)
	... 12 common frames omitted
Caused by: java.nio.channels.UnresolvedAddressException: null
	at java.base/sun.nio.ch.Net.checkAddress(Net.java:137)
	at java.base/sun.nio.ch.Net.checkAddress(Net.java:145)
	at java.base/sun.nio.ch.SocketChannelImpl.checkRemote(SocketChannelImpl.java:842)
	at java.base/sun.nio.ch.SocketChannelImpl.connect(SocketChannelImpl.java:865)
	at java.net.http/jdk.internal.net.http.PlainHttpConnection.lambda$connectAsync$1(PlainHttpConnection.java:210)
	at java.base/java.security.AccessController.doPrivileged(AccessController.java:571)
	at java.net.http/jdk.internal.net.http.PlainHttpConnection.connectAsync(PlainHttpConnection.java:212)
	... 21 common frames omitted
10:21:17.092 [ForkJoinPool.commonPool-worker-1] ERROR com.bedrock.mm.oms.exec.binance.BinanceExecGateway -- Order placement exception: orderId=281478629008112
java.util.concurrent.CompletionException: java.net.ConnectException
	at java.base/java.util.concurrent.CompletableFuture.encodeRelay(CompletableFuture.java:368)
	at java.base/java.util.concurrent.CompletableFuture.uniComposeStage(CompletableFuture.java:1189)
	at java.base/java.util.concurrent.CompletableFuture.thenCompose(CompletableFuture.java:2341)
	at java.net.http/jdk.internal.net.http.MultiExchange.responseAsyncImpl(MultiExchange.java:481)
	at java.net.http/jdk.internal.net.http.MultiExchange.lambda$responseAsyncImpl$7(MultiExchange.java:477)
	at java.base/java.util.concurrent.CompletableFuture.uniHandle(CompletableFuture.java:934)
	at java.base/java.util.concurrent.CompletableFuture.uniHandleStage(CompletableFuture.java:950)
	at java.base/java.util.concurrent.CompletableFuture.handle(CompletableFuture.java:2372)
	at java.net.http/jdk.internal.net.http.MultiExchange.responseAsyncImpl(MultiExchange.java:467)
	at java.net.http/jdk.internal.net.http.MultiExchange.lambda$responseAsync0$2(MultiExchange.java:355)
	at java.base/java.util.concurrent.CompletableFuture$UniCompose.tryFire(CompletableFuture.java:1150)
	at java.base/java.util.concurrent.CompletableFuture.postComplete(CompletableFuture.java:510)
	at java.base/java.util.concurrent.CompletableFuture$AsyncSupply.run(CompletableFuture.java:1773)
	at java.base/java.util.concurrent.ThreadPoolExecutor.runWorker(ThreadPoolExecutor.java:1144)
	at java.base/java.util.concurrent.ThreadPoolExecutor$Worker.run(ThreadPoolExecutor.java:642)
	at java.base/java.lang.Thread.run(Thread.java:1583)
Caused by: java.net.ConnectException: null
	at java.net.http/jdk.internal.net.http.common.Utils.toConnectException(Utils.java:1065)
	at java.net.http/jdk.internal.net.http.PlainHttpConnection.connectAsync(PlainHttpConnection.java:227)
	at java.net.http/jdk.internal.net.http.AsyncSSLConnection.connectAsync(AsyncSSLConnection.java:56)
	at java.net.http/jdk.internal.net.http.Http2Connection.createAsync(Http2Connection.java:529)
	at java.net.http/jdk.internal.net.http.Http2ClientImpl.getConnectionFor(Http2ClientImpl.java:140)
	at java.net.http/jdk.internal.net.http.ExchangeImpl.get(ExchangeImpl.java:98)
	at java.net.http/jdk.internal.net.http.Exchange.establishExchange(Exchange.java:391)
	at java.net.http/jdk.internal.net.http.Exchange.responseAsyncImpl0(Exchange.java:584)
	at java.net.http/jdk.internal.net.http.Exchange.responseAsyncImpl(Exchange.java:428)
	at java.net.http/jdk.internal.net.http.Exchange.responseAsync(Exchange.java:420)
	at java.net.http/jdk.internal.net.http.MultiExchange.responseAsyncImpl(MultiExchange.java:435)
	... 12 common frames omitted
Caused by: java.nio.channels.UnresolvedAddressException: null
	at java.base/sun.nio.ch.Net.checkAddress(Net.java:137)
	at java.base/sun.nio.ch.Net.checkAddress(Net.java:145)
	at java.base/sun.nio.ch.SocketChannelImpl.checkRemote(SocketChannelImpl.java:842)
	at java.base/sun.nio.ch.SocketChannelImpl.connect(SocketChannelImpl.java:865)
	at java.net.http/jdk.internal.net.http.PlainHttpConnection.lambda$connectAsync$1(PlainHttpConnection.java:210)
	at java.base/java.security.AccessController.doPrivileged(AccessController.java:571)
	at java.net.http/jdk.internal.net.http.PlainHttpConnection.connectAsync(PlainHttpConnection.java:212)
	... 21 common frames omitted
10:21:17.092 [ForkJoinPool.commonPool-worker-6] ERROR com.bedrock.mm.oms.exec.binance.BinanceExecGateway -- Order placement exception: orderId=281478629008116
java.util.concurrent.CompletionException: java.net.ConnectException
	at java.base/java.util.concurrent.CompletableFuture.encodeRelay(CompletableFuture.java:368)
	at java.base/java.util.concurrent.CompletableFuture.uniComposeStage(CompletableFuture.java:1189)
	at java.base/java.util.concurrent.CompletableFuture.thenCompose(CompletableFuture.java:2341)
	at java.net.http/jdk.internal.net.http.MultiExchange.responseAsyncImpl(MultiExchange.java:481)
	at java.net.http/jdk.internal.net.http.MultiExchange.lambda$responseAsyncImpl$7(MultiExchange.java:477)
	at java.base/java.util.concurrent.CompletableFuture.uniHandle(CompletableFuture.java:934)
	at java.base/java.util.concurrent.CompletableFuture.uniHandleStage(CompletableFuture.java:950)
	at java.base/java.util.concurrent.CompletableFuture.handle(CompletableFuture.java:2372)
	at java.net.http/jdk.internal.net.http.MultiExchange.responseAsyncImpl(MultiExchange.java:467)
	at java.net.http/jdk.internal.net.http.MultiExchange.lambda$responseAsync0$2(MultiExchange.java:355)
	at java.base/java.util.concurrent.CompletableFuture$UniCompose.tryFire(CompletableFuture.java:1150)
	at java.base/java.util.concurrent.CompletableFuture.postComplete(CompletableFuture.java:510)
	at java.base/java.util.concurrent.CompletableFuture$AsyncSupply.run(CompletableFuture.java:1773)
	at java.base/java.util.concurrent.ThreadPoolExecutor.runWorker(ThreadPoolExecutor.java:1144)
	at java.base/java.util.concurrent.ThreadPoolExecutor$Worker.run(ThreadPoolExecutor.java:642)
	at java.base/java.lang.Thread.run(Thread.java:1583)
Caused by: java.net.ConnectException: null
	at java.net.http/jdk.internal.net.http.common.Utils.toConnectException(Utils.java:1065)
	at java.net.http/jdk.internal.net.http.PlainHttpConnection.connectAsync(PlainHttpConnection.java:227)
	at java.net.http/jdk.internal.net.http.AsyncSSLConnection.connectAsync(AsyncSSLConnection.java:56)
	at java.net.http/jdk.internal.net.http.Http2Connection.createAsync(Http2Connection.java:529)
	at java.net.http/jdk.internal.net.http.Http2ClientImpl.getConnectionFor(Http2ClientImpl.java:140)
	at java.net.http/jdk.internal.net.http.ExchangeImpl.get(ExchangeImpl.java:98)
	at java.net.http/jdk.internal.net.http.Exchange.establishExchange(Exchange.java:391)
	at java.net.http/jdk.internal.net.http.Exchange.responseAsyncImpl0(Exchange.java:584)
	at java.net.http/jdk.internal.net.http.Exchange.responseAsyncImpl(Exchange.java:428)
	at java.net.http/jdk.internal.net.http.Exchange.responseAsync(Exchange.java:420)
	at java.net.http/jdk.internal.net.http.MultiExchange.responseAsyncImpl(MultiExchange.java:435)
	... 12 common frames omitted
Caused by: java.nio.channels.UnresolvedAddressException: null
	at java.base/sun.nio.ch.Net.checkAddress(Net.java:137)
	at java.base/sun.nio.ch.Net.checkAddress(Net.java:145)
	at java.base/sun.nio.ch.SocketChannelImpl.checkRemote(SocketChannelImpl.java:842)
	at java.base/sun.nio.ch.SocketChannelImpl.connect(SocketChannelImpl.java:865)
	at java.net.http/jdk.internal.net.http.PlainHttpConnection.lambda$connectAsync$1(PlainHttpConnection.java:210)
	at java.base/java.security.AccessController.doPrivileged(AccessController.java:571)
	at java.net.http/jdk.internal.net.http.PlainHttpConnection.connectAsync(PlainHttpConnection.java:212)
	... 21 common frames omitted
10:21:17.092 [ForkJoinPool.commonPool-worker-5] ERROR com.bedrock.mm.oms.exec.binance.BinanceExecGateway -- Order placement exception: orderId=281478629008132
java.util.concurrent.CompletionException: java.net.ConnectException
	at java.base/java.util.concurrent.CompletableFuture.encodeRelay(CompletableFuture.java:368)
	at java.base/java.util.concurrent.CompletableFuture.uniComposeStage(CompletableFuture.java:1189)
	at java.base/java.util.concurrent.CompletableFuture.thenCompose(CompletableFuture.java:2341)
	at java.net.http/jdk.internal.net.http.MultiExchange.responseAsyncImpl(MultiExchange.java:481)
	at java.net.http/jdk.internal.net.http.MultiExchange.lambda$responseAsyncImpl$7(MultiExchange.java:477)
	at java.base/java.util.concurrent.CompletableFuture.uniHandle(CompletableFuture.java:934)
	at java.base/java.util.concurrent.CompletableFuture.uniHandleStage(CompletableFuture.java:950)
	at java.base/java.util.concurrent.CompletableFuture.handle(CompletableFuture.java:2372)
	at java.net.http/jdk.internal.net.http.MultiExchange.responseAsyncImpl(MultiExchange.java:467)
	at java.net.http/jdk.internal.net.http.MultiExchange.lambda$responseAsync0$2(MultiExchange.java:355)
	at java.base/java.util.concurrent.CompletableFuture$UniCompose.tryFire(CompletableFuture.java:1150)
	at java.base/java.util.concurrent.CompletableFuture.postComplete(CompletableFuture.java:510)
	at java.base/java.util.concurrent.CompletableFuture$AsyncSupply.run(CompletableFuture.java:1773)
	at java.base/java.util.concurrent.ThreadPoolExecutor.runWorker(ThreadPoolExecutor.java:1144)
	at java.base/java.util.concurrent.ThreadPoolExecutor$Worker.run(ThreadPoolExecutor.java:642)
	at java.base/java.lang.Thread.run(Thread.java:1583)
Caused by: java.net.ConnectException: null
	at java.net.http/jdk.internal.net.http.common.Utils.toConnectException(Utils.java:1065)
	at java.net.http/jdk.internal.net.http.PlainHttpConnection.connectAsync(PlainHttpConnection.java:227)
	at java.net.http/jdk.internal.net.http.AsyncSSLConnection.connectAsync(AsyncSSLConnection.java:56)
	at java.net.http/jdk.internal.net.http.Http2Connection.createAsync(Http2Connection.java:529)
	at java.net.http/jdk.internal.net.http.Http2ClientImpl.getConnectionFor(Http2ClientImpl.java:140)
	at java.net.http/jdk.internal.net.http.ExchangeImpl.get(ExchangeImpl.java:98)
	at java.net.http/jdk.internal.net.http.Exchange.establishExchange(Exchange.java:391)
	at java.net.http/jdk.internal.net.http.Exchange.responseAsyncImpl0(Exchange.java:584)
	at java.net.http/jdk.internal.net.http.Exchange.responseAsyncImpl(Exchange.java:428)
	at java.net.http/jdk.internal.net.http.Exchange.responseAsync(Exchange.java:420)
	at java.net.http/jdk.internal.net.http.MultiExchange.responseAsyncImpl(MultiExchange.java:435)
	... 12 common frames omitted
Caused by: java.nio.channels.UnresolvedAddressException: null
	at java.base/sun.nio.ch.Net.checkAddress(Net.java:137)
	at java.base/sun.nio.ch.Net.checkAddress(Net.java:145)
	at java.base/sun.nio.ch.SocketChannelImpl.checkRemote(SocketChannelImpl.java:842)
	at java.base/sun.nio.ch.SocketChannelImpl.connect(SocketChannelImpl.java:865)
	at java.net.http/jdk.internal.net.http.PlainHttpConnection.lambda$connectAsync$1(PlainHttpConnection.java:210)
	at java.base/java.security.AccessController.doPrivileged(AccessController.java:571)
	at java.net.http/jdk.internal.net.http.PlainHttpConnection.connectAsync(PlainHttpConnection.java:212)
	... 21 common frames omitted
10:21:17.093 [ForkJoinPool.commonPool-worker-8] ERROR com.bedrock.mm.oms.exec.binance.BinanceExecGateway -- Order placement exception: orderId=281478629008122
java.util.concurrent.CompletionException: java.net.ConnectException
	at java.base/java.util.concurrent.CompletableFuture.encodeRelay(CompletableFuture.java:368)
	at java.base/java.util.concurrent.CompletableFuture.uniComposeStage(CompletableFuture.java:1189)
	at java.base/java.util.concurrent.CompletableFuture.thenCompose(CompletableFuture.java:2341)
	at java.net.http/jdk.internal.net.http.MultiExchange.responseAsyncImpl(MultiExchange.java:481)
	at java.net.http/jdk.internal.net.http.MultiExchange.lambda$responseAsyncImpl$7(MultiExchange.java:477)
	at java.base/java.util.concurrent.CompletableFuture.uniHandle(CompletableFuture.java:934)
	at java.base/java.util.concurrent.CompletableFuture.uniHandleStage(CompletableFuture.java:950)
	at java.base/java.util.concurrent.CompletableFuture.handle(CompletableFuture.java:2372)
	at java.net.http/jdk.internal.net.http.MultiExchange.responseAsyncImpl(MultiExchange.java:467)
	at java.net.http/jdk.internal.net.http.MultiExchange.lambda$responseAsync0$2(MultiExchange.java:355)
	at java.base/java.util.concurrent.CompletableFuture$UniCompose.tryFire(CompletableFuture.java:1150)
	at java.base/java.util.concurrent.CompletableFuture.postComplete(CompletableFuture.java:510)
	at java.base/java.util.concurrent.CompletableFuture$AsyncSupply.run(CompletableFuture.java:1773)
	at java.base/java.util.concurrent.ThreadPoolExecutor.runWorker(ThreadPoolExecutor.java:1144)
	at java.base/java.util.concurrent.ThreadPoolExecutor$Worker.run(ThreadPoolExecutor.java:642)
	at java.base/java.lang.Thread.run(Thread.java:1583)
Caused by: java.net.ConnectException: null
	at java.net.http/jdk.internal.net.http.common.Utils.toConnectException(Utils.java:1065)
	at java.net.http/jdk.internal.net.http.PlainHttpConnection.connectAsync(PlainHttpConnection.java:227)
	at java.net.http/jdk.internal.net.http.AsyncSSLConnection.connectAsync(AsyncSSLConnection.java:56)
	at java.net.http/jdk.internal.net.http.Http2Connection.createAsync(Http2Connection.java:529)
	at java.net.http/jdk.internal.net.http.Http2ClientImpl.getConnectionFor(Http2ClientImpl.java:140)
	at java.net.http/jdk.internal.net.http.ExchangeImpl.get(ExchangeImpl.java:98)
	at java.net.http/jdk.internal.net.http.Exchange.establishExchange(Exchange.java:391)
	at java.net.http/jdk.internal.net.http.Exchange.responseAsyncImpl0(Exchange.java:584)
	at java.net.http/jdk.internal.net.http.Exchange.responseAsyncImpl(Exchange.java:428)
	at java.net.http/jdk.internal.net.http.Exchange.responseAsync(Exchange.java:420)
	at java.net.http/jdk.internal.net.http.MultiExchange.responseAsyncImpl(MultiExchange.java:435)
	... 12 common frames omitted
Caused by: java.nio.channels.UnresolvedAddressException: null
	at java.base/sun.nio.ch.Net.checkAddress(Net.java:137)
	at java.base/sun.nio.ch.Net.checkAddress(Net.java:145)
	at java.base/sun.nio.ch.SocketChannelImpl.checkRemote(SocketChannelImpl.java:842)
	at java.base/sun.nio.ch.SocketChannelImpl.connect(SocketChannelImpl.java:865)
	at java.net.http/jdk.internal.net.http.PlainHttpConnection.lambda$connectAsync$1(PlainHttpConnection.java:210)
	at java.base/java.security.AccessController.doPrivileged(AccessController.java:571)
	at java.net.http/jdk.internal.net.http.PlainHttpConnection.connectAsync(PlainHttpConnection.java:212)
	... 21 common frames omitted
10:21:17.092 [ForkJoinPool.commonPool-worker-2] ERROR com.bedrock.mm.oms.exec.binance.BinanceExecGateway -- Order placement exception: orderId=281482923975426
java.util.concurrent.CompletionException: java.net.ConnectException
	at java.base/java.util.concurrent.CompletableFuture.encodeRelay(CompletableFuture.java:368)
	at java.base/java.util.concurrent.CompletableFuture.uniComposeStage(CompletableFuture.java:1189)
	at java.base/java.util.concurrent.CompletableFuture.thenCompose(CompletableFuture.java:2341)
	at java.net.http/jdk.internal.net.http.MultiExchange.responseAsyncImpl(MultiExchange.java:481)
	at java.net.http/jdk.internal.net.http.MultiExchange.lambda$responseAsyncImpl$7(MultiExchange.java:477)
	at java.base/java.util.concurrent.CompletableFuture.uniHandle(CompletableFuture.java:934)
	at java.base/java.util.concurrent.CompletableFuture.uniHandleStage(CompletableFuture.java:950)
	at java.base/java.util.concurrent.CompletableFuture.handle(CompletableFuture.java:2372)
	at java.net.http/jdk.internal.net.http.MultiExchange.responseAsyncImpl(MultiExchange.java:467)
	at java.net.http/jdk.internal.net.http.MultiExchange.lambda$responseAsync0$2(MultiExchange.java:355)
	at java.base/java.util.concurrent.CompletableFuture$UniCompose.tryFire(CompletableFuture.java:1150)
	at java.base/java.util.concurrent.CompletableFuture.postComplete(CompletableFuture.java:510)
	at java.base/java.util.concurrent.CompletableFuture$AsyncSupply.run(CompletableFuture.java:1773)
	at java.base/java.util.concurrent.ThreadPoolExecutor.runWorker(ThreadPoolExecutor.java:1144)
	at java.base/java.util.concurrent.ThreadPoolExecutor$Worker.run(ThreadPoolExecutor.java:642)
	at java.base/java.lang.Thread.run(Thread.java:1583)
Caused by: java.net.ConnectException: null
	at java.net.http/jdk.internal.net.http.common.Utils.toConnectException(Utils.java:1065)
	at java.net.http/jdk.internal.net.http.PlainHttpConnection.connectAsync(PlainHttpConnection.java:227)
	at java.net.http/jdk.internal.net.http.AsyncSSLConnection.connectAsync(AsyncSSLConnection.java:56)
	at java.net.http/jdk.internal.net.http.Http2Connection.createAsync(Http2Connection.java:529)
	at java.net.http/jdk.internal.net.http.Http2ClientImpl.getConnectionFor(Http2ClientImpl.java:140)
	at java.net.http/jdk.internal.net.http.ExchangeImpl.get(ExchangeImpl.java:98)
	at java.net.http/jdk.internal.net.http.Exchange.establishExchange(Exchange.java:391)
	at java.net.http/jdk.internal.net.http.Exchange.responseAsyncImpl0(Exchange.java:584)
	at java.net.http/jdk.internal.net.http.Exchange.responseAsyncImpl(Exchange.java:428)
	at java.net.http/jdk.internal.net.http.Exchange.responseAsync(Exchange.java:420)
	at java.net.http/jdk.internal.net.http.MultiExchange.responseAsyncImpl(MultiExchange.java:435)
	... 12 common frames omitted
Caused by: java.nio.channels.UnresolvedAddressException: null
	at java.base/sun.nio.ch.Net.checkAddress(Net.java:137)
	at java.base/sun.nio.ch.Net.checkAddress(Net.java:145)
	at java.base/sun.nio.ch.SocketChannelImpl.checkRemote(SocketChannelImpl.java:842)
	at java.base/sun.nio.ch.SocketChannelImpl.connect(SocketChannelImpl.java:865)
	at java.net.http/jdk.internal.net.http.PlainHttpConnection.lambda$connectAsync$1(PlainHttpConnection.java:210)
	at java.base/java.security.AccessController.doPrivileged(AccessController.java:571)
	at java.net.http/jdk.internal.net.http.PlainHttpConnection.connectAsync(PlainHttpConnection.java:212)
	... 21 common frames omitted
10:21:17.093 [ForkJoinPool.commonPool-worker-3] ERROR com.bedrock.mm.oms.exec.binance.BinanceExecGateway -- Order placement exception: orderId=281478629008130
java.util.concurrent.CompletionException: java.net.ConnectException
	at java.base/java.util.concurrent.CompletableFuture.encodeRelay(CompletableFuture.java:368)
	at java.base/java.util.concurrent.CompletableFuture.uniComposeStage(CompletableFuture.java:1189)
	at java.base/java.util.concurrent.CompletableFuture.thenCompose(CompletableFuture.java:2341)
	at java.net.http/jdk.internal.net.http.MultiExchange.responseAsyncImpl(MultiExchange.java:481)
	at java.net.http/jdk.internal.net.http.MultiExchange.lambda$responseAsyncImpl$7(MultiExchange.java:477)
	at java.base/java.util.concurrent.CompletableFuture.uniHandle(CompletableFuture.java:934)
	at java.base/java.util.concurrent.CompletableFuture.uniHandleStage(CompletableFuture.java:950)
	at java.base/java.util.concurrent.CompletableFuture.handle(CompletableFuture.java:2372)
	at java.net.http/jdk.internal.net.http.MultiExchange.responseAsyncImpl(MultiExchange.java:467)
	at java.net.http/jdk.internal.net.http.MultiExchange.lambda$responseAsync0$2(MultiExchange.java:355)
	at java.base/java.util.concurrent.CompletableFuture$UniCompose.tryFire(CompletableFuture.java:1150)
	at java.base/java.util.concurrent.CompletableFuture.postComplete(CompletableFuture.java:510)
	at java.base/java.util.concurrent.CompletableFuture$AsyncSupply.run(CompletableFuture.java:1773)
	at java.base/java.util.concurrent.ThreadPoolExecutor.runWorker(ThreadPoolExecutor.java:1144)
	at java.base/java.util.concurrent.ThreadPoolExecutor$Worker.run(ThreadPoolExecutor.java:642)
	at java.base/java.lang.Thread.run(Thread.java:1583)
Caused by: java.net.ConnectException: null
	at java.net.http/jdk.internal.net.http.common.Utils.toConnectException(Utils.java:1065)
	at java.net.http/jdk.internal.net.http.PlainHttpConnection.connectAsync(PlainHttpConnection.java:227)
	at java.net.http/jdk.internal.net.http.AsyncSSLConnection.connectAsync(AsyncSSLConnection.java:56)
	at java.net.http/jdk.internal.net.http.Http2Connection.createAsync(Http2Connection.java:529)
	at java.net.http/jdk.internal.net.http.Http2ClientImpl.getConnectionFor(Http2ClientImpl.java:140)
	at java.net.http/jdk.internal.net.http.ExchangeImpl.get(ExchangeImpl.java:98)
	at java.net.http/jdk.internal.net.http.Exchange.establishExchange(Exchange.java:391)
	at java.net.http/jdk.internal.net.http.Exchange.responseAsyncImpl0(Exchange.java:584)
	at java.net.http/jdk.internal.net.http.Exchange.responseAsyncImpl(Exchange.java:428)
	at java.net.http/jdk.internal.net.http.Exchange.responseAsync(Exchange.java:420)
	at java.net.http/jdk.internal.net.http.MultiExchange.responseAsyncImpl(MultiExchange.java:435)
	... 12 common frames omitted
Caused by: java.nio.channels.UnresolvedAddressException: null
	at java.base/sun.nio.ch.Net.checkAddress(Net.java:137)
	at java.base/sun.nio.ch.Net.checkAddress(Net.java:145)
	at java.base/sun.nio.ch.SocketChannelImpl.checkRemote(SocketChannelImpl.java:842)
	at java.base/sun.nio.ch.SocketChannelImpl.connect(SocketChannelImpl.java:865)
	at java.net.http/jdk.internal.net.http.PlainHttpConnection.lambda$connectAsync$1(PlainHttpConnection.java:210)
	at java.base/java.security.AccessController.doPrivileged(AccessController.java:571)
	at java.net.http/jdk.internal.net.http.PlainHttpConnection.connectAsync(PlainHttpConnection.java:212)
	... 21 common frames omitted
10:21:17.092 [ForkJoinPool.commonPool-worker-4] ERROR com.bedrock.mm.oms.exec.binance.BinanceExecGateway -- Order placement exception: orderId=281482923975418
java.util.concurrent.CompletionException: java.net.ConnectException
	at java.base/java.util.concurrent.CompletableFuture.encodeRelay(CompletableFuture.java:368)
	at java.base/java.util.concurrent.CompletableFuture.uniComposeStage(CompletableFuture.java:1189)
	at java.base/java.util.concurrent.CompletableFuture.thenCompose(CompletableFuture.java:2341)
	at java.net.http/jdk.internal.net.http.MultiExchange.responseAsyncImpl(MultiExchange.java:481)
	at java.net.http/jdk.internal.net.http.MultiExchange.lambda$responseAsyncImpl$7(MultiExchange.java:477)
	at java.base/java.util.concurrent.CompletableFuture.uniHandle(CompletableFuture.java:934)
	at java.base/java.util.concurrent.CompletableFuture.uniHandleStage(CompletableFuture.java:950)
	at java.base/java.util.concurrent.CompletableFuture.handle(CompletableFuture.java:2372)
	at java.net.http/jdk.internal.net.http.MultiExchange.responseAsyncImpl(MultiExchange.java:467)
	at java.net.http/jdk.internal.net.http.MultiExchange.lambda$responseAsync0$2(MultiExchange.java:355)
	at java.base/java.util.concurrent.CompletableFuture$UniCompose.tryFire(CompletableFuture.java:1150)
	at java.base/java.util.concurrent.CompletableFuture.postComplete(CompletableFuture.java:510)
	at java.base/java.util.concurrent.CompletableFuture$AsyncSupply.run(CompletableFuture.java:1773)
	at java.base/java.util.concurrent.ThreadPoolExecutor.runWorker(ThreadPoolExecutor.java:1144)
	at java.base/java.util.concurrent.ThreadPoolExecutor$Worker.run(ThreadPoolExecutor.java:642)
	at java.base/java.lang.Thread.run(Thread.java:1583)
Caused by: java.net.ConnectException: null
	at java.net.http/jdk.internal.net.http.common.Utils.toConnectException(Utils.java:1065)
	at java.net.http/jdk.internal.net.http.PlainHttpConnection.connectAsync(PlainHttpConnection.java:227)
	at java.net.http/jdk.internal.net.http.AsyncSSLConnection.connectAsync(AsyncSSLConnection.java:56)
	at java.net.http/jdk.internal.net.http.Http2Connection.createAsync(Http2Connection.java:529)
	at java.net.http/jdk.internal.net.http.Http2ClientImpl.getConnectionFor(Http2ClientImpl.java:140)
	at java.net.http/jdk.internal.net.http.ExchangeImpl.get(ExchangeImpl.java:98)
	at java.net.http/jdk.internal.net.http.Exchange.establishExchange(Exchange.java:391)
	at java.net.http/jdk.internal.net.http.Exchange.responseAsyncImpl0(Exchange.java:584)
	at java.net.http/jdk.internal.net.http.Exchange.responseAsyncImpl(Exchange.java:428)
	at java.net.http/jdk.internal.net.http.Exchange.responseAsync(Exchange.java:420)
	at java.net.http/jdk.internal.net.http.MultiExchange.responseAsyncImpl(MultiExchange.java:435)
	... 12 common frames omitted
Caused by: java.nio.channels.UnresolvedAddressException: null
	at java.base/sun.nio.ch.Net.checkAddress(Net.java:137)
	at java.base/sun.nio.ch.Net.checkAddress(Net.java:145)
	at java.base/sun.nio.ch.SocketChannelImpl.checkRemote(SocketChannelImpl.java:842)
	at java.base/sun.nio.ch.SocketChannelImpl.connect(SocketChannelImpl.java:865)
	at java.net.http/jdk.internal.net.http.PlainHttpConnection.lambda$connectAsync$1(PlainHttpConnection.java:210)
	at java.base/java.security.AccessController.doPrivileged(AccessController.java:571)
	at java.net.http/jdk.internal.net.http.PlainHttpConnection.connectAsync(PlainHttpConnection.java:212)
	... 21 common frames omitted
10:21:17.096 [ForkJoinPool.commonPool-worker-4] ERROR com.bedrock.mm.oms.exec.binance.BinanceExecGateway -- Order placement exception: orderId=281478629008204
java.util.concurrent.CompletionException: java.net.ConnectException
	at java.base/java.util.concurrent.CompletableFuture.encodeRelay(CompletableFuture.java:368)
	at java.base/java.util.concurrent.CompletableFuture.uniComposeStage(CompletableFuture.java:1189)
	at java.base/java.util.concurrent.CompletableFuture.thenCompose(CompletableFuture.java:2341)
	at java.net.http/jdk.internal.net.http.MultiExchange.responseAsyncImpl(MultiExchange.java:481)
	at java.net.http/jdk.internal.net.http.MultiExchange.lambda$responseAsyncImpl$7(MultiExchange.java:477)
	at java.base/java.util.concurrent.CompletableFuture.uniHandle(CompletableFuture.java:934)
	at java.base/java.util.concurrent.CompletableFuture.uniHandleStage(CompletableFuture.java:950)
	at java.base/java.util.concurrent.CompletableFuture.handle(CompletableFuture.java:2372)
	at java.net.http/jdk.internal.net.http.MultiExchange.responseAsyncImpl(MultiExchange.java:467)
	at java.net.http/jdk.internal.net.http.MultiExchange.lambda$responseAsync0$2(MultiExchange.java:355)
	at java.base/java.util.concurrent.CompletableFuture$UniCompose.tryFire(CompletableFuture.java:1150)
	at java.base/java.util.concurrent.CompletableFuture.postComplete(CompletableFuture.java:510)
	at java.base/java.util.concurrent.CompletableFuture$AsyncSupply.run(CompletableFuture.java:1773)
	at java.base/java.util.concurrent.ThreadPoolExecutor.runWorker(ThreadPoolExecutor.java:1144)
	at java.base/java.util.concurrent.ThreadPoolExecutor$Worker.run(ThreadPoolExecutor.java:642)
	at java.base/java.lang.Thread.run(Thread.java:1583)
Caused by: java.net.ConnectException: null
	at java.net.http/jdk.internal.net.http.common.Utils.toConnectException(Utils.java:1065)
	at java.net.http/jdk.internal.net.http.PlainHttpConnection.connectAsync(PlainHttpConnection.java:227)
	at java.net.http/jdk.internal.net.http.AsyncSSLConnection.connectAsync(AsyncSSLConnection.java:56)
	at java.net.http/jdk.internal.net.http.Http2Connection.createAsync(Http2Connection.java:529)
	at java.net.http/jdk.internal.net.http.Http2ClientImpl.getConnectionFor(Http2ClientImpl.java:140)
	at java.net.http/jdk.internal.net.http.ExchangeImpl.get(ExchangeImpl.java:98)
	at java.net.http/jdk.internal.net.http.Exchange.establishExchange(Exchange.java:391)
	at java.net.http/jdk.internal.net.http.Exchange.responseAsyncImpl0(Exchange.java:584)
	at java.net.http/jdk.internal.net.http.Exchange.responseAsyncImpl(Exchange.java:428)
	at java.net.http/jdk.internal.net.http.Exchange.responseAsync(Exchange.java:420)
	at java.net.http/jdk.internal.net.http.MultiExchange.responseAsyncImpl(MultiExchange.java:435)
	... 12 common frames omitted
Caused by: java.nio.channels.UnresolvedAddressException: null
	at java.base/sun.nio.ch.Net.checkAddress(Net.java:137)
	at java.base/sun.nio.ch.Net.checkAddress(Net.java:145)
	at java.base/sun.nio.ch.SocketChannelImpl.checkRemote(SocketChannelImpl.java:842)
	at java.base/sun.nio.ch.SocketChannelImpl.connect(SocketChannelImpl.java:865)
	at java.net.http/jdk.internal.net.http.PlainHttpConnection.lambda$connectAsync$1(PlainHttpConnection.java:210)
	at java.base/java.security.AccessController.doPrivileged(AccessController.java:571)
	at java.net.http/jdk.internal.net.http.PlainHttpConnection.connectAsync(PlainHttpConnection.java:212)
	... 21 common frames omitted
10:21:17.096 [ForkJoinPool.commonPool-worker-4] ERROR com.bedrock.mm.oms.exec.binance.BinanceExecGateway -- Order placement exception: orderId=281478629008206
java.util.concurrent.CompletionException: java.net.ConnectException
	at java.base/java.util.concurrent.CompletableFuture.encodeRelay(CompletableFuture.java:368)
	at java.base/java.util.concurrent.CompletableFuture.uniComposeStage(CompletableFuture.java:1189)
	at java.base/java.util.concurrent.CompletableFuture.thenCompose(CompletableFuture.java:2341)
	at java.net.http/jdk.internal.net.http.MultiExchange.responseAsyncImpl(MultiExchange.java:481)
	at java.net.http/jdk.internal.net.http.MultiExchange.lambda$responseAsyncImpl$7(MultiExchange.java:477)
	at java.base/java.util.concurrent.CompletableFuture.uniHandle(CompletableFuture.java:934)
	at java.base/java.util.concurrent.CompletableFuture.uniHandleStage(CompletableFuture.java:950)
	at java.base/java.util.concurrent.CompletableFuture.handle(CompletableFuture.java:2372)
	at java.net.http/jdk.internal.net.http.MultiExchange.responseAsyncImpl(MultiExchange.java:467)
	at java.net.http/jdk.internal.net.http.MultiExchange.lambda$responseAsync0$2(MultiExchange.java:355)
	at java.base/java.util.concurrent.CompletableFuture$UniCompose.tryFire(CompletableFuture.java:1150)
	at java.base/java.util.concurrent.CompletableFuture.postComplete(CompletableFuture.java:510)
	at java.base/java.util.concurrent.CompletableFuture$AsyncSupply.run(CompletableFuture.java:1773)
	at java.base/java.util.concurrent.ThreadPoolExecutor.runWorker(ThreadPoolExecutor.java:1144)
	at java.base/java.util.concurrent.ThreadPoolExecutor$Worker.run(ThreadPoolExecutor.java:642)
	at java.base/java.lang.Thread.run(Thread.java:1583)
Caused by: java.net.ConnectException: null
	at java.net.http/jdk.internal.net.http.common.Utils.toConnectException(Utils.java:1065)
	at java.net.http/jdk.internal.net.http.PlainHttpConnection.connectAsync(PlainHttpConnection.java:227)
	at java.net.http/jdk.internal.net.http.AsyncSSLConnection.connectAsync(AsyncSSLConnection.java:56)
	at java.net.http/jdk.internal.net.http.Http2Connection.createAsync(Http2Connection.java:529)
	at java.net.http/jdk.internal.net.http.Http2ClientImpl.getConnectionFor(Http2ClientImpl.java:140)
	at java.net.http/jdk.internal.net.http.ExchangeImpl.get(ExchangeImpl.java:98)
	at java.net.http/jdk.internal.net.http.Exchange.establishExchange(Exchange.java:391)
	at java.net.http/jdk.internal.net.http.Exchange.responseAsyncImpl0(Exchange.java:584)
	at java.net.http/jdk.internal.net.http.Exchange.responseAsyncImpl(Exchange.java:428)
	at java.net.http/jdk.internal.net.http.Exchange.responseAsync(Exchange.java:420)
	at java.net.http/jdk.internal.net.http.MultiExchange.responseAsyncImpl(MultiExchange.java:435)
	... 12 common frames omitted
Caused by: java.nio.channels.UnresolvedAddressException: null
	at java.base/sun.nio.ch.Net.checkAddress(Net.java:137)
	at java.base/sun.nio.ch.Net.checkAddress(Net.java:145)
	at java.base/sun.nio.ch.SocketChannelImpl.checkRemote(SocketChannelImpl.java:842)
	at java.base/sun.nio.ch.SocketChannelImpl.connect(SocketChannelImpl.java:865)
	at java.net.http/jdk.internal.net.http.PlainHttpConnection.lambda$connectAsync$1(PlainHttpConnection.java:210)
	at java.base/java.security.AccessController.doPrivileged(AccessController.java:571)
	at java.net.http/jdk.internal.net.http.PlainHttpConnection.connectAsync(PlainHttpConnection.java:212)
	... 21 common frames omitted
10:21:17.097 [ForkJoinPool.commonPool-worker-4] ERROR com.bedrock.mm.oms.exec.binance.BinanceExecGateway -- Order placement exception: orderId=281478629008209
java.util.concurrent.CompletionException: java.net.ConnectException
	at java.base/java.util.concurrent.CompletableFuture.encodeRelay(CompletableFuture.java:368)
	at java.base/java.util.concurrent.CompletableFuture.uniComposeStage(CompletableFuture.java:1189)
	at java.base/java.util.concurrent.CompletableFuture.thenCompose(CompletableFuture.java:2341)
	at java.net.http/jdk.internal.net.http.MultiExchange.responseAsyncImpl(MultiExchange.java:481)
	at java.net.http/jdk.internal.net.http.MultiExchange.lambda$responseAsyncImpl$7(MultiExchange.java:477)
	at java.base/java.util.concurrent.CompletableFuture.uniHandle(CompletableFuture.java:934)
	at java.base/java.util.concurrent.CompletableFuture.uniHandleStage(CompletableFuture.java:950)
	at java.base/java.util.concurrent.CompletableFuture.handle(CompletableFuture.java:2372)
	at java.net.http/jdk.internal.net.http.MultiExchange.responseAsyncImpl(MultiExchange.java:467)
	at java.net.http/jdk.internal.net.http.MultiExchange.lambda$responseAsync0$2(MultiExchange.java:355)
	at java.base/java.util.concurrent.CompletableFuture$UniCompose.tryFire(CompletableFuture.java:1150)
	at java.base/java.util.concurrent.CompletableFuture.postComplete(CompletableFuture.java:510)
	at java.base/java.util.concurrent.CompletableFuture$AsyncSupply.run(CompletableFuture.java:1773)
	at java.base/java.util.concurrent.ThreadPoolExecutor.runWorker(ThreadPoolExecutor.java:1144)
	at java.base/java.util.concurrent.ThreadPoolExecutor$Worker.run(ThreadPoolExecutor.java:642)
	at java.base/java.lang.Thread.run(Thread.java:1583)
Caused by: java.net.ConnectException: null
	at java.net.http/jdk.internal.net.http.common.Utils.toConnectException(Utils.java:1065)
	at java.net.http/jdk.internal.net.http.PlainHttpConnection.connectAsync(PlainHttpConnection.java:227)
	at java.net.http/jdk.internal.net.http.AsyncSSLConnection.connectAsync(AsyncSSLConnection.java:56)
	at java.net.http/jdk.internal.net.http.Http2Connection.createAsync(Http2Connection.java:529)
	at java.net.http/jdk.internal.net.http.Http2ClientImpl.getConnectionFor(Http2ClientImpl.java:140)
	at java.net.http/jdk.internal.net.http.ExchangeImpl.get(ExchangeImpl.java:98)
	at java.net.http/jdk.internal.net.http.Exchange.establishExchange(Exchange.java:391)
	at java.net.http/jdk.internal.net.http.Exchange.responseAsyncImpl0(Exchange.java:584)
	at java.net.http/jdk.internal.net.http.Exchange.responseAsyncImpl(Exchange.java:428)
	at java.net.http/jdk.internal.net.http.Exchange.responseAsync(Exchange.java:420)
	at java.net.http/jdk.internal.net.http.MultiExchange.responseAsyncImpl(MultiExchange.java:435)
	... 12 common frames omitted
Caused by: java.nio.channels.UnresolvedAddressException: null
	at java.base/sun.nio.ch.Net.checkAddress(Net.java:137)
	at java.base/sun.nio.ch.Net.checkAddress(Net.java:145)
	at java.base/sun.nio.ch.SocketChannelImpl.checkRemote(SocketChannelImpl.java:842)
	at java.base/sun.nio.ch.SocketChannelImpl.connect(SocketChannelImpl.java:865)
	at java.net.http/jdk.internal.net.http.PlainHttpConnection.lambda$connectAsync$1(PlainHttpConnection.java:210)
	at java.base/java.security.AccessController.doPrivileged(AccessController.java:571)
	at java.net.http/jdk.internal.net.http.PlainHttpConnection.connectAsync(PlainHttpConnection.java:212)
	... 21 common frames omitted
10:21:17.098 [ForkJoinPool.commonPool-worker-4] ERROR com.bedrock.mm.oms.exec.binance.BinanceExecGateway -- Order placement exception: orderId=281478629008210
java.util.concurrent.CompletionException: java.net.ConnectException
	at java.base/java.util.concurrent.CompletableFuture.encodeRelay(CompletableFuture.java:368)
	at java.base/java.util.concurrent.CompletableFuture.uniComposeStage(CompletableFuture.java:1189)
	at java.base/java.util.concurrent.CompletableFuture.thenCompose(CompletableFuture.java:2341)
	at java.net.http/jdk.internal.net.http.MultiExchange.responseAsyncImpl(MultiExchange.java:481)
	at java.net.http/jdk.internal.net.http.MultiExchange.lambda$responseAsyncImpl$7(MultiExchange.java:477)
	at java.base/java.util.concurrent.CompletableFuture.uniHandle(CompletableFuture.java:934)
	at java.base/java.util.concurrent.CompletableFuture.uniHandleStage(CompletableFuture.java:950)
	at java.base/java.util.concurrent.CompletableFuture.handle(CompletableFuture.java:2372)
	at java.net.http/jdk.internal.net.http.MultiExchange.responseAsyncImpl(MultiExchange.java:467)
	at java.net.http/jdk.internal.net.http.MultiExchange.lambda$responseAsync0$2(MultiExchange.java:355)
	at java.base/java.util.concurrent.CompletableFuture$UniCompose.tryFire(CompletableFuture.java:1150)
	at java.base/java.util.concurrent.CompletableFuture.postComplete(CompletableFuture.java:510)
	at java.base/java.util.concurrent.CompletableFuture$AsyncSupply.run(CompletableFuture.java:1773)
	at java.base/java.util.concurrent.ThreadPoolExecutor.runWorker(ThreadPoolExecutor.java:1144)
	at java.base/java.util.concurrent.ThreadPoolExecutor$Worker.run(ThreadPoolExecutor.java:642)
	at java.base/java.lang.Thread.run(Thread.java:1583)
Caused by: java.net.ConnectException: null
	at java.net.http/jdk.internal.net.http.common.Utils.toConnectException(Utils.java:1065)
	at java.net.http/jdk.internal.net.http.PlainHttpConnection.connectAsync(PlainHttpConnection.java:227)
	at java.net.http/jdk.internal.net.http.AsyncSSLConnection.connectAsync(AsyncSSLConnection.java:56)
	at java.net.http/jdk.internal.net.http.Http2Connection.createAsync(Http2Connection.java:529)
	at java.net.http/jdk.internal.net.http.Http2ClientImpl.getConnectionFor(Http2ClientImpl.java:140)
	at java.net.http/jdk.internal.net.http.ExchangeImpl.get(ExchangeImpl.java:98)
	at java.net.http/jdk.internal.net.http.Exchange.establishExchange(Exchange.java:391)
	at java.net.http/jdk.internal.net.http.Exchange.responseAsyncImpl0(Exchange.java:584)
	at java.net.http/jdk.internal.net.http.Exchange.responseAsyncImpl(Exchange.java:428)
	at java.net.http/jdk.internal.net.http.Exchange.responseAsync(Exchange.java:420)
	at java.net.http/jdk.internal.net.http.MultiExchange.responseAsyncImpl(MultiExchange.java:435)
	... 12 common frames omitted
Caused by: java.nio.channels.UnresolvedAddressException: null
	at java.base/sun.nio.ch.Net.checkAddress(Net.java:137)
	at java.base/sun.nio.ch.Net.checkAddress(Net.java:145)
	at java.base/sun.nio.ch.SocketChannelImpl.checkRemote(SocketChannelImpl.java:842)
	at java.base/sun.nio.ch.SocketChannelImpl.connect(SocketChannelImpl.java:865)
	at java.net.http/jdk.internal.net.http.PlainHttpConnection.lambda$connectAsync$1(PlainHttpConnection.java:210)
	at java.base/java.security.AccessController.doPrivileged(AccessController.java:571)
	at java.net.http/jdk.internal.net.http.PlainHttpConnection.connectAsync(PlainHttpConnection.java:212)
	... 21 common frames omitted
[INFO] Tests run: 14, Failures: 0, Errors: 0, Skipped: 0, Time elapsed: 0.154 s -- in com.bedrock.mm.oms.exec.binance.BinanceExecGatewayTest
10:21:17.099 [ForkJoinPool.commonPool-worker-4] ERROR com.bedrock.mm.oms.exec.binance.BinanceExecGateway -- Order placement exception: orderId=281478629008212
java.util.concurrent.CompletionException: java.net.ConnectException
	at java.base/java.util.concurrent.CompletableFuture.encodeRelay(CompletableFuture.java:368)
	at java.base/java.util.concurrent.CompletableFuture.uniComposeStage(CompletableFuture.java:1189)
	at java.base/java.util.concurrent.CompletableFuture.thenCompose(CompletableFuture.java:2341)
	at java.net.http/jdk.internal.net.http.MultiExchange.responseAsyncImpl(MultiExchange.java:481)
	at java.net.http/jdk.internal.net.http.MultiExchange.lambda$responseAsyncImpl$7(MultiExchange.java:477)
	at java.base/java.util.concurrent.CompletableFuture.uniHandle(CompletableFuture.java:934)
	at java.base/java.util.concurrent.CompletableFuture.uniHandleStage(CompletableFuture.java:950)
	at java.base/java.util.concurrent.CompletableFuture.handle(CompletableFuture.java:2372)
	at java.net.http/jdk.internal.net.http.MultiExchange.responseAsyncImpl(MultiExchange.java:467)
	at java.net.http/jdk.internal.net.http.MultiExchange.lambda$responseAsync0$2(MultiExchange.java:355)
	at java.base/java.util.concurrent.CompletableFuture$UniCompose.tryFire(CompletableFuture.java:1150)
	at java.base/java.util.concurrent.CompletableFuture.postComplete(CompletableFuture.java:510)
	at java.base/java.util.concurrent.CompletableFuture$AsyncSupply.run(CompletableFuture.java:1773)
	at java.base/java.util.concurrent.ThreadPoolExecutor.runWorker(ThreadPoolExecutor.java:1144)
	at java.base/java.util.concurrent.ThreadPoolExecutor$Worker.run(ThreadPoolExecutor.java:642)
	at java.base/java.lang.Thread.run(Thread.java:1583)
Caused by: java.net.ConnectException: null
	at java.net.http/jdk.internal.net.http.common.Utils.toConnectException(Utils.java:1065)
	at java.net.http/jdk.internal.net.http.PlainHttpConnection.connectAsync(PlainHttpConnection.java:227)
	at java.net.http/jdk.internal.net.http.AsyncSSLConnection.connectAsync(AsyncSSLConnection.java:56)
	at java.net.http/jdk.internal.net.http.Http2Connection.createAsync(Http2Connection.java:529)
	at java.net.http/jdk.internal.net.http.Http2ClientImpl.getConnectionFor(Http2ClientImpl.java:140)
	at java.net.http/jdk.internal.net.http.ExchangeImpl.get(ExchangeImpl.java:98)
	at java.net.http/jdk.internal.net.http.Exchange.establishExchange(Exchange.java:391)
	at java.net.http/jdk.internal.net.http.Exchange.responseAsyncImpl0(Exchange.java:584)
	at java.net.http/jdk.internal.net.http.Exchange.responseAsyncImpl(Exchange.java:428)
	at java.net.http/jdk.internal.net.http.Exchange.responseAsync(Exchange.java:420)
	at java.net.http/jdk.internal.net.http.MultiExchange.responseAsyncImpl(MultiExchange.java:435)
	... 12 common frames omitted
Caused by: java.nio.channels.UnresolvedAddressException: null
	at java.base/sun.nio.ch.Net.checkAddress(Net.java:137)
	at java.base/sun.nio.ch.Net.checkAddress(Net.java:145)
	at java.base/sun.nio.ch.SocketChannelImpl.checkRemote(SocketChannelImpl.java:842)
	at java.base/sun.nio.ch.SocketChannelImpl.connect(SocketChannelImpl.java:865)
	at java.net.http/jdk.internal.net.http.PlainHttpConnection.lambda$connectAsync$1(PlainHttpConnection.java:210)
	at java.base/java.security.AccessController.doPrivileged(AccessController.java:571)
	at java.net.http/jdk.internal.net.http.PlainHttpConnection.connectAsync(PlainHttpConnection.java:212)
	... 21 common frames omitted
[INFO] Running com.bedrock.mm.oms.risk.RiskGuardTest
[INFO] Tests run: 16, Failures: 0, Errors: 0, Skipped: 0, Time elapsed: 1.120 s -- in com.bedrock.mm.oms.risk.RiskGuardTest
[INFO] Running com.bedrock.mm.oms.store.OrderStoreTest
[INFO] Tests run: 11, Failures: 0, Errors: 0, Skipped: 0, Time elapsed: 0.008 s -- in com.bedrock.mm.oms.store.OrderStoreTest
[INFO] 
[INFO] Results:
[INFO] 
[INFO] Tests run: 65, Failures: 0, Errors: 0, Skipped: 0
[INFO] 
[INFO] ------------------------------------------------------------------------
[INFO] Reactor Summary for Bedrock Market Making Infrastructure 1.0.0-SNAPSHOT:
[INFO] 
[INFO] Bedrock Market Making Infrastructure ............... SUCCESS [  0.001 s]
[INFO] Bedrock SBE Messages ............................... SUCCESS [  1.929 s]
[INFO] Bedrock Common ..................................... SUCCESS [  0.983 s]
[INFO] Bedrock OMS ........................................ SUCCESS [  3.219 s]
[INFO] ------------------------------------------------------------------------
[INFO] BUILD SUCCESS
[INFO] ------------------------------------------------------------------------
[INFO] Total time:  6.293 s
[INFO] Finished at: 2026-03-08T10:21:18+08:00
[INFO] ------------------------------------------------------------------------
[INFO] Phase C gate: App OMS integration tests
[INFO] Scanning for projects...
[INFO] ------------------------------------------------------------------------
[INFO] Reactor Build Order:
[INFO] 
[INFO] Bedrock Market Making Infrastructure                               [pom]
[INFO] Bedrock SBE Messages                                               [jar]
[INFO] Bedrock Common                                                     [jar]
[INFO] Bedrock Aeron Communication                                        [jar]
[INFO] Bedrock Monitor                                                    [jar]
[INFO] Bedrock Market Data API                                            [jar]
[INFO] Bedrock Market Data                                                [jar]
[INFO] Bedrock OMS                                                        [jar]
[INFO] Bedrock Pricing                                                    [jar]
[INFO] Bedrock Strategy                                                   [jar]
[INFO] Bedrock Trading Adapter                                            [jar]
[INFO] Bedrock Application                                                [jar]
[INFO] 
[INFO] -----------------------< com.bedrock.mm:bedrock >-----------------------
[INFO] Building Bedrock Market Making Infrastructure 1.0.0-SNAPSHOT      [1/12]
[INFO]   from pom.xml
[INFO] --------------------------------[ pom ]---------------------------------
[INFO] 
[INFO] ---------------------< com.bedrock.mm:bedrock-sbe >---------------------
[INFO] Building Bedrock SBE Messages 1.0.0-SNAPSHOT                      [2/12]
[INFO]   from bedrock-sbe/pom.xml
[INFO] --------------------------------[ jar ]---------------------------------
[INFO] 
[INFO] --- exec:3.5.0:java (generate-sbe) @ bedrock-sbe ---
WARNING: at <sbe:message name="ExecEvent"> <field name="type"> name is not valid for Golang: type
[INFO] 
[INFO] --- build-helper:3.4.0:add-source (add-source) @ bedrock-sbe ---
[INFO] Source directory: /Users/kaymen/workspace/pixu-master/bedrock-sbe/target/generated-sources/sbe added.
[INFO] 
[INFO] --- resources:3.3.1:resources (default-resources) @ bedrock-sbe ---
[INFO] Copying 1 resource from src/main/resources to target/classes
[INFO] 
[INFO] --- compiler:3.11.0:compile (default-compile) @ bedrock-sbe ---
[INFO] Changes detected - recompiling the module! :source
[INFO] Compiling 46 source files with javac [debug release 21] to target/classes
[INFO] 
[INFO] --- resources:3.3.1:testResources (default-testResources) @ bedrock-sbe ---
[INFO] skip non existing resourceDirectory /Users/kaymen/workspace/pixu-master/bedrock-sbe/src/test/resources
[INFO] 
[INFO] --- compiler:3.11.0:testCompile (default-testCompile) @ bedrock-sbe ---
[INFO] No sources to compile
[INFO] 
[INFO] --- surefire:3.2.5:test (default-test) @ bedrock-sbe ---
[INFO] No tests to run.
[INFO] 
[INFO] -------------------< com.bedrock.mm:bedrock-common >--------------------
[INFO] Building Bedrock Common 1.0.0-SNAPSHOT                            [3/12]
[INFO]   from bedrock-common/pom.xml
[INFO] --------------------------------[ jar ]---------------------------------
[INFO] 
[INFO] --- resources:3.3.1:resources (default-resources) @ bedrock-common ---
[INFO] skip non existing resourceDirectory /Users/kaymen/workspace/pixu-master/bedrock-common/src/main/resources
[INFO] 
[INFO] --- compiler:3.11.0:compile (default-compile) @ bedrock-common ---
[INFO] Changes detected - recompiling the module! :dependency
[INFO] Compiling 28 source files with javac [debug release 21] to target/classes
[INFO] 
[INFO] --- resources:3.3.1:testResources (default-testResources) @ bedrock-common ---
[INFO] skip non existing resourceDirectory /Users/kaymen/workspace/pixu-master/bedrock-common/src/test/resources
[INFO] 
[INFO] --- compiler:3.11.0:testCompile (default-testCompile) @ bedrock-common ---
[INFO] Changes detected - recompiling the module! :dependency
[INFO] Compiling 4 source files with javac [debug release 21] to target/test-classes
[INFO] 
[INFO] --- surefire:3.2.5:test (default-test) @ bedrock-common ---
[INFO] 
[INFO] --------------------< com.bedrock.mm:bedrock-aeron >--------------------
[INFO] Building Bedrock Aeron Communication 1.0.0-SNAPSHOT               [4/12]
[INFO]   from bedrock-aeron/pom.xml
[INFO] --------------------------------[ jar ]---------------------------------
[INFO] 
[INFO] --- resources:3.3.1:resources (default-resources) @ bedrock-aeron ---
[INFO] skip non existing resourceDirectory /Users/kaymen/workspace/pixu-master/bedrock-aeron/src/main/resources
[INFO] 
[INFO] --- compiler:3.11.0:compile (default-compile) @ bedrock-aeron ---
[INFO] Changes detected - recompiling the module! :dependency
[INFO] Compiling 17 source files with javac [debug release 21] to target/classes
[INFO] /Users/kaymen/workspace/pixu-master/bedrock-aeron/src/main/java/com/bedrock/mm/aeron/AeronChannelProvider.java: /Users/kaymen/workspace/pixu-master/bedrock-aeron/src/main/java/com/bedrock/mm/aeron/AeronChannelProvider.java uses unchecked or unsafe operations.
[INFO] /Users/kaymen/workspace/pixu-master/bedrock-aeron/src/main/java/com/bedrock/mm/aeron/AeronChannelProvider.java: Recompile with -Xlint:unchecked for details.
[INFO] 
[INFO] --- resources:3.3.1:testResources (default-testResources) @ bedrock-aeron ---
[INFO] skip non existing resourceDirectory /Users/kaymen/workspace/pixu-master/bedrock-aeron/src/test/resources
[INFO] 
[INFO] --- compiler:3.11.0:testCompile (default-testCompile) @ bedrock-aeron ---
[INFO] Changes detected - recompiling the module! :dependency
[INFO] Compiling 6 source files with javac [debug release 21] to target/test-classes
[INFO] 
[INFO] --- surefire:3.2.5:test (default-test) @ bedrock-aeron ---
[INFO] 
[INFO] -------------------< com.bedrock.mm:bedrock-monitor >-------------------
[INFO] Building Bedrock Monitor 1.0.0-SNAPSHOT                           [5/12]
[INFO]   from bedrock-monitor/pom.xml
[INFO] --------------------------------[ jar ]---------------------------------
[INFO] 
[INFO] --- resources:3.3.1:resources (default-resources) @ bedrock-monitor ---
[INFO] skip non existing resourceDirectory /Users/kaymen/workspace/pixu-master/bedrock-monitor/src/main/resources
[INFO] 
[INFO] --- compiler:3.11.0:compile (default-compile) @ bedrock-monitor ---
[INFO] Changes detected - recompiling the module! :dependency
[INFO] Compiling 4 source files with javac [debug release 21] to target/classes
[INFO] 
[INFO] --- resources:3.3.1:testResources (default-testResources) @ bedrock-monitor ---
[INFO] skip non existing resourceDirectory /Users/kaymen/workspace/pixu-master/bedrock-monitor/src/test/resources
[INFO] 
[INFO] --- compiler:3.11.0:testCompile (default-testCompile) @ bedrock-monitor ---
[INFO] No sources to compile
[INFO] 
[INFO] --- surefire:3.2.5:test (default-test) @ bedrock-monitor ---
[INFO] No tests to run.
[INFO] 
[INFO] -------------------< com.bedrock.mm:bedrock-md-api >--------------------
[INFO] Building Bedrock Market Data API 1.0.0-SNAPSHOT                   [6/12]
[INFO]   from bedrock-md-api/pom.xml
[INFO] --------------------------------[ jar ]---------------------------------
[INFO] 
[INFO] --- resources:3.3.1:resources (default-resources) @ bedrock-md-api ---
[INFO] skip non existing resourceDirectory /Users/kaymen/workspace/pixu-master/bedrock-md-api/src/main/resources
[INFO] 
[INFO] --- compiler:3.11.0:compile (default-compile) @ bedrock-md-api ---
[INFO] Changes detected - recompiling the module! :dependency
[INFO] Compiling 3 source files with javac [debug release 21] to target/classes
[INFO] 
[INFO] --- resources:3.3.1:testResources (default-testResources) @ bedrock-md-api ---
[INFO] skip non existing resourceDirectory /Users/kaymen/workspace/pixu-master/bedrock-md-api/src/test/resources
[INFO] 
[INFO] --- compiler:3.11.0:testCompile (default-testCompile) @ bedrock-md-api ---
[INFO] No sources to compile
[INFO] 
[INFO] --- surefire:3.2.5:test (default-test) @ bedrock-md-api ---
[INFO] No tests to run.
[INFO] 
[INFO] ---------------------< com.bedrock.mm:bedrock-md >----------------------
[INFO] Building Bedrock Market Data 1.0.0-SNAPSHOT                       [7/12]
[INFO]   from bedrock-md/pom.xml
[INFO] --------------------------------[ jar ]---------------------------------
[INFO] 
[INFO] --- resources:3.3.1:resources (default-resources) @ bedrock-md ---
[INFO] skip non existing resourceDirectory /Users/kaymen/workspace/pixu-master/bedrock-md/src/main/resources
[INFO] 
[INFO] --- compiler:3.11.0:compile (default-compile) @ bedrock-md ---
[INFO] Changes detected - recompiling the module! :dependency
[INFO] Compiling 23 source files with javac [debug release 21] to target/classes
[INFO] 
[INFO] --- resources:3.3.1:testResources (default-testResources) @ bedrock-md ---
[INFO] skip non existing resourceDirectory /Users/kaymen/workspace/pixu-master/bedrock-md/src/test/resources
[INFO] 
[INFO] --- compiler:3.11.0:testCompile (default-testCompile) @ bedrock-md ---
[INFO] Changes detected - recompiling the module! :dependency
[INFO] Compiling 4 source files with javac [debug release 21] to target/test-classes
[INFO] 
[INFO] --- surefire:3.2.5:test (default-test) @ bedrock-md ---
[INFO] 
[INFO] ---------------------< com.bedrock.mm:bedrock-oms >---------------------
[INFO] Building Bedrock OMS 1.0.0-SNAPSHOT                               [8/12]
[INFO]   from bedrock-oms/pom.xml
[INFO] --------------------------------[ jar ]---------------------------------
[INFO] 
[INFO] --- resources:3.3.1:resources (default-resources) @ bedrock-oms ---
[INFO] skip non existing resourceDirectory /Users/kaymen/workspace/pixu-master/bedrock-oms/src/main/resources
[INFO] 
[INFO] --- compiler:3.11.0:compile (default-compile) @ bedrock-oms ---
[INFO] Changes detected - recompiling the module! :dependency
[INFO] Compiling 20 source files with javac [debug release 21] to target/classes
[INFO] 
[INFO] --- resources:3.3.1:testResources (default-testResources) @ bedrock-oms ---
[INFO] skip non existing resourceDirectory /Users/kaymen/workspace/pixu-master/bedrock-oms/src/test/resources
[INFO] 
[INFO] --- compiler:3.11.0:testCompile (default-testCompile) @ bedrock-oms ---
[INFO] Changes detected - recompiling the module! :dependency
[INFO] Compiling 11 source files with javac [debug release 21] to target/test-classes
[INFO] 
[INFO] --- surefire:3.2.5:test (default-test) @ bedrock-oms ---
[INFO] 
[INFO] -------------------< com.bedrock.mm:bedrock-pricing >-------------------
[INFO] Building Bedrock Pricing 1.0.0-SNAPSHOT                           [9/12]
[INFO]   from bedrock-pricing/pom.xml
[INFO] --------------------------------[ jar ]---------------------------------
[INFO] 
[INFO] --- resources:3.3.1:resources (default-resources) @ bedrock-pricing ---
[INFO] skip non existing resourceDirectory /Users/kaymen/workspace/pixu-master/bedrock-pricing/src/main/resources
[INFO] 
[INFO] --- compiler:3.11.0:compile (default-compile) @ bedrock-pricing ---
[INFO] Changes detected - recompiling the module! :dependency
[INFO] Compiling 14 source files with javac [debug release 21] to target/classes
[INFO] 
[INFO] --- resources:3.3.1:testResources (default-testResources) @ bedrock-pricing ---
[INFO] skip non existing resourceDirectory /Users/kaymen/workspace/pixu-master/bedrock-pricing/src/test/resources
[INFO] 
[INFO] --- compiler:3.11.0:testCompile (default-testCompile) @ bedrock-pricing ---
[INFO] Changes detected - recompiling the module! :dependency
[INFO] Compiling 11 source files with javac [debug release 21] to target/test-classes
[INFO] 
[INFO] --- surefire:3.2.5:test (default-test) @ bedrock-pricing ---
[INFO] 
[INFO] ------------------< com.bedrock.mm:bedrock-strategy >-------------------
[INFO] Building Bedrock Strategy 1.0.0-SNAPSHOT                         [10/12]
[INFO]   from bedrock-strategy/pom.xml
[INFO] --------------------------------[ jar ]---------------------------------
[INFO] 
[INFO] --- resources:3.3.1:resources (default-resources) @ bedrock-strategy ---
[INFO] skip non existing resourceDirectory /Users/kaymen/workspace/pixu-master/bedrock-strategy/src/main/resources
[INFO] 
[INFO] --- compiler:3.11.0:compile (default-compile) @ bedrock-strategy ---
[INFO] Changes detected - recompiling the module! :dependency
[INFO] Compiling 14 source files with javac [debug release 21] to target/classes
[INFO] 
[INFO] --- resources:3.3.1:testResources (default-testResources) @ bedrock-strategy ---
[INFO] skip non existing resourceDirectory /Users/kaymen/workspace/pixu-master/bedrock-strategy/src/test/resources
[INFO] 
[INFO] --- compiler:3.11.0:testCompile (default-testCompile) @ bedrock-strategy ---
[INFO] Changes detected - recompiling the module! :dependency
[INFO] 
[INFO] --- surefire:3.2.5:test (default-test) @ bedrock-strategy ---
[INFO] 
[INFO] -------------------< com.bedrock.mm:bedrock-adapter >-------------------
[INFO] Building Bedrock Trading Adapter 1.0.0-SNAPSHOT                  [11/12]
[INFO]   from bedrock-adapter/pom.xml
[INFO] --------------------------------[ jar ]---------------------------------
[INFO] 
[INFO] --- resources:3.3.1:resources (default-resources) @ bedrock-adapter ---
[INFO] skip non existing resourceDirectory /Users/kaymen/workspace/pixu-master/bedrock-adapter/src/main/resources
[INFO] 
[INFO] --- compiler:3.11.0:compile (default-compile) @ bedrock-adapter ---
[INFO] Changes detected - recompiling the module! :dependency
[INFO] Compiling 7 source files with javac [debug release 21] to target/classes
[INFO] 
[INFO] --- resources:3.3.1:testResources (default-testResources) @ bedrock-adapter ---
[INFO] skip non existing resourceDirectory /Users/kaymen/workspace/pixu-master/bedrock-adapter/src/test/resources
[INFO] 
[INFO] --- compiler:3.11.0:testCompile (default-testCompile) @ bedrock-adapter ---
[INFO] No sources to compile
[INFO] 
[INFO] --- surefire:3.2.5:test (default-test) @ bedrock-adapter ---
[INFO] No tests to run.
[INFO] 
[INFO] ---------------------< com.bedrock.mm:bedrock-app >---------------------
[INFO] Building Bedrock Application 1.0.0-SNAPSHOT                      [12/12]
[INFO]   from bedrock-app/pom.xml
[INFO] --------------------------------[ jar ]---------------------------------
[INFO] 
[INFO] --- resources:3.3.1:resources (default-resources) @ bedrock-app ---
[INFO] Copying 1 resource from src/main/resources to target/classes
[INFO] 
[INFO] --- compiler:3.11.0:compile (default-compile) @ bedrock-app ---
[INFO] Changes detected - recompiling the module! :dependency
[INFO] Compiling 23 source files with javac [debug release 21] to target/classes
[INFO] 
[INFO] --- resources:3.3.1:testResources (default-testResources) @ bedrock-app ---
[INFO] Copying 1 resource from src/test/resources to target/test-classes
[INFO] 
[INFO] --- compiler:3.11.0:testCompile (default-testCompile) @ bedrock-app ---
[INFO] Changes detected - recompiling the module! :dependency
[INFO] Compiling 6 source files with javac [debug release 21] to target/test-classes
[INFO] 
[INFO] --- surefire:3.2.5:test (default-test) @ bedrock-app ---
[INFO] Using auto detected provider org.apache.maven.surefire.junitplatform.JUnitPlatformProvider
[INFO] 
[INFO] -------------------------------------------------------
[INFO]  T E S T S
[INFO] -------------------------------------------------------
[INFO] Running com.bedrock.mm.app.runtime.bus.OmsBusConsumerTest
10:21:30.550 [main] WARN com.bedrock.mm.app.runtime.bus.OmsBusConsumer -- OmsBusConsumer[BTCUSDT]: failed to process QUOTE_TARGET: java.lang.RuntimeException: com.fasterxml.jackson.core.JsonParseException: Illegal character ((CTRL-CHAR, code 1)): only regular white space (\r, \n, \t) is allowed between tokens
 at [Source: (byte[])"\u0001\u0002\u0003"; line: 1, column: 2]
[INFO] Tests run: 8, Failures: 0, Errors: 0, Skipped: 0, Time elapsed: 0.166 s -- in com.bedrock.mm.app.runtime.bus.OmsBusConsumerTest
[INFO] Running com.bedrock.mm.app.runtime.bus.OmsUnifiedBusOrderingIntegrationTest
10:21:30.677 [main] INFO com.bedrock.mm.app.runtime.bus.OmsCoordinator -- OmsCoordinator: no-op ExecGateway for BTCUSDT (instrId=1, exchange=simulation, credsPresent=false)
10:21:30.677 [main] INFO com.bedrock.mm.app.runtime.bus.OmsCoordinator -- OmsCoordinator: registered consumer for BTCUSDT on unified bus (instrId=1)
10:21:30.677 [main] INFO com.bedrock.mm.app.runtime.bus.OmsCoordinator -- OmsCoordinator: started 1 instruments
10:21:30.705 [main] INFO com.bedrock.mm.app.runtime.bus.OmsCoordinator -- OmsCoordinator: stopped
10:21:30.710 [main] INFO com.bedrock.mm.app.runtime.bus.OmsCoordinator -- OmsCoordinator: no-op ExecGateway for BTCUSDT (instrId=1, exchange=simulation, credsPresent=false)
10:21:30.710 [main] INFO com.bedrock.mm.app.runtime.bus.OmsCoordinator -- OmsCoordinator: registered consumer for BTCUSDT on unified bus (instrId=1)
10:21:30.710 [main] INFO com.bedrock.mm.app.runtime.bus.OmsCoordinator -- OmsCoordinator: started 1 instruments
10:21:30.712 [main] INFO com.bedrock.mm.app.runtime.bus.OmsCoordinator -- OmsCoordinator: stopped
10:21:30.717 [main] INFO com.bedrock.mm.app.runtime.bus.OmsCoordinator -- OmsCoordinator: no-op ExecGateway for BTCUSDT (instrId=1, exchange=simulation, credsPresent=false)
10:21:30.717 [main] INFO com.bedrock.mm.app.runtime.bus.OmsCoordinator -- OmsCoordinator: registered consumer for BTCUSDT on unified bus (instrId=1)
10:21:30.717 [main] INFO com.bedrock.mm.app.runtime.bus.OmsCoordinator -- OmsCoordinator: started 1 instruments
10:21:30.719 [main] INFO com.bedrock.mm.app.runtime.bus.OmsCoordinator -- OmsCoordinator: stopped
[INFO] Tests run: 3, Failures: 0, Errors: 0, Skipped: 0, Time elapsed: 0.157 s -- in com.bedrock.mm.app.runtime.bus.OmsUnifiedBusOrderingIntegrationTest
[INFO] Running com.bedrock.mm.app.runtime.bus.OmsCoordinatorTest
10:21:30.726 [main] INFO com.bedrock.mm.app.runtime.bus.OmsCoordinator -- OmsCoordinator: no-op ExecGateway for BTCUSDT (instrId=1, exchange=simulation, credsPresent=false)
10:21:30.726 [main] WARN com.bedrock.mm.app.runtime.bus.OmsCoordinator -- OmsCoordinator: no event bus available for BTCUSDT
10:21:30.726 [main] INFO com.bedrock.mm.app.runtime.bus.OmsCoordinator -- OmsCoordinator: no-op ExecGateway for ETHUSDT (instrId=2, exchange=simulation, credsPresent=false)
10:21:30.726 [main] WARN com.bedrock.mm.app.runtime.bus.OmsCoordinator -- OmsCoordinator: no event bus available for ETHUSDT
10:21:30.726 [main] INFO com.bedrock.mm.app.runtime.bus.OmsCoordinator -- OmsCoordinator: started 2 instruments
10:21:30.726 [main] INFO com.bedrock.mm.app.runtime.bus.OmsCoordinator -- OmsCoordinator: stopped
10:21:30.727 [main] INFO com.bedrock.mm.app.runtime.bus.OmsCoordinator -- OmsCoordinator: no-op ExecGateway for BTCUSDT (instrId=1, exchange=simulation, credsPresent=false)
10:21:30.727 [main] WARN com.bedrock.mm.app.runtime.bus.OmsCoordinator -- OmsCoordinator: no event bus available for BTCUSDT
10:21:30.727 [main] INFO com.bedrock.mm.app.runtime.bus.OmsCoordinator -- OmsCoordinator: started 1 instruments
10:21:30.727 [main] INFO com.bedrock.mm.app.runtime.bus.OmsCoordinator -- OmsCoordinator: no-op ExecGateway for BTCUSDT (instrId=1, exchange=simulation, credsPresent=false)
10:21:30.727 [main] WARN com.bedrock.mm.app.runtime.bus.OmsCoordinator -- OmsCoordinator: no event bus available for BTCUSDT
10:21:30.727 [main] INFO com.bedrock.mm.app.runtime.bus.OmsCoordinator -- OmsCoordinator: no-op ExecGateway for ETHUSDT (instrId=2, exchange=simulation, credsPresent=false)
10:21:30.727 [main] WARN com.bedrock.mm.app.runtime.bus.OmsCoordinator -- OmsCoordinator: no event bus available for ETHUSDT
10:21:30.727 [main] INFO com.bedrock.mm.app.runtime.bus.OmsCoordinator -- OmsCoordinator: started 2 instruments
10:21:30.728 [main] INFO com.bedrock.mm.app.runtime.bus.OmsCoordinator -- OmsCoordinator: no-op ExecGateway for BTCUSDT (instrId=1, exchange=simulation, credsPresent=false)
10:21:30.728 [main] WARN com.bedrock.mm.app.runtime.bus.OmsCoordinator -- OmsCoordinator: no event bus available for BTCUSDT
10:21:30.728 [main] INFO com.bedrock.mm.app.runtime.bus.OmsCoordinator -- OmsCoordinator: no-op ExecGateway for ETHUSDT (instrId=2, exchange=simulation, credsPresent=false)
10:21:30.728 [main] WARN com.bedrock.mm.app.runtime.bus.OmsCoordinator -- OmsCoordinator: no event bus available for ETHUSDT
10:21:30.728 [main] INFO com.bedrock.mm.app.runtime.bus.OmsCoordinator -- OmsCoordinator: started 2 instruments
10:21:30.729 [main] INFO com.bedrock.mm.app.runtime.bus.OmsCoordinator -- OmsCoordinator: no-op ExecGateway for BTCUSDT (instrId=1, exchange=simulation, credsPresent=false)
10:21:30.729 [main] WARN com.bedrock.mm.app.runtime.bus.OmsCoordinator -- OmsCoordinator: no event bus available for BTCUSDT
10:21:30.729 [main] INFO com.bedrock.mm.app.runtime.bus.OmsCoordinator -- OmsCoordinator: no-op ExecGateway for ETHUSDT (instrId=2, exchange=simulation, credsPresent=false)
10:21:30.729 [main] WARN com.bedrock.mm.app.runtime.bus.OmsCoordinator -- OmsCoordinator: no event bus available for ETHUSDT
10:21:30.729 [main] INFO com.bedrock.mm.app.runtime.bus.OmsCoordinator -- OmsCoordinator: started 2 instruments
10:21:30.730 [main] INFO com.bedrock.mm.app.runtime.bus.OmsCoordinator -- OmsCoordinator: no-op ExecGateway for BTCUSDT (instrId=1, exchange=simulation, credsPresent=false)
10:21:30.730 [main] WARN com.bedrock.mm.app.runtime.bus.OmsCoordinator -- OmsCoordinator: no event bus available for BTCUSDT
10:21:30.730 [main] INFO com.bedrock.mm.app.runtime.bus.OmsCoordinator -- OmsCoordinator: started 1 instruments
10:21:30.754 [main] INFO com.bedrock.mm.app.runtime.bus.OmsCoordinator -- OmsCoordinator: loaded 1 startup position snapshots from /var/folders/3w/h2kkzh1n6sxcpy21wpkfrxhw0000gn/T/oms-startup-position13110670855012273528.json
10:21:30.754 [main] INFO com.bedrock.mm.app.runtime.bus.OmsCoordinator -- OmsCoordinator: no-op ExecGateway for BTCUSDT (instrId=1, exchange=simulation, credsPresent=false)
10:21:30.754 [main] WARN com.bedrock.mm.app.runtime.bus.OmsCoordinator -- OmsCoordinator: no event bus available for BTCUSDT
10:21:30.754 [main] INFO com.bedrock.mm.app.runtime.bus.OmsCoordinator -- OmsCoordinator: applied startup position for BTCUSDT netPosition=125000000 avgEntryPrice=5012300000000
10:21:30.754 [main] INFO com.bedrock.mm.app.runtime.bus.OmsCoordinator -- OmsCoordinator: started 1 instruments
10:21:30.755 [main] INFO com.bedrock.mm.app.runtime.bus.OmsCoordinator -- OmsCoordinator: no symbols configured, skipping start
10:21:30.756 [main] INFO com.bedrock.mm.app.runtime.bus.OmsCoordinator -- OmsCoordinator: no-op ExecGateway for BTCUSDT (instrId=1, exchange=simulation, credsPresent=false)
10:21:30.756 [main] WARN com.bedrock.mm.app.runtime.bus.OmsCoordinator -- OmsCoordinator: no event bus available for BTCUSDT
10:21:30.756 [main] INFO com.bedrock.mm.app.runtime.bus.OmsCoordinator -- OmsCoordinator: started 1 instruments
10:21:30.756 [main] INFO com.bedrock.mm.app.runtime.bus.OmsCoordinator -- OmsCoordinator: no-op ExecGateway for BTCUSDT (instrId=1, exchange=simulation, credsPresent=false)
10:21:30.756 [main] WARN com.bedrock.mm.app.runtime.bus.OmsCoordinator -- OmsCoordinator: no event bus available for BTCUSDT
10:21:30.756 [main] INFO com.bedrock.mm.app.runtime.bus.OmsCoordinator -- OmsCoordinator: no-op ExecGateway for ETHUSDT (instrId=2, exchange=simulation, credsPresent=false)
10:21:30.756 [main] WARN com.bedrock.mm.app.runtime.bus.OmsCoordinator -- OmsCoordinator: no event bus available for ETHUSDT
10:21:30.756 [main] INFO com.bedrock.mm.app.runtime.bus.OmsCoordinator -- OmsCoordinator: started 2 instruments
10:21:30.756 [main] INFO com.bedrock.mm.app.runtime.bus.OmsCoordinator -- OmsCoordinator: stopped
10:21:30.757 [main] INFO com.bedrock.mm.app.runtime.bus.OmsCoordinator -- OmsCoordinator: no-op ExecGateway for BTCUSDT (instrId=1, exchange=simulation, credsPresent=false)
10:21:30.757 [main] WARN com.bedrock.mm.app.runtime.bus.OmsCoordinator -- OmsCoordinator: no event bus available for BTCUSDT
10:21:30.757 [main] INFO com.bedrock.mm.app.runtime.bus.OmsCoordinator -- OmsCoordinator: started 1 instruments
[INFO] Tests run: 11, Failures: 0, Errors: 0, Skipped: 0, Time elapsed: 0.036 s -- in com.bedrock.mm.app.runtime.bus.OmsCoordinatorTest
[INFO] 
[INFO] Results:
[INFO] 
[INFO] Tests run: 22, Failures: 0, Errors: 0, Skipped: 0
[INFO] 
[INFO] ------------------------------------------------------------------------
[INFO] Reactor Summary for Bedrock Market Making Infrastructure 1.0.0-SNAPSHOT:
[INFO] 
[INFO] Bedrock Market Making Infrastructure ............... SUCCESS [  0.001 s]
[INFO] Bedrock SBE Messages ............................... SUCCESS [  2.492 s]
[INFO] Bedrock Common ..................................... SUCCESS [  0.908 s]
[INFO] Bedrock Aeron Communication ........................ SUCCESS [  0.741 s]
[INFO] Bedrock Monitor .................................... SUCCESS [  0.442 s]
[INFO] Bedrock Market Data API ............................ SUCCESS [  0.198 s]
[INFO] Bedrock Market Data ................................ SUCCESS [  1.051 s]
[INFO] Bedrock OMS ........................................ SUCCESS [  0.694 s]
[INFO] Bedrock Pricing .................................... SUCCESS [  0.530 s]
[INFO] Bedrock Strategy ................................... SUCCESS [  0.479 s]
[INFO] Bedrock Trading Adapter ............................ SUCCESS [  0.695 s]
[INFO] Bedrock Application ................................ SUCCESS [  2.751 s]
[INFO] ------------------------------------------------------------------------
[INFO] BUILD SUCCESS
[INFO] ------------------------------------------------------------------------
[INFO] Total time:  11.097 s
[INFO] Finished at: 2026-03-08T10:21:30+08:00
[INFO] ------------------------------------------------------------------------
[SUCCESS] Phase C gate passed
