[INFO] Using existing executable jar: /Users/kaymen/workspace/pixu-master/bedrock-app/target/bedrock-app-1.0.0-SNAPSHOT.jar
[INFO] Starting Phase 6 topology for smoke test...
[INFO] Force restart requested. Stopping existing phase6 instances...
[0;34m[INFO][0m Stopping Bedrock Market Making System...
[0;34m[INFO][0m PID file not found for instance 'monitor'
[0;34m[INFO][0m No running process found for instance 'monitor'
[0;32m[SUCCESS][0m Bedrock application stopped successfully
[0;34m[INFO][0m Stopping Bedrock Market Making System...
[0;34m[INFO][0m PID file not found for instance 'oms'
[0;34m[INFO][0m No running process found for instance 'oms'
[0;32m[SUCCESS][0m Bedrock application stopped successfully
[0;34m[INFO][0m Stopping Bedrock Market Making System...
[0;34m[INFO][0m PID file not found for instance 'pricing'
[0;34m[INFO][0m No running process found for instance 'pricing'
[0;32m[SUCCESS][0m Bedrock application stopped successfully
[0;34m[INFO][0m Stopping Bedrock Market Making System...
[0;34m[INFO][0m PID file not found for instance 'mds'
[0;34m[INFO][0m No running process found for instance 'mds'
[0;32m[SUCCESS][0m Bedrock application stopped successfully
[INFO] Phase 6 topology stopped.
[INFO] Launching Phase 6 topology with bus mode=AERON_IPC streamId=9000
[INFO] Starting instance 'mds'...
[0;34m[INFO][0m Starting Bedrock Market Making System...
[0;34m[INFO][0m Profile: development
[0;34m[INFO][0m Mode: MARKET_DATA_ONLY
[0;34m[INFO][0m Server Port: 18080
[0;34m[INFO][0m Management Port: 19080
[0;34m[INFO][0m Instance Name: mds
[0;34m[INFO][0m Monitor Enabled: false
[0;34m[INFO][0m Bus Mode: AERON_IPC
[0;34m[INFO][0m Bus StreamId: 9000
[0;34m[INFO][0m Bus Endpoint: aeron:udp?endpoint=localhost:40200
[0;34m[INFO][0m JVM Options: -Xmx2g -Xms1g -XX:+UseZGC -XX:MaxGCPauseMillis=1 -XX:+AlwaysPreTouch -XX:+DisableExplicitGC   --add-opens java.base/java.lang.reflect=ALL-UNNAMED   --add-opens java.base/java.nio=ALL-UNNAMED   --add-opens java.base/sun.nio.ch=ALL-UNNAMED   --add-opens java.base/java.lang=ALL-UNNAMED   --add-opens java.base/java.util=ALL-UNNAMED   --add-opens java.base/java.util.concurrent=ALL-UNNAMED   --add-opens java.base/java.util.concurrent.atomic=ALL-UNNAMED   --add-opens java.base/java.util.concurrent.locks=ALL-UNNAMED   --add-opens java.base/java.io=ALL-UNNAMED   --add-opens java.base/java.net=ALL-UNNAMED   --add-opens java.base/sun.security.util=ALL-UNNAMED   --add-opens java.base/sun.net.util=ALL-UNNAMED   --add-opens java.base/java.time=ALL-UNNAMED   --add-opens java.base/java.text=ALL-UNNAMED   --add-opens java.base/java.math=ALL-UNNAMED   --add-opens java.base/java.security=ALL-UNNAMED   --add-opens java.base/java.security.cert=ALL-UNNAMED   --add-opens java.base/javax.net.ssl=ALL-UNNAMED   --add-exports java.base/sun.nio.ch=ALL-UNNAMED   --add-exports java.base/jdk.internal.ref=ALL-UNNAMED   --add-exports java.base/sun.security.action=ALL-UNNAMED -Dbedrock.bus.aeronDir=/tmp/aeron-bedrock-phase6 -Dbedrock.bus.embeddedMediaDriver=true -Dbedrock.bus.deleteAeronDirOnStart=true -Dbedrock.md.enabled=true -Dbedrock.md.binance.enabled=false -Dbedrock.md.bitget.enabled=false -Dbedrock.md.binance.private.enabled=false -Dbedrock.md.simulation.enabled=true -Dbedrock.pricing.enabled=false -Dbedrock.oms.enabled=false -Dbedrock.strategy.enabled=false -Dbedrock.adapter.enabled=false
[0;34m[INFO][0m Starting in background mode...
[0;32m[SUCCESS][0m Application started in background with PID: 31987
[0;34m[INFO][0m Logs: tail -f logs/mds.out
[0;34m[INFO][0m Stop: ./scripts/stop.sh --instance mds
[INFO] Starting instance 'pricing'...
[0;34m[INFO][0m Starting Bedrock Market Making System...
[0;34m[INFO][0m Profile: development
[0;34m[INFO][0m Mode: FULL
[0;34m[INFO][0m Server Port: 18081
[0;34m[INFO][0m Management Port: 19081
[0;34m[INFO][0m Instance Name: pricing
[0;34m[INFO][0m Monitor Enabled: false
[0;34m[INFO][0m Bus Mode: AERON_IPC
[0;34m[INFO][0m Bus StreamId: 9000
[0;34m[INFO][0m Bus Endpoint: aeron:udp?endpoint=localhost:40200
[0;34m[INFO][0m JVM Options: -Xmx2g -Xms1g -XX:+UseZGC -XX:MaxGCPauseMillis=1 -XX:+AlwaysPreTouch -XX:+DisableExplicitGC   --add-opens java.base/java.lang.reflect=ALL-UNNAMED   --add-opens java.base/java.nio=ALL-UNNAMED   --add-opens java.base/sun.nio.ch=ALL-UNNAMED   --add-opens java.base/java.lang=ALL-UNNAMED   --add-opens java.base/java.util=ALL-UNNAMED   --add-opens java.base/java.util.concurrent=ALL-UNNAMED   --add-opens java.base/java.util.concurrent.atomic=ALL-UNNAMED   --add-opens java.base/java.util.concurrent.locks=ALL-UNNAMED   --add-opens java.base/java.io=ALL-UNNAMED   --add-opens java.base/java.net=ALL-UNNAMED   --add-opens java.base/sun.security.util=ALL-UNNAMED   --add-opens java.base/sun.net.util=ALL-UNNAMED   --add-opens java.base/java.time=ALL-UNNAMED   --add-opens java.base/java.text=ALL-UNNAMED   --add-opens java.base/java.math=ALL-UNNAMED   --add-opens java.base/java.security=ALL-UNNAMED   --add-opens java.base/java.security.cert=ALL-UNNAMED   --add-opens java.base/javax.net.ssl=ALL-UNNAMED   --add-exports java.base/sun.nio.ch=ALL-UNNAMED   --add-exports java.base/jdk.internal.ref=ALL-UNNAMED   --add-exports java.base/sun.security.action=ALL-UNNAMED -Dbedrock.bus.aeronDir=/tmp/aeron-bedrock-phase6 -Dbedrock.bus.embeddedMediaDriver=false -Dbedrock.bus.deleteAeronDirOnStart=false -Dbedrock.md.enabled=false -Dbedrock.pricing.enabled=true -Dbedrock.oms.enabled=false -Dbedrock.strategy.enabled=false -Dbedrock.adapter.enabled=false
[0;34m[INFO][0m Starting in background mode...
[0;32m[SUCCESS][0m Application started in background with PID: 32011
[0;34m[INFO][0m Logs: tail -f logs/pricing.out
[0;34m[INFO][0m Stop: ./scripts/stop.sh --instance pricing
[INFO] Starting instance 'oms'...
[0;34m[INFO][0m Starting Bedrock Market Making System...
[0;34m[INFO][0m Profile: development
[0;34m[INFO][0m Mode: FULL
[0;34m[INFO][0m Server Port: 18082
[0;34m[INFO][0m Management Port: 19082
[0;34m[INFO][0m Instance Name: oms
[0;34m[INFO][0m Monitor Enabled: false
[0;34m[INFO][0m Bus Mode: AERON_IPC
[0;34m[INFO][0m Bus StreamId: 9000
[0;34m[INFO][0m Bus Endpoint: aeron:udp?endpoint=localhost:40200
[0;34m[INFO][0m JVM Options: -Xmx2g -Xms1g -XX:+UseZGC -XX:MaxGCPauseMillis=1 -XX:+AlwaysPreTouch -XX:+DisableExplicitGC   --add-opens java.base/java.lang.reflect=ALL-UNNAMED   --add-opens java.base/java.nio=ALL-UNNAMED   --add-opens java.base/sun.nio.ch=ALL-UNNAMED   --add-opens java.base/java.lang=ALL-UNNAMED   --add-opens java.base/java.util=ALL-UNNAMED   --add-opens java.base/java.util.concurrent=ALL-UNNAMED   --add-opens java.base/java.util.concurrent.atomic=ALL-UNNAMED   --add-opens java.base/java.util.concurrent.locks=ALL-UNNAMED   --add-opens java.base/java.io=ALL-UNNAMED   --add-opens java.base/java.net=ALL-UNNAMED   --add-opens java.base/sun.security.util=ALL-UNNAMED   --add-opens java.base/sun.net.util=ALL-UNNAMED   --add-opens java.base/java.time=ALL-UNNAMED   --add-opens java.base/java.text=ALL-UNNAMED   --add-opens java.base/java.math=ALL-UNNAMED   --add-opens java.base/java.security=ALL-UNNAMED   --add-opens java.base/java.security.cert=ALL-UNNAMED   --add-opens java.base/javax.net.ssl=ALL-UNNAMED   --add-exports java.base/sun.nio.ch=ALL-UNNAMED   --add-exports java.base/jdk.internal.ref=ALL-UNNAMED   --add-exports java.base/sun.security.action=ALL-UNNAMED -Dbedrock.bus.aeronDir=/tmp/aeron-bedrock-phase6 -Dbedrock.bus.embeddedMediaDriver=false -Dbedrock.bus.deleteAeronDirOnStart=false -Dbedrock.md.enabled=false -Dbedrock.pricing.enabled=false -Dbedrock.oms.enabled=true -Dbedrock.oms.exchange=simulation -Dbedrock.strategy.enabled=false -Dbedrock.adapter.enabled=false
[0;34m[INFO][0m Starting in background mode...
[0;32m[SUCCESS][0m Application started in background with PID: 32030
[0;34m[INFO][0m Logs: tail -f logs/oms.out
[0;34m[INFO][0m Stop: ./scripts/stop.sh --instance oms
[INFO] Starting instance 'monitor'...
[0;34m[INFO][0m Starting Bedrock Market Making System...
[0;34m[INFO][0m Profile: development
[0;34m[INFO][0m Mode: FULL
[0;34m[INFO][0m Server Port: 18083
[0;34m[INFO][0m Management Port: 19083
[0;34m[INFO][0m Instance Name: monitor
[0;34m[INFO][0m Monitor Enabled: true
[0;34m[INFO][0m Bus Mode: AERON_IPC
[0;34m[INFO][0m Bus StreamId: 9000
[0;34m[INFO][0m Bus Endpoint: aeron:udp?endpoint=localhost:40200
[0;34m[INFO][0m JVM Options: -Xmx2g -Xms1g -XX:+UseZGC -XX:MaxGCPauseMillis=1 -XX:+AlwaysPreTouch -XX:+DisableExplicitGC   --add-opens java.base/java.lang.reflect=ALL-UNNAMED   --add-opens java.base/java.nio=ALL-UNNAMED   --add-opens java.base/sun.nio.ch=ALL-UNNAMED   --add-opens java.base/java.lang=ALL-UNNAMED   --add-opens java.base/java.util=ALL-UNNAMED   --add-opens java.base/java.util.concurrent=ALL-UNNAMED   --add-opens java.base/java.util.concurrent.atomic=ALL-UNNAMED   --add-opens java.base/java.util.concurrent.locks=ALL-UNNAMED   --add-opens java.base/java.io=ALL-UNNAMED   --add-opens java.base/java.net=ALL-UNNAMED   --add-opens java.base/sun.security.util=ALL-UNNAMED   --add-opens java.base/sun.net.util=ALL-UNNAMED   --add-opens java.base/java.time=ALL-UNNAMED   --add-opens java.base/java.text=ALL-UNNAMED   --add-opens java.base/java.math=ALL-UNNAMED   --add-opens java.base/java.security=ALL-UNNAMED   --add-opens java.base/java.security.cert=ALL-UNNAMED   --add-opens java.base/javax.net.ssl=ALL-UNNAMED   --add-exports java.base/sun.nio.ch=ALL-UNNAMED   --add-exports java.base/jdk.internal.ref=ALL-UNNAMED   --add-exports java.base/sun.security.action=ALL-UNNAMED -Dbedrock.bus.aeronDir=/tmp/aeron-bedrock-phase6 -Dbedrock.bus.embeddedMediaDriver=false -Dbedrock.bus.deleteAeronDirOnStart=false -Dbedrock.md.enabled=false -Dbedrock.pricing.enabled=false -Dbedrock.oms.enabled=false -Dbedrock.strategy.enabled=false -Dbedrock.adapter.enabled=false
[0;34m[INFO][0m Starting in background mode...
[0;32m[SUCCESS][0m Application started in background with PID: 32051
[0;34m[INFO][0m Logs: tail -f logs/monitor.out
[0;34m[INFO][0m Stop: ./scripts/stop.sh --instance monitor
[INFO] Phase 6 topology started.
[INFO] PIDs: logs/mds.pid logs/pricing.pid logs/oms.pid logs/monitor.pid
[INFO] Logs: tail -f logs/mds.out logs/pricing.out logs/oms.out logs/monitor.out
[INFO] mds running with pid=31987
[INFO] pricing running with pid=32011
[INFO] oms running with pid=32030
[INFO] monitor running with pid=32051
[ERROR] mds process exited before health became UP (pid=31987)
[ERROR] Recent mds logs:
	at org.springframework.context.support.AbstractApplicationContext.refresh(AbstractApplicationContext.java:628)
	at org.springframework.boot.web.servlet.context.ServletWebServerApplicationContext.refresh(ServletWebServerApplicationContext.java:146)
	at org.springframework.boot.SpringApplication.refresh(SpringApplication.java:762)
	at org.springframework.boot.SpringApplication.refreshContext(SpringApplication.java:464)
	at org.springframework.boot.SpringApplication.run(SpringApplication.java:334)
	at org.springframework.boot.SpringApplication.run(SpringApplication.java:1358)
	at org.springframework.boot.SpringApplication.run(SpringApplication.java:1347)
	at com.bedrock.mm.app.BedrockApplication.main(BedrockApplication.java:30)
	at java.base/jdk.internal.reflect.DirectMethodHandleAccessor.invoke(DirectMethodHandleAccessor.java:103)
	at java.base/java.lang.reflect.Method.invoke(Method.java:580)
	at org.springframework.boot.loader.launch.Launcher.launch(Launcher.java:91)
	at org.springframework.boot.loader.launch.Launcher.launch(Launcher.java:53)
	at org.springframework.boot.loader.launch.JarLauncher.main(JarLauncher.java:58)
Caused by: org.springframework.boot.web.server.WebServerException: Unable to start embedded Tomcat server
	at org.springframework.boot.web.embedded.tomcat.TomcatWebServer.start(TomcatWebServer.java:249)
	at org.springframework.boot.web.servlet.context.WebServerStartStopLifecycle.start(WebServerStartStopLifecycle.java:44)
	at org.springframework.context.support.DefaultLifecycleProcessor.doStart(DefaultLifecycleProcessor.java:284)
	... 18 common frames omitted
Caused by: java.lang.IllegalArgumentException: standardService.connector.startFailed
	at org.apache.catalina.core.StandardService.addConnector(StandardService.java:235)
	at org.springframework.boot.web.embedded.tomcat.TomcatWebServer.addPreviouslyRemovedConnectors(TomcatWebServer.java:306)
	at org.springframework.boot.web.embedded.tomcat.TomcatWebServer.start(TomcatWebServer.java:234)
	... 20 common frames omitted
Caused by: org.apache.catalina.LifecycleException: Protocol handler start failed
	at org.apache.catalina.connector.Connector.startInternal(Connector.java:1046)
	at org.apache.catalina.util.LifecycleBase.start(LifecycleBase.java:171)
	at org.apache.catalina.core.StandardService.addConnector(StandardService.java:232)
	... 22 common frames omitted
Caused by: java.net.SocketException: Operation not permitted
	at java.base/sun.nio.ch.Net.bind0(Native Method)
	at java.base/sun.nio.ch.Net.bind(Net.java:565)
	at java.base/sun.nio.ch.ServerSocketChannelImpl.netBind(ServerSocketChannelImpl.java:344)
	at java.base/sun.nio.ch.ServerSocketChannelImpl.bind(ServerSocketChannelImpl.java:301)
	at org.apache.tomcat.util.net.NioEndpoint.initServerSocket(NioEndpoint.java:247)
	at org.apache.tomcat.util.net.NioEndpoint.bind(NioEndpoint.java:202)
	at org.apache.tomcat.util.net.AbstractEndpoint.bindWithCleanup(AbstractEndpoint.java:1280)
	at org.apache.tomcat.util.net.AbstractEndpoint.start(AbstractEndpoint.java:1366)
	at org.apache.coyote.AbstractProtocol.start(AbstractProtocol.java:635)
	at org.apache.catalina.connector.Connector.startInternal(Connector.java:1043)
	... 24 common frames omitted
[INFO] Stopping Phase 6 topology...
[0;34m[INFO][0m Stopping Bedrock Market Making System...
[1;33m[WARNING][0m Process with PID 32051 is not running
[0;32m[SUCCESS][0m Bedrock application stopped successfully
[0;34m[INFO][0m Stopping Bedrock Market Making System...
[1;33m[WARNING][0m Process with PID 32030 is not running
[0;32m[SUCCESS][0m Bedrock application stopped successfully
[0;34m[INFO][0m Stopping Bedrock Market Making System...
[1;33m[WARNING][0m Process with PID 32011 is not running
[0;32m[SUCCESS][0m Bedrock application stopped successfully
[0;34m[INFO][0m Stopping Bedrock Market Making System...
[1;33m[WARNING][0m Process with PID 31987 is not running
[0;32m[SUCCESS][0m Bedrock application stopped successfully
[INFO] Phase 6 topology stopped.
