2026-03-08 01:08:39.424 [main] INFO  c.bedrock.mm.app.BedrockApplication - Starting BedrockApplication using Java 21.0.8 with PID 55065 (/Users/kaymen/workspace/pixu-master/bedrock-app/target/bedrock-app-1.0.0-SNAPSHOT.jar started by kaymen in /Users/kaymen/workspace/pixu-master)
2026-03-08 01:08:39.425 [main] DEBUG c.bedrock.mm.app.BedrockApplication - Running with Spring Boot v3.2.1, Spring v6.1.2
2026-03-08 01:08:39.426 [main] INFO  c.bedrock.mm.app.BedrockApplication - The following 1 profile is active: "development"
2026-03-08 01:09:53.429 [main] INFO  c.bedrock.mm.app.BedrockApplication - Starting BedrockApplication using Java 21.0.8 with PID 56812 (/Users/kaymen/workspace/pixu-master/bedrock-app/target/bedrock-app-1.0.0-SNAPSHOT.jar started by kaymen in /Users/kaymen/workspace/pixu-master)
2026-03-08 01:09:53.431 [main] DEBUG c.bedrock.mm.app.BedrockApplication - Running with Spring Boot v3.2.1, Spring v6.1.2
2026-03-08 01:09:53.431 [main] INFO  c.bedrock.mm.app.BedrockApplication - The following 1 profile is active: "development"
2026-03-08 01:09:55.282 [main] INFO  o.a.catalina.core.StandardService - Starting service [Tomcat]
2026-03-08 01:09:55.282 [main] INFO  o.a.catalina.core.StandardEngine - Starting Servlet engine: [Apache Tomcat/10.1.17]
2026-03-08 01:09:55.310 [main] INFO  o.a.c.c.C.[.[localhost].[/api] - Initializing Spring embedded WebApplicationContext
2026-03-08 01:09:55.461 [main] INFO  c.b.m.a.c.BedrockAutoConfiguration - Created MonitorService with config: enabled=true
2026-03-08 01:09:55.466 [main] INFO  com.bedrock.mm.aeron.ChannelFactory - Registered channel provider InProc for mode IN_PROC
2026-03-08 01:09:55.466 [main] INFO  com.bedrock.mm.aeron.ChannelFactory - Registered channel provider Aeron for mode AERON_IPC
2026-03-08 01:09:55.466 [main] INFO  com.bedrock.mm.aeron.ChannelFactory - Registered channel provider Aeron for mode AERON_UDP
2026-03-08 01:09:55.466 [main] INFO  c.b.mm.aeron.AeronChannelProvider - Initializing Aeron channel provider
2026-03-08 01:09:55.476 [main] INFO  c.b.mm.aeron.AeronChannelProvider - Connected to Aeron at /tmp/aeron-bedrock-phase6
2026-03-08 01:09:55.499 [main] INFO  c.b.mm.aeron.AeronChannelPublisher - Created Aeron publisher for stream 9000 on channel aeron:ipc
2026-03-08 01:10:05.503 [main] WARN  o.s.b.w.s.c.AnnotationConfigServletWebServerApplicationContext - Exception encountered during context initialization - cancelling refresh attempt: org.springframework.beans.factory.UnsatisfiedDependencyException: Error creating bean with name 'applicationService' defined in URL [jar:nested:/Users/kaymen/workspace/pixu-master/bedrock-app/target/bedrock-app-1.0.0-SNAPSHOT.jar/!BOOT-INF/classes/!/com/bedrock/mm/app/runtime/lifecycle/ApplicationService.class]: Unsatisfied dependency expressed through constructor parameter 8: Error creating bean with name 'eventBusCoordinator' defined in URL [jar:nested:/Users/kaymen/workspace/pixu-master/bedrock-app/target/bedrock-app-1.0.0-SNAPSHOT.jar/!BOOT-INF/classes/!/com/bedrock/mm/app/runtime/bus/EventBusCoordinator.class]: Unsatisfied dependency expressed through constructor parameter 0: Error creating bean with name 'eventBus' defined in class path resource [com/bedrock/mm/app/config/EventBusConfiguration.class]: Failed to instantiate [com.bedrock.mm.aeron.bus.EventBus]: Factory method 'eventBus' threw exception with message: FATAL - no response from MediaDriver within 10000000000ns
2026-03-08 01:10:05.504 [main] INFO  c.bedrock.mm.monitor.MonitorService - Stopping monitoring service
2026-03-08 01:10:05.504 [main] INFO  c.bedrock.mm.monitor.MonitorService - Monitoring service stopped
2026-03-08 01:10:05.506 [main] INFO  o.a.catalina.core.StandardService - Stopping service [Tomcat]
2026-03-08 01:10:05.534 [main] ERROR o.s.boot.SpringApplication - Application run failed
org.springframework.beans.factory.UnsatisfiedDependencyException: Error creating bean with name 'applicationService' defined in URL [jar:nested:/Users/kaymen/workspace/pixu-master/bedrock-app/target/bedrock-app-1.0.0-SNAPSHOT.jar/!BOOT-INF/classes/!/com/bedrock/mm/app/runtime/lifecycle/ApplicationService.class]: Unsatisfied dependency expressed through constructor parameter 8: Error creating bean with name 'eventBusCoordinator' defined in URL [jar:nested:/Users/kaymen/workspace/pixu-master/bedrock-app/target/bedrock-app-1.0.0-SNAPSHOT.jar/!BOOT-INF/classes/!/com/bedrock/mm/app/runtime/bus/EventBusCoordinator.class]: Unsatisfied dependency expressed through constructor parameter 0: Error creating bean with name 'eventBus' defined in class path resource [com/bedrock/mm/app/config/EventBusConfiguration.class]: Failed to instantiate [com.bedrock.mm.aeron.bus.EventBus]: Factory method 'eventBus' threw exception with message: FATAL - no response from MediaDriver within 10000000000ns
	at org.springframework.beans.factory.support.ConstructorResolver.createArgumentArray(ConstructorResolver.java:802)
	at org.springframework.beans.factory.support.ConstructorResolver.autowireConstructor(ConstructorResolver.java:241)
	at org.springframework.beans.factory.support.AbstractAutowireCapableBeanFactory.autowireConstructor(AbstractAutowireCapableBeanFactory.java:1354)
	at org.springframework.beans.factory.support.AbstractAutowireCapableBeanFactory.createBeanInstance(AbstractAutowireCapableBeanFactory.java:1191)
	at org.springframework.beans.factory.support.AbstractAutowireCapableBeanFactory.doCreateBean(AbstractAutowireCapableBeanFactory.java:561)
	at org.springframework.beans.factory.support.AbstractAutowireCapableBeanFactory.createBean(AbstractAutowireCapableBeanFactory.java:521)
	at org.springframework.beans.factory.support.AbstractBeanFactory.lambda$doGetBean$0(AbstractBeanFactory.java:325)
	at org.springframework.beans.factory.support.DefaultSingletonBeanRegistry.getSingleton(DefaultSingletonBeanRegistry.java:234)
	at org.springframework.beans.factory.support.AbstractBeanFactory.doGetBean(AbstractBeanFactory.java:323)
	at org.springframework.beans.factory.support.AbstractBeanFactory.getBean(AbstractBeanFactory.java:199)
	at org.springframework.beans.factory.support.DefaultListableBeanFactory.preInstantiateSingletons(DefaultListableBeanFactory.java:975)
	at org.springframework.context.support.AbstractApplicationContext.finishBeanFactoryInitialization(AbstractApplicationContext.java:960)
	at org.springframework.context.support.AbstractApplicationContext.refresh(AbstractApplicationContext.java:625)
	at org.springframework.boot.web.servlet.context.ServletWebServerApplicationContext.refresh(ServletWebServerApplicationContext.java:146)
	at org.springframework.boot.SpringApplication.refresh(SpringApplication.java:762)
	at org.springframework.boot.SpringApplication.refreshContext(SpringApplication.java:464)
	at org.springframework.boot.SpringApplication.run(SpringApplication.java:334)
	at org.springframework.boot.SpringApplication.run(SpringApplication.java:1358)
	at org.springframework.boot.SpringApplication.run(SpringApplication.java:1347)
	at com.bedrock.mm.app.BedrockApplication.main(BedrockApplication.java:30)
	at java.base/jdk.internal.reflect.DirectMethodHandleAccessor.invoke(DirectMethodHandleAccessor.java:103)
	at java.base/java.lang.reflect.Method.invoke(Method.java:580)
	at org.springframework.boot.loader.launch.Launcher.launch(Launcher.java:91)
	at org.springframework.boot.loader.launch.Launcher.launch(Launcher.java:53)
	at org.springframework.boot.loader.launch.JarLauncher.main(JarLauncher.java:58)
Caused by: org.springframework.beans.factory.UnsatisfiedDependencyException: Error creating bean with name 'eventBusCoordinator' defined in URL [jar:nested:/Users/kaymen/workspace/pixu-master/bedrock-app/target/bedrock-app-1.0.0-SNAPSHOT.jar/!BOOT-INF/classes/!/com/bedrock/mm/app/runtime/bus/EventBusCoordinator.class]: Unsatisfied dependency expressed through constructor parameter 0: Error creating bean with name 'eventBus' defined in class path resource [com/bedrock/mm/app/config/EventBusConfiguration.class]: Failed to instantiate [com.bedrock.mm.aeron.bus.EventBus]: Factory method 'eventBus' threw exception with message: FATAL - no response from MediaDriver within 10000000000ns
	at org.springframework.beans.factory.support.ConstructorResolver.createArgumentArray(ConstructorResolver.java:802)
	at org.springframework.beans.factory.support.ConstructorResolver.autowireConstructor(ConstructorResolver.java:241)
	at org.springframework.beans.factory.support.AbstractAutowireCapableBeanFactory.autowireConstructor(AbstractAutowireCapableBeanFactory.java:1354)
	at org.springframework.beans.factory.support.AbstractAutowireCapableBeanFactory.createBeanInstance(AbstractAutowireCapableBeanFactory.java:1191)
	at org.springframework.beans.factory.support.AbstractAutowireCapableBeanFactory.doCreateBean(AbstractAutowireCapableBeanFactory.java:561)
	at org.springframework.beans.factory.support.AbstractAutowireCapableBeanFactory.createBean(AbstractAutowireCapableBeanFactory.java:521)
	at org.springframework.beans.factory.support.AbstractBeanFactory.lambda$doGetBean$0(AbstractBeanFactory.java:325)
	at org.springframework.beans.factory.support.DefaultSingletonBeanRegistry.getSingleton(DefaultSingletonBeanRegistry.java:234)
	at org.springframework.beans.factory.support.AbstractBeanFactory.doGetBean(AbstractBeanFactory.java:323)
	at org.springframework.beans.factory.support.AbstractBeanFactory.getBean(AbstractBeanFactory.java:199)
	at org.springframework.beans.factory.config.DependencyDescriptor.resolveCandidate(DependencyDescriptor.java:254)
	at org.springframework.beans.factory.support.DefaultListableBeanFactory.doResolveDependency(DefaultListableBeanFactory.java:1443)
	at org.springframework.beans.factory.support.DefaultListableBeanFactory.resolveDependency(DefaultListableBeanFactory.java:1353)
	at org.springframework.beans.factory.support.ConstructorResolver.resolveAutowiredArgument(ConstructorResolver.java:911)
	at org.springframework.beans.factory.support.ConstructorResolver.createArgumentArray(ConstructorResolver.java:789)
	... 24 common frames omitted
Caused by: org.springframework.beans.factory.BeanCreationException: Error creating bean with name 'eventBus' defined in class path resource [com/bedrock/mm/app/config/EventBusConfiguration.class]: Failed to instantiate [com.bedrock.mm.aeron.bus.EventBus]: Factory method 'eventBus' threw exception with message: FATAL - no response from MediaDriver within 10000000000ns
	at org.springframework.beans.factory.support.ConstructorResolver.instantiate(ConstructorResolver.java:655)
	at org.springframework.beans.factory.support.ConstructorResolver.instantiateUsingFactoryMethod(ConstructorResolver.java:643)
	at org.springframework.beans.factory.support.AbstractAutowireCapableBeanFactory.instantiateUsingFactoryMethod(AbstractAutowireCapableBeanFactory.java:1334)
	at org.springframework.beans.factory.support.AbstractAutowireCapableBeanFactory.createBeanInstance(AbstractAutowireCapableBeanFactory.java:1164)
	at org.springframework.beans.factory.support.AbstractAutowireCapableBeanFactory.doCreateBean(AbstractAutowireCapableBeanFactory.java:561)
	at org.springframework.beans.factory.support.AbstractAutowireCapableBeanFactory.createBean(AbstractAutowireCapableBeanFactory.java:521)
	at org.springframework.beans.factory.support.AbstractBeanFactory.lambda$doGetBean$0(AbstractBeanFactory.java:325)
	at org.springframework.beans.factory.support.DefaultSingletonBeanRegistry.getSingleton(DefaultSingletonBeanRegistry.java:234)
	at org.springframework.beans.factory.support.AbstractBeanFactory.doGetBean(AbstractBeanFactory.java:323)
	at org.springframework.beans.factory.support.AbstractBeanFactory.getBean(AbstractBeanFactory.java:199)
	at org.springframework.beans.factory.config.DependencyDescriptor.resolveCandidate(DependencyDescriptor.java:254)
	at org.springframework.beans.factory.support.DefaultListableBeanFactory.doResolveDependency(DefaultListableBeanFactory.java:1443)
	at org.springframework.beans.factory.support.DefaultListableBeanFactory.resolveDependency(DefaultListableBeanFactory.java:1353)
	at org.springframework.beans.factory.support.ConstructorResolver.resolveAutowiredArgument(ConstructorResolver.java:911)
	at org.springframework.beans.factory.support.ConstructorResolver.createArgumentArray(ConstructorResolver.java:789)
	... 38 common frames omitted
Caused by: org.springframework.beans.BeanInstantiationException: Failed to instantiate [com.bedrock.mm.aeron.bus.EventBus]: Factory method 'eventBus' threw exception with message: FATAL - no response from MediaDriver within 10000000000ns
	at org.springframework.beans.factory.support.SimpleInstantiationStrategy.instantiate(SimpleInstantiationStrategy.java:177)
	at org.springframework.beans.factory.support.ConstructorResolver.instantiate(ConstructorResolver.java:651)
	... 52 common frames omitted
Caused by: io.aeron.exceptions.DriverTimeoutException: FATAL - no response from MediaDriver within 10000000000ns
	at io.aeron.ClientConductor.awaitResponse(ClientConductor.java:1430)
	at io.aeron.ClientConductor.addSubscription(ClientConductor.java:661)
	at io.aeron.ClientConductor.addSubscription(ClientConductor.java:636)
	at io.aeron.Aeron.addSubscription(Aeron.java:369)
	at com.bedrock.mm.aeron.AeronChannelSubscriber.<init>(AeronChannelSubscriber.java:31)
	at com.bedrock.mm.aeron.AeronChannelProvider.lambda$createSubscriber$1(AeronChannelProvider.java:42)
	at java.base/java.util.concurrent.ConcurrentHashMap.computeIfAbsent(ConcurrentHashMap.java:1740)
	at com.bedrock.mm.aeron.AeronChannelProvider.createSubscriber(AeronChannelProvider.java:41)
	at com.bedrock.mm.aeron.ChannelFactory.createSubscriber(ChannelFactory.java:53)
	at com.bedrock.mm.aeron.bus.AeronEventBus.<init>(AeronEventBus.java:69)
	at com.bedrock.mm.app.config.EventBusConfiguration.eventBus(EventBusConfiguration.java:26)
	at com.bedrock.mm.app.config.EventBusConfiguration$$SpringCGLIB$$0.CGLIB$eventBus$1(<generated>)
	at com.bedrock.mm.app.config.EventBusConfiguration$$SpringCGLIB$$FastClass$$1.invoke(<generated>)
	at org.springframework.cglib.proxy.MethodProxy.invokeSuper(MethodProxy.java:258)
	at org.springframework.context.annotation.ConfigurationClassEnhancer$BeanMethodInterceptor.intercept(ConfigurationClassEnhancer.java:331)
	at com.bedrock.mm.app.config.EventBusConfiguration$$SpringCGLIB$$0.eventBus(<generated>)
	at java.base/jdk.internal.reflect.DirectMethodHandleAccessor.invoke(DirectMethodHandleAccessor.java:103)
	at java.base/java.lang.reflect.Method.invoke(Method.java:580)
	at org.springframework.beans.factory.support.SimpleInstantiationStrategy.instantiate(SimpleInstantiationStrategy.java:140)
	... 53 common frames omitted
2026-03-08 01:10:05.539 [main] ERROR c.bedrock.mm.app.BedrockApplication - Failed to start Bedrock application
org.springframework.beans.factory.UnsatisfiedDependencyException: Error creating bean with name 'applicationService' defined in URL [jar:nested:/Users/kaymen/workspace/pixu-master/bedrock-app/target/bedrock-app-1.0.0-SNAPSHOT.jar/!BOOT-INF/classes/!/com/bedrock/mm/app/runtime/lifecycle/ApplicationService.class]: Unsatisfied dependency expressed through constructor parameter 8: Error creating bean with name 'eventBusCoordinator' defined in URL [jar:nested:/Users/kaymen/workspace/pixu-master/bedrock-app/target/bedrock-app-1.0.0-SNAPSHOT.jar/!BOOT-INF/classes/!/com/bedrock/mm/app/runtime/bus/EventBusCoordinator.class]: Unsatisfied dependency expressed through constructor parameter 0: Error creating bean with name 'eventBus' defined in class path resource [com/bedrock/mm/app/config/EventBusConfiguration.class]: Failed to instantiate [com.bedrock.mm.aeron.bus.EventBus]: Factory method 'eventBus' threw exception with message: FATAL - no response from MediaDriver within 10000000000ns
	at org.springframework.beans.factory.support.ConstructorResolver.createArgumentArray(ConstructorResolver.java:802)
	at org.springframework.beans.factory.support.ConstructorResolver.autowireConstructor(ConstructorResolver.java:241)
	at org.springframework.beans.factory.support.AbstractAutowireCapableBeanFactory.autowireConstructor(AbstractAutowireCapableBeanFactory.java:1354)
	at org.springframework.beans.factory.support.AbstractAutowireCapableBeanFactory.createBeanInstance(AbstractAutowireCapableBeanFactory.java:1191)
	at org.springframework.beans.factory.support.AbstractAutowireCapableBeanFactory.doCreateBean(AbstractAutowireCapableBeanFactory.java:561)
	at org.springframework.beans.factory.support.AbstractAutowireCapableBeanFactory.createBean(AbstractAutowireCapableBeanFactory.java:521)
	at org.springframework.beans.factory.support.AbstractBeanFactory.lambda$doGetBean$0(AbstractBeanFactory.java:325)
	at org.springframework.beans.factory.support.DefaultSingletonBeanRegistry.getSingleton(DefaultSingletonBeanRegistry.java:234)
	at org.springframework.beans.factory.support.AbstractBeanFactory.doGetBean(AbstractBeanFactory.java:323)
	at org.springframework.beans.factory.support.AbstractBeanFactory.getBean(AbstractBeanFactory.java:199)
	at org.springframework.beans.factory.support.DefaultListableBeanFactory.preInstantiateSingletons(DefaultListableBeanFactory.java:975)
	at org.springframework.context.support.AbstractApplicationContext.finishBeanFactoryInitialization(AbstractApplicationContext.java:960)
	at org.springframework.context.support.AbstractApplicationContext.refresh(AbstractApplicationContext.java:625)
	at org.springframework.boot.web.servlet.context.ServletWebServerApplicationContext.refresh(ServletWebServerApplicationContext.java:146)
	at org.springframework.boot.SpringApplication.refresh(SpringApplication.java:762)
	at org.springframework.boot.SpringApplication.refreshContext(SpringApplication.java:464)
	at org.springframework.boot.SpringApplication.run(SpringApplication.java:334)
	at org.springframework.boot.SpringApplication.run(SpringApplication.java:1358)
	at org.springframework.boot.SpringApplication.run(SpringApplication.java:1347)
	at com.bedrock.mm.app.BedrockApplication.main(BedrockApplication.java:30)
	at java.base/jdk.internal.reflect.DirectMethodHandleAccessor.invoke(DirectMethodHandleAccessor.java:103)
	at java.base/java.lang.reflect.Method.invoke(Method.java:580)
	at org.springframework.boot.loader.launch.Launcher.launch(Launcher.java:91)
	at org.springframework.boot.loader.launch.Launcher.launch(Launcher.java:53)
	at org.springframework.boot.loader.launch.JarLauncher.main(JarLauncher.java:58)
Caused by: org.springframework.beans.factory.UnsatisfiedDependencyException: Error creating bean with name 'eventBusCoordinator' defined in URL [jar:nested:/Users/kaymen/workspace/pixu-master/bedrock-app/target/bedrock-app-1.0.0-SNAPSHOT.jar/!BOOT-INF/classes/!/com/bedrock/mm/app/runtime/bus/EventBusCoordinator.class]: Unsatisfied dependency expressed through constructor parameter 0: Error creating bean with name 'eventBus' defined in class path resource [com/bedrock/mm/app/config/EventBusConfiguration.class]: Failed to instantiate [com.bedrock.mm.aeron.bus.EventBus]: Factory method 'eventBus' threw exception with message: FATAL - no response from MediaDriver within 10000000000ns
	at org.springframework.beans.factory.support.ConstructorResolver.createArgumentArray(ConstructorResolver.java:802)
	at org.springframework.beans.factory.support.ConstructorResolver.autowireConstructor(ConstructorResolver.java:241)
	at org.springframework.beans.factory.support.AbstractAutowireCapableBeanFactory.autowireConstructor(AbstractAutowireCapableBeanFactory.java:1354)
	at org.springframework.beans.factory.support.AbstractAutowireCapableBeanFactory.createBeanInstance(AbstractAutowireCapableBeanFactory.java:1191)
	at org.springframework.beans.factory.support.AbstractAutowireCapableBeanFactory.doCreateBean(AbstractAutowireCapableBeanFactory.java:561)
	at org.springframework.beans.factory.support.AbstractAutowireCapableBeanFactory.createBean(AbstractAutowireCapableBeanFactory.java:521)
	at org.springframework.beans.factory.support.AbstractBeanFactory.lambda$doGetBean$0(AbstractBeanFactory.java:325)
	at org.springframework.beans.factory.support.DefaultSingletonBeanRegistry.getSingleton(DefaultSingletonBeanRegistry.java:234)
	at org.springframework.beans.factory.support.AbstractBeanFactory.doGetBean(AbstractBeanFactory.java:323)
	at org.springframework.beans.factory.support.AbstractBeanFactory.getBean(AbstractBeanFactory.java:199)
	at org.springframework.beans.factory.config.DependencyDescriptor.resolveCandidate(DependencyDescriptor.java:254)
	at org.springframework.beans.factory.support.DefaultListableBeanFactory.doResolveDependency(DefaultListableBeanFactory.java:1443)
	at org.springframework.beans.factory.support.DefaultListableBeanFactory.resolveDependency(DefaultListableBeanFactory.java:1353)
	at org.springframework.beans.factory.support.ConstructorResolver.resolveAutowiredArgument(ConstructorResolver.java:911)
	at org.springframework.beans.factory.support.ConstructorResolver.createArgumentArray(ConstructorResolver.java:789)
	... 24 common frames omitted
Caused by: org.springframework.beans.factory.BeanCreationException: Error creating bean with name 'eventBus' defined in class path resource [com/bedrock/mm/app/config/EventBusConfiguration.class]: Failed to instantiate [com.bedrock.mm.aeron.bus.EventBus]: Factory method 'eventBus' threw exception with message: FATAL - no response from MediaDriver within 10000000000ns
	at org.springframework.beans.factory.support.ConstructorResolver.instantiate(ConstructorResolver.java:655)
	at org.springframework.beans.factory.support.ConstructorResolver.instantiateUsingFactoryMethod(ConstructorResolver.java:643)
	at org.springframework.beans.factory.support.AbstractAutowireCapableBeanFactory.instantiateUsingFactoryMethod(AbstractAutowireCapableBeanFactory.java:1334)
	at org.springframework.beans.factory.support.AbstractAutowireCapableBeanFactory.createBeanInstance(AbstractAutowireCapableBeanFactory.java:1164)
	at org.springframework.beans.factory.support.AbstractAutowireCapableBeanFactory.doCreateBean(AbstractAutowireCapableBeanFactory.java:561)
	at org.springframework.beans.factory.support.AbstractAutowireCapableBeanFactory.createBean(AbstractAutowireCapableBeanFactory.java:521)
	at org.springframework.beans.factory.support.AbstractBeanFactory.lambda$doGetBean$0(AbstractBeanFactory.java:325)
	at org.springframework.beans.factory.support.DefaultSingletonBeanRegistry.getSingleton(DefaultSingletonBeanRegistry.java:234)
	at org.springframework.beans.factory.support.AbstractBeanFactory.doGetBean(AbstractBeanFactory.java:323)
	at org.springframework.beans.factory.support.AbstractBeanFactory.getBean(AbstractBeanFactory.java:199)
	at org.springframework.beans.factory.config.DependencyDescriptor.resolveCandidate(DependencyDescriptor.java:254)
	at org.springframework.beans.factory.support.DefaultListableBeanFactory.doResolveDependency(DefaultListableBeanFactory.java:1443)
	at org.springframework.beans.factory.support.DefaultListableBeanFactory.resolveDependency(DefaultListableBeanFactory.java:1353)
	at org.springframework.beans.factory.support.ConstructorResolver.resolveAutowiredArgument(ConstructorResolver.java:911)
	at org.springframework.beans.factory.support.ConstructorResolver.createArgumentArray(ConstructorResolver.java:789)
	... 38 common frames omitted
Caused by: org.springframework.beans.BeanInstantiationException: Failed to instantiate [com.bedrock.mm.aeron.bus.EventBus]: Factory method 'eventBus' threw exception with message: FATAL - no response from MediaDriver within 10000000000ns
	at org.springframework.beans.factory.support.SimpleInstantiationStrategy.instantiate(SimpleInstantiationStrategy.java:177)
	at org.springframework.beans.factory.support.ConstructorResolver.instantiate(ConstructorResolver.java:651)
	... 52 common frames omitted
Caused by: io.aeron.exceptions.DriverTimeoutException: FATAL - no response from MediaDriver within 10000000000ns
	at io.aeron.ClientConductor.awaitResponse(ClientConductor.java:1430)
	at io.aeron.ClientConductor.addSubscription(ClientConductor.java:661)
	at io.aeron.ClientConductor.addSubscription(ClientConductor.java:636)
	at io.aeron.Aeron.addSubscription(Aeron.java:369)
	at com.bedrock.mm.aeron.AeronChannelSubscriber.<init>(AeronChannelSubscriber.java:31)
	at com.bedrock.mm.aeron.AeronChannelProvider.lambda$createSubscriber$1(AeronChannelProvider.java:42)
	at java.base/java.util.concurrent.ConcurrentHashMap.computeIfAbsent(ConcurrentHashMap.java:1740)
	at com.bedrock.mm.aeron.AeronChannelProvider.createSubscriber(AeronChannelProvider.java:41)
	at com.bedrock.mm.aeron.ChannelFactory.createSubscriber(ChannelFactory.java:53)
	at com.bedrock.mm.aeron.bus.AeronEventBus.<init>(AeronEventBus.java:69)
	at com.bedrock.mm.app.config.EventBusConfiguration.eventBus(EventBusConfiguration.java:26)
	at com.bedrock.mm.app.config.EventBusConfiguration$$SpringCGLIB$$0.CGLIB$eventBus$1(<generated>)
	at com.bedrock.mm.app.config.EventBusConfiguration$$SpringCGLIB$$FastClass$$1.invoke(<generated>)
	at org.springframework.cglib.proxy.MethodProxy.invokeSuper(MethodProxy.java:258)
	at org.springframework.context.annotation.ConfigurationClassEnhancer$BeanMethodInterceptor.intercept(ConfigurationClassEnhancer.java:331)
	at com.bedrock.mm.app.config.EventBusConfiguration$$SpringCGLIB$$0.eventBus(<generated>)
	at java.base/jdk.internal.reflect.DirectMethodHandleAccessor.invoke(DirectMethodHandleAccessor.java:103)
	at java.base/java.lang.reflect.Method.invoke(Method.java:580)
	at org.springframework.beans.factory.support.SimpleInstantiationStrategy.instantiate(SimpleInstantiationStrategy.java:140)
	... 53 common frames omitted
2026-03-08 01:13:02.365 [main] INFO  c.bedrock.mm.app.BedrockApplication - Starting BedrockApplication using Java 21.0.8 with PID 60575 (/Users/kaymen/workspace/pixu-master/bedrock-app/target/bedrock-app-1.0.0-SNAPSHOT.jar started by kaymen in /Users/kaymen/workspace/pixu-master)
2026-03-08 01:13:02.367 [main] DEBUG c.bedrock.mm.app.BedrockApplication - Running with Spring Boot v3.2.1, Spring v6.1.2
2026-03-08 01:13:02.367 [main] INFO  c.bedrock.mm.app.BedrockApplication - The following 1 profile is active: "development"
2026-03-08 01:13:03.519 [main] INFO  o.a.catalina.core.StandardService - Starting service [Tomcat]
2026-03-08 01:13:03.520 [main] INFO  o.a.catalina.core.StandardEngine - Starting Servlet engine: [Apache Tomcat/10.1.17]
2026-03-08 01:13:03.548 [main] INFO  o.a.c.c.C.[.[localhost].[/api] - Initializing Spring embedded WebApplicationContext
2026-03-08 01:13:03.675 [main] INFO  c.b.m.a.c.BedrockAutoConfiguration - Created MonitorService with config: enabled=true
2026-03-08 01:13:03.678 [main] INFO  com.bedrock.mm.aeron.ChannelFactory - Registered channel provider InProc for mode IN_PROC
2026-03-08 01:13:03.678 [main] INFO  com.bedrock.mm.aeron.ChannelFactory - Registered channel provider Aeron for mode AERON_IPC
2026-03-08 01:13:03.678 [main] INFO  com.bedrock.mm.aeron.ChannelFactory - Registered channel provider Aeron for mode AERON_UDP
2026-03-08 01:13:03.679 [main] INFO  c.b.mm.aeron.AeronChannelProvider - Initializing Aeron channel provider
2026-03-08 01:13:03.687 [main] INFO  c.b.mm.aeron.AeronChannelProvider - Connected to Aeron at /tmp/aeron-bedrock-phase6
2026-03-08 01:13:03.710 [main] INFO  c.b.mm.aeron.AeronChannelPublisher - Created Aeron publisher for stream 9000 on channel aeron:ipc
2026-03-08 01:13:03.720 [main] INFO  c.b.mm.aeron.AeronChannelSubscriber - Created Aeron subscriber for stream 9000 on channel aeron:ipc
2026-03-08 01:13:03.781 [main] INFO  c.b.m.a.c.BedrockAutoConfiguration - Configuration validation passed for Bedrock Market Making System v1.0.0 (development)
2026-03-08 01:13:03.819 [main] INFO  com.bedrock.mm.app.config.WebConfig - CORS enabled with origins: *
2026-03-08 01:13:04.293 [main] WARN  o.s.b.w.s.c.AnnotationConfigServletWebServerApplicationContext - Exception encountered during context initialization - cancelling refresh attempt: org.springframework.context.ApplicationContextException: Failed to start bean 'webServerStartStop'
2026-03-08 01:13:04.295 [main] INFO  c.b.mm.aeron.AeronChannelPublisher - Closing Aeron publisher for stream 9000
2026-03-08 01:13:04.295 [main] INFO  c.b.mm.aeron.AeronChannelSubscriber - Closing Aeron subscriber for stream 9000
2026-03-08 01:13:04.295 [main] INFO  c.bedrock.mm.monitor.MonitorService - Stopping monitoring service
2026-03-08 01:13:04.296 [main] INFO  c.bedrock.mm.monitor.MonitorService - Monitoring service stopped
2026-03-08 01:13:04.323 [main] ERROR o.s.boot.SpringApplication - Application run failed
org.springframework.context.ApplicationContextException: Failed to start bean 'webServerStartStop'
	at org.springframework.context.support.DefaultLifecycleProcessor.doStart(DefaultLifecycleProcessor.java:287)
	at org.springframework.context.support.DefaultLifecycleProcessor$LifecycleGroup.start(DefaultLifecycleProcessor.java:467)
	at java.base/java.lang.Iterable.forEach(Iterable.java:75)
	at org.springframework.context.support.DefaultLifecycleProcessor.startBeans(DefaultLifecycleProcessor.java:256)
	at org.springframework.context.support.DefaultLifecycleProcessor.onRefresh(DefaultLifecycleProcessor.java:201)
	at org.springframework.context.support.AbstractApplicationContext.finishRefresh(AbstractApplicationContext.java:979)
	at org.springframework.context.support.AbstractApplicationContext.refresh(AbstractApplicationContext.java:628)
	at org.springframework.boot.web.servlet.context.ServletWebServerApplicationContext.refresh(ServletWebServerApplicationContext.java:146)
	at org.springframework.boot.SpringApplication.refresh(SpringApplication.java:762)
	at org.springframework.boot.SpringApplication.refreshContext(SpringApplication.java:464)
	at org.springframework.boot.SpringApplication.run(SpringApplication.java:334)
	at org.springframework.boot.SpringApplication.run(SpringApplication.java:1358)
	at org.springframework.boot.SpringApplication.run(SpringApplication.java:1347)
	at com.bedrock.mm.app.BedrockApplication.main(BedrockApplication.java:30)
	at java.base/jdk.internal.reflect.DirectMethodHandleAccessor.invoke(DirectMethodHandleAccessor.java:103)
	at java.base/java.lang.reflect.Method.invoke(Method.java:580)
	at org.springframework.boot.loader.launch.Launcher.launch(Launcher.java:91)
	at org.springframework.boot.loader.launch.Launcher.launch(Launcher.java:53)
	at org.springframework.boot.loader.launch.JarLauncher.main(JarLauncher.java:58)
Caused by: org.springframework.boot.web.server.WebServerException: Unable to start embedded Tomcat server
	at org.springframework.boot.web.embedded.tomcat.TomcatWebServer.start(TomcatWebServer.java:249)
	at org.springframework.boot.web.servlet.context.WebServerStartStopLifecycle.start(WebServerStartStopLifecycle.java:44)
	at org.springframework.context.support.DefaultLifecycleProcessor.doStart(DefaultLifecycleProcessor.java:284)
	... 18 common frames omitted
Caused by: java.lang.IllegalArgumentException: standardService.connector.startFailed
	at org.apache.catalina.core.StandardService.addConnector(StandardService.java:235)
	at org.springframework.boot.web.embedded.tomcat.TomcatWebServer.addPreviouslyRemovedConnectors(TomcatWebServer.java:306)
	at org.springframework.boot.web.embedded.tomcat.TomcatWebServer.start(TomcatWebServer.java:234)
	... 20 common frames omitted
Caused by: org.apache.catalina.LifecycleException: Protocol handler start failed
	at org.apache.catalina.connector.Connector.startInternal(Connector.java:1046)
	at org.apache.catalina.util.LifecycleBase.start(LifecycleBase.java:171)
	at org.apache.catalina.core.StandardService.addConnector(StandardService.java:232)
	... 22 common frames omitted
Caused by: java.net.SocketException: Operation not permitted
	at java.base/sun.nio.ch.Net.bind0(Native Method)
	at java.base/sun.nio.ch.Net.bind(Net.java:565)
	at java.base/sun.nio.ch.ServerSocketChannelImpl.netBind(ServerSocketChannelImpl.java:344)
	at java.base/sun.nio.ch.ServerSocketChannelImpl.bind(ServerSocketChannelImpl.java:301)
	at org.apache.tomcat.util.net.NioEndpoint.initServerSocket(NioEndpoint.java:247)
	at org.apache.tomcat.util.net.NioEndpoint.bind(NioEndpoint.java:202)
	at org.apache.tomcat.util.net.AbstractEndpoint.bindWithCleanup(AbstractEndpoint.java:1280)
	at org.apache.tomcat.util.net.AbstractEndpoint.start(AbstractEndpoint.java:1366)
	at org.apache.coyote.AbstractProtocol.start(AbstractProtocol.java:635)
	at org.apache.catalina.connector.Connector.startInternal(Connector.java:1043)
	... 24 common frames omitted
2026-03-08 01:13:04.326 [main] ERROR c.bedrock.mm.app.BedrockApplication - Failed to start Bedrock application
org.springframework.context.ApplicationContextException: Failed to start bean 'webServerStartStop'
	at org.springframework.context.support.DefaultLifecycleProcessor.doStart(DefaultLifecycleProcessor.java:287)
	at org.springframework.context.support.DefaultLifecycleProcessor$LifecycleGroup.start(DefaultLifecycleProcessor.java:467)
	at java.base/java.lang.Iterable.forEach(Iterable.java:75)
	at org.springframework.context.support.DefaultLifecycleProcessor.startBeans(DefaultLifecycleProcessor.java:256)
	at org.springframework.context.support.DefaultLifecycleProcessor.onRefresh(DefaultLifecycleProcessor.java:201)
	at org.springframework.context.support.AbstractApplicationContext.finishRefresh(AbstractApplicationContext.java:979)
	at org.springframework.context.support.AbstractApplicationContext.refresh(AbstractApplicationContext.java:628)
	at org.springframework.boot.web.servlet.context.ServletWebServerApplicationContext.refresh(ServletWebServerApplicationContext.java:146)
	at org.springframework.boot.SpringApplication.refresh(SpringApplication.java:762)
	at org.springframework.boot.SpringApplication.refreshContext(SpringApplication.java:464)
	at org.springframework.boot.SpringApplication.run(SpringApplication.java:334)
	at org.springframework.boot.SpringApplication.run(SpringApplication.java:1358)
	at org.springframework.boot.SpringApplication.run(SpringApplication.java:1347)
	at com.bedrock.mm.app.BedrockApplication.main(BedrockApplication.java:30)
	at java.base/jdk.internal.reflect.DirectMethodHandleAccessor.invoke(DirectMethodHandleAccessor.java:103)
	at java.base/java.lang.reflect.Method.invoke(Method.java:580)
	at org.springframework.boot.loader.launch.Launcher.launch(Launcher.java:91)
	at org.springframework.boot.loader.launch.Launcher.launch(Launcher.java:53)
	at org.springframework.boot.loader.launch.JarLauncher.main(JarLauncher.java:58)
Caused by: org.springframework.boot.web.server.WebServerException: Unable to start embedded Tomcat server
	at org.springframework.boot.web.embedded.tomcat.TomcatWebServer.start(TomcatWebServer.java:249)
	at org.springframework.boot.web.servlet.context.WebServerStartStopLifecycle.start(WebServerStartStopLifecycle.java:44)
	at org.springframework.context.support.DefaultLifecycleProcessor.doStart(DefaultLifecycleProcessor.java:284)
	... 18 common frames omitted
Caused by: java.lang.IllegalArgumentException: standardService.connector.startFailed
	at org.apache.catalina.core.StandardService.addConnector(StandardService.java:235)
	at org.springframework.boot.web.embedded.tomcat.TomcatWebServer.addPreviouslyRemovedConnectors(TomcatWebServer.java:306)
	at org.springframework.boot.web.embedded.tomcat.TomcatWebServer.start(TomcatWebServer.java:234)
	... 20 common frames omitted
Caused by: org.apache.catalina.LifecycleException: Protocol handler start failed
	at org.apache.catalina.connector.Connector.startInternal(Connector.java:1046)
	at org.apache.catalina.util.LifecycleBase.start(LifecycleBase.java:171)
	at org.apache.catalina.core.StandardService.addConnector(StandardService.java:232)
	... 22 common frames omitted
Caused by: java.net.SocketException: Operation not permitted
	at java.base/sun.nio.ch.Net.bind0(Native Method)
	at java.base/sun.nio.ch.Net.bind(Net.java:565)
	at java.base/sun.nio.ch.ServerSocketChannelImpl.netBind(ServerSocketChannelImpl.java:344)
	at java.base/sun.nio.ch.ServerSocketChannelImpl.bind(ServerSocketChannelImpl.java:301)
	at org.apache.tomcat.util.net.NioEndpoint.initServerSocket(NioEndpoint.java:247)
	at org.apache.tomcat.util.net.NioEndpoint.bind(NioEndpoint.java:202)
	at org.apache.tomcat.util.net.AbstractEndpoint.bindWithCleanup(AbstractEndpoint.java:1280)
	at org.apache.tomcat.util.net.AbstractEndpoint.start(AbstractEndpoint.java:1366)
	at org.apache.coyote.AbstractProtocol.start(AbstractProtocol.java:635)
	at org.apache.catalina.connector.Connector.startInternal(Connector.java:1043)
	... 24 common frames omitted
2026-03-08 10:25:11.731 [main] INFO  c.bedrock.mm.app.BedrockApplication - Starting BedrockApplication using Java 21.0.8 with PID 97150 (/Users/kaymen/workspace/pixu-master/bedrock-app/target/bedrock-app-1.0.0-SNAPSHOT.jar started by kaymen in /Users/kaymen/workspace/pixu-master)
2026-03-08 10:25:11.732 [main] DEBUG c.bedrock.mm.app.BedrockApplication - Running with Spring Boot v3.2.1, Spring v6.1.2
2026-03-08 10:25:11.733 [main] INFO  c.bedrock.mm.app.BedrockApplication - The following 1 profile is active: "development"
2026-03-08 10:25:12.957 [main] INFO  o.a.catalina.core.StandardService - Starting service [Tomcat]
2026-03-08 10:25:12.958 [main] INFO  o.a.catalina.core.StandardEngine - Starting Servlet engine: [Apache Tomcat/10.1.17]
2026-03-08 10:25:12.987 [main] INFO  o.a.c.c.C.[.[localhost].[/api] - Initializing Spring embedded WebApplicationContext
2026-03-08 10:25:13.163 [main] INFO  c.b.m.a.c.BedrockAutoConfiguration - Created MonitorService with config: enabled=true
2026-03-08 10:25:13.170 [main] INFO  com.bedrock.mm.aeron.ChannelFactory - Registered channel provider InProc for mode IN_PROC
2026-03-08 10:25:13.171 [main] INFO  com.bedrock.mm.aeron.ChannelFactory - Registered channel provider Aeron for mode AERON_IPC
2026-03-08 10:25:13.171 [main] INFO  com.bedrock.mm.aeron.ChannelFactory - Registered channel provider Aeron for mode AERON_UDP
2026-03-08 10:25:13.171 [main] INFO  c.b.mm.aeron.AeronChannelProvider - Initializing Aeron channel provider
2026-03-08 10:25:13.193 [main] INFO  c.b.mm.aeron.AeronChannelProvider - Connected to Aeron at /tmp/aeron-bedrock-phase6
2026-03-08 10:25:13.203 [main] INFO  c.b.mm.aeron.AeronChannelPublisher - Created Aeron publisher for stream 9000 on channel aeron:ipc
2026-03-08 10:25:13.207 [main] INFO  c.b.mm.aeron.AeronChannelSubscriber - Created Aeron subscriber for stream 9000 on channel aeron:ipc
2026-03-08 10:25:13.319 [main] INFO  c.b.m.a.c.BedrockAutoConfiguration - Configuration validation passed for Bedrock Market Making System v1.0.0 (development)
2026-03-08 10:25:13.372 [main] INFO  com.bedrock.mm.app.config.WebConfig - CORS enabled with origins: *
2026-03-08 10:25:13.650 [main] WARN  o.s.b.w.s.c.AnnotationConfigServletWebServerApplicationContext - Exception encountered during context initialization - cancelling refresh attempt: org.springframework.context.ApplicationContextException: Failed to start bean 'webServerStartStop'
2026-03-08 10:25:13.651 [main] INFO  c.b.mm.aeron.AeronChannelPublisher - Closing Aeron publisher for stream 9000
2026-03-08 10:25:13.651 [main] INFO  c.b.mm.aeron.AeronChannelSubscriber - Closing Aeron subscriber for stream 9000
2026-03-08 10:25:13.651 [main] INFO  c.bedrock.mm.monitor.MonitorService - Stopping monitoring service
2026-03-08 10:25:13.651 [main] INFO  c.bedrock.mm.monitor.MonitorService - Monitoring service stopped
2026-03-08 10:25:13.672 [main] ERROR o.s.boot.SpringApplication - Application run failed
org.springframework.context.ApplicationContextException: Failed to start bean 'webServerStartStop'
	at org.springframework.context.support.DefaultLifecycleProcessor.doStart(DefaultLifecycleProcessor.java:287)
	at org.springframework.context.support.DefaultLifecycleProcessor$LifecycleGroup.start(DefaultLifecycleProcessor.java:467)
	at java.base/java.lang.Iterable.forEach(Iterable.java:75)
	at org.springframework.context.support.DefaultLifecycleProcessor.startBeans(DefaultLifecycleProcessor.java:256)
	at org.springframework.context.support.DefaultLifecycleProcessor.onRefresh(DefaultLifecycleProcessor.java:201)
	at org.springframework.context.support.AbstractApplicationContext.finishRefresh(AbstractApplicationContext.java:979)
	at org.springframework.context.support.AbstractApplicationContext.refresh(AbstractApplicationContext.java:628)
	at org.springframework.boot.web.servlet.context.ServletWebServerApplicationContext.refresh(ServletWebServerApplicationContext.java:146)
	at org.springframework.boot.SpringApplication.refresh(SpringApplication.java:762)
	at org.springframework.boot.SpringApplication.refreshContext(SpringApplication.java:464)
	at org.springframework.boot.SpringApplication.run(SpringApplication.java:334)
	at org.springframework.boot.SpringApplication.run(SpringApplication.java:1358)
	at org.springframework.boot.SpringApplication.run(SpringApplication.java:1347)
	at com.bedrock.mm.app.BedrockApplication.main(BedrockApplication.java:30)
	at java.base/jdk.internal.reflect.DirectMethodHandleAccessor.invoke(DirectMethodHandleAccessor.java:103)
	at java.base/java.lang.reflect.Method.invoke(Method.java:580)
	at org.springframework.boot.loader.launch.Launcher.launch(Launcher.java:91)
	at org.springframework.boot.loader.launch.Launcher.launch(Launcher.java:53)
	at org.springframework.boot.loader.launch.JarLauncher.main(JarLauncher.java:58)
Caused by: org.springframework.boot.web.server.WebServerException: Unable to start embedded Tomcat server
	at org.springframework.boot.web.embedded.tomcat.TomcatWebServer.start(TomcatWebServer.java:249)
	at org.springframework.boot.web.servlet.context.WebServerStartStopLifecycle.start(WebServerStartStopLifecycle.java:44)
	at org.springframework.context.support.DefaultLifecycleProcessor.doStart(DefaultLifecycleProcessor.java:284)
	... 18 common frames omitted
Caused by: java.lang.IllegalArgumentException: standardService.connector.startFailed
	at org.apache.catalina.core.StandardService.addConnector(StandardService.java:235)
	at org.springframework.boot.web.embedded.tomcat.TomcatWebServer.addPreviouslyRemovedConnectors(TomcatWebServer.java:306)
	at org.springframework.boot.web.embedded.tomcat.TomcatWebServer.start(TomcatWebServer.java:234)
	... 20 common frames omitted
Caused by: org.apache.catalina.LifecycleException: Protocol handler start failed
	at org.apache.catalina.connector.Connector.startInternal(Connector.java:1046)
	at org.apache.catalina.util.LifecycleBase.start(LifecycleBase.java:171)
	at org.apache.catalina.core.StandardService.addConnector(StandardService.java:232)
	... 22 common frames omitted
Caused by: java.net.SocketException: Operation not permitted
	at java.base/sun.nio.ch.Net.bind0(Native Method)
	at java.base/sun.nio.ch.Net.bind(Net.java:565)
	at java.base/sun.nio.ch.ServerSocketChannelImpl.netBind(ServerSocketChannelImpl.java:344)
	at java.base/sun.nio.ch.ServerSocketChannelImpl.bind(ServerSocketChannelImpl.java:301)
	at org.apache.tomcat.util.net.NioEndpoint.initServerSocket(NioEndpoint.java:247)
	at org.apache.tomcat.util.net.NioEndpoint.bind(NioEndpoint.java:202)
	at org.apache.tomcat.util.net.AbstractEndpoint.bindWithCleanup(AbstractEndpoint.java:1280)
	at org.apache.tomcat.util.net.AbstractEndpoint.start(AbstractEndpoint.java:1366)
	at org.apache.coyote.AbstractProtocol.start(AbstractProtocol.java:635)
	at org.apache.catalina.connector.Connector.startInternal(Connector.java:1043)
	... 24 common frames omitted
2026-03-08 10:25:13.674 [main] ERROR c.bedrock.mm.app.BedrockApplication - Failed to start Bedrock application
org.springframework.context.ApplicationContextException: Failed to start bean 'webServerStartStop'
	at org.springframework.context.support.DefaultLifecycleProcessor.doStart(DefaultLifecycleProcessor.java:287)
	at org.springframework.context.support.DefaultLifecycleProcessor$LifecycleGroup.start(DefaultLifecycleProcessor.java:467)
	at java.base/java.lang.Iterable.forEach(Iterable.java:75)
	at org.springframework.context.support.DefaultLifecycleProcessor.startBeans(DefaultLifecycleProcessor.java:256)
	at org.springframework.context.support.DefaultLifecycleProcessor.onRefresh(DefaultLifecycleProcessor.java:201)
	at org.springframework.context.support.AbstractApplicationContext.finishRefresh(AbstractApplicationContext.java:979)
	at org.springframework.context.support.AbstractApplicationContext.refresh(AbstractApplicationContext.java:628)
	at org.springframework.boot.web.servlet.context.ServletWebServerApplicationContext.refresh(ServletWebServerApplicationContext.java:146)
	at org.springframework.boot.SpringApplication.refresh(SpringApplication.java:762)
	at org.springframework.boot.SpringApplication.refreshContext(SpringApplication.java:464)
	at org.springframework.boot.SpringApplication.run(SpringApplication.java:334)
	at org.springframework.boot.SpringApplication.run(SpringApplication.java:1358)
	at org.springframework.boot.SpringApplication.run(SpringApplication.java:1347)
	at com.bedrock.mm.app.BedrockApplication.main(BedrockApplication.java:30)
	at java.base/jdk.internal.reflect.DirectMethodHandleAccessor.invoke(DirectMethodHandleAccessor.java:103)
	at java.base/java.lang.reflect.Method.invoke(Method.java:580)
	at org.springframework.boot.loader.launch.Launcher.launch(Launcher.java:91)
	at org.springframework.boot.loader.launch.Launcher.launch(Launcher.java:53)
	at org.springframework.boot.loader.launch.JarLauncher.main(JarLauncher.java:58)
Caused by: org.springframework.boot.web.server.WebServerException: Unable to start embedded Tomcat server
	at org.springframework.boot.web.embedded.tomcat.TomcatWebServer.start(TomcatWebServer.java:249)
	at org.springframework.boot.web.servlet.context.WebServerStartStopLifecycle.start(WebServerStartStopLifecycle.java:44)
	at org.springframework.context.support.DefaultLifecycleProcessor.doStart(DefaultLifecycleProcessor.java:284)
	... 18 common frames omitted
Caused by: java.lang.IllegalArgumentException: standardService.connector.startFailed
	at org.apache.catalina.core.StandardService.addConnector(StandardService.java:235)
	at org.springframework.boot.web.embedded.tomcat.TomcatWebServer.addPreviouslyRemovedConnectors(TomcatWebServer.java:306)
	at org.springframework.boot.web.embedded.tomcat.TomcatWebServer.start(TomcatWebServer.java:234)
	... 20 common frames omitted
Caused by: org.apache.catalina.LifecycleException: Protocol handler start failed
	at org.apache.catalina.connector.Connector.startInternal(Connector.java:1046)
	at org.apache.catalina.util.LifecycleBase.start(LifecycleBase.java:171)
	at org.apache.catalina.core.StandardService.addConnector(StandardService.java:232)
	... 22 common frames omitted
Caused by: java.net.SocketException: Operation not permitted
	at java.base/sun.nio.ch.Net.bind0(Native Method)
	at java.base/sun.nio.ch.Net.bind(Net.java:565)
	at java.base/sun.nio.ch.ServerSocketChannelImpl.netBind(ServerSocketChannelImpl.java:344)
	at java.base/sun.nio.ch.ServerSocketChannelImpl.bind(ServerSocketChannelImpl.java:301)
	at org.apache.tomcat.util.net.NioEndpoint.initServerSocket(NioEndpoint.java:247)
	at org.apache.tomcat.util.net.NioEndpoint.bind(NioEndpoint.java:202)
	at org.apache.tomcat.util.net.AbstractEndpoint.bindWithCleanup(AbstractEndpoint.java:1280)
	at org.apache.tomcat.util.net.AbstractEndpoint.start(AbstractEndpoint.java:1366)
	at org.apache.coyote.AbstractProtocol.start(AbstractProtocol.java:635)
	at org.apache.catalina.connector.Connector.startInternal(Connector.java:1043)
	... 24 common frames omitted
2026-03-08 10:28:00.941 [main] INFO  c.bedrock.mm.app.BedrockApplication - Starting BedrockApplication using Java 21.0.8 with PID 98509 (/Users/kaymen/workspace/pixu-master/bedrock-app/target/bedrock-app-1.0.0-SNAPSHOT.jar started by kaymen in /Users/kaymen/workspace/pixu-master)
2026-03-08 10:28:00.944 [main] DEBUG c.bedrock.mm.app.BedrockApplication - Running with Spring Boot v3.2.1, Spring v6.1.2
2026-03-08 10:28:00.944 [main] INFO  c.bedrock.mm.app.BedrockApplication - The following 1 profile is active: "development"
2026-03-08 10:28:02.228 [main] INFO  o.a.catalina.core.StandardService - Starting service [Tomcat]
2026-03-08 10:28:02.229 [main] INFO  o.a.catalina.core.StandardEngine - Starting Servlet engine: [Apache Tomcat/10.1.17]
2026-03-08 10:28:02.275 [main] INFO  o.a.c.c.C.[.[localhost].[/api] - Initializing Spring embedded WebApplicationContext
2026-03-08 10:28:02.502 [main] INFO  c.b.m.a.c.BedrockAutoConfiguration - Created MonitorService with config: enabled=true
2026-03-08 10:28:02.512 [main] INFO  com.bedrock.mm.aeron.ChannelFactory - Registered channel provider InProc for mode IN_PROC
2026-03-08 10:28:02.513 [main] INFO  com.bedrock.mm.aeron.ChannelFactory - Registered channel provider Aeron for mode AERON_IPC
2026-03-08 10:28:02.513 [main] INFO  com.bedrock.mm.aeron.ChannelFactory - Registered channel provider Aeron for mode AERON_UDP
2026-03-08 10:28:02.513 [main] INFO  c.b.mm.aeron.AeronChannelProvider - Initializing Aeron channel provider
2026-03-08 10:28:02.532 [main] INFO  c.b.mm.aeron.AeronChannelProvider - Connected to Aeron at /tmp/aeron-bedrock-phase6
2026-03-08 10:28:02.543 [main] INFO  c.b.mm.aeron.AeronChannelPublisher - Created Aeron publisher for stream 9000 on channel aeron:ipc
2026-03-08 10:28:02.548 [main] INFO  c.b.mm.aeron.AeronChannelSubscriber - Created Aeron subscriber for stream 9000 on channel aeron:ipc
2026-03-08 10:28:02.665 [main] INFO  c.b.m.a.c.BedrockAutoConfiguration - Configuration validation passed for Bedrock Market Making System v1.0.0 (development)
2026-03-08 10:28:02.706 [main] INFO  com.bedrock.mm.app.config.WebConfig - CORS enabled with origins: *
2026-03-08 10:28:03.008 [main] WARN  o.s.b.w.s.c.AnnotationConfigServletWebServerApplicationContext - Exception encountered during context initialization - cancelling refresh attempt: org.springframework.context.ApplicationContextException: Failed to start bean 'webServerStartStop'
2026-03-08 10:28:03.009 [main] INFO  c.b.mm.aeron.AeronChannelPublisher - Closing Aeron publisher for stream 9000
2026-03-08 10:28:03.009 [main] INFO  c.b.mm.aeron.AeronChannelSubscriber - Closing Aeron subscriber for stream 9000
2026-03-08 10:28:03.009 [main] INFO  c.bedrock.mm.monitor.MonitorService - Stopping monitoring service
2026-03-08 10:28:03.010 [main] INFO  c.bedrock.mm.monitor.MonitorService - Monitoring service stopped
2026-03-08 10:28:03.027 [main] ERROR o.s.boot.SpringApplication - Application run failed
org.springframework.context.ApplicationContextException: Failed to start bean 'webServerStartStop'
	at org.springframework.context.support.DefaultLifecycleProcessor.doStart(DefaultLifecycleProcessor.java:287)
	at org.springframework.context.support.DefaultLifecycleProcessor$LifecycleGroup.start(DefaultLifecycleProcessor.java:467)
	at java.base/java.lang.Iterable.forEach(Iterable.java:75)
	at org.springframework.context.support.DefaultLifecycleProcessor.startBeans(DefaultLifecycleProcessor.java:256)
	at org.springframework.context.support.DefaultLifecycleProcessor.onRefresh(DefaultLifecycleProcessor.java:201)
	at org.springframework.context.support.AbstractApplicationContext.finishRefresh(AbstractApplicationContext.java:979)
	at org.springframework.context.support.AbstractApplicationContext.refresh(AbstractApplicationContext.java:628)
	at org.springframework.boot.web.servlet.context.ServletWebServerApplicationContext.refresh(ServletWebServerApplicationContext.java:146)
	at org.springframework.boot.SpringApplication.refresh(SpringApplication.java:762)
	at org.springframework.boot.SpringApplication.refreshContext(SpringApplication.java:464)
	at org.springframework.boot.SpringApplication.run(SpringApplication.java:334)
	at org.springframework.boot.SpringApplication.run(SpringApplication.java:1358)
	at org.springframework.boot.SpringApplication.run(SpringApplication.java:1347)
	at com.bedrock.mm.app.BedrockApplication.main(BedrockApplication.java:30)
	at java.base/jdk.internal.reflect.DirectMethodHandleAccessor.invoke(DirectMethodHandleAccessor.java:103)
	at java.base/java.lang.reflect.Method.invoke(Method.java:580)
	at org.springframework.boot.loader.launch.Launcher.launch(Launcher.java:91)
	at org.springframework.boot.loader.launch.Launcher.launch(Launcher.java:53)
	at org.springframework.boot.loader.launch.JarLauncher.main(JarLauncher.java:58)
Caused by: org.springframework.boot.web.server.WebServerException: Unable to start embedded Tomcat server
	at org.springframework.boot.web.embedded.tomcat.TomcatWebServer.start(TomcatWebServer.java:249)
	at org.springframework.boot.web.servlet.context.WebServerStartStopLifecycle.start(WebServerStartStopLifecycle.java:44)
	at org.springframework.context.support.DefaultLifecycleProcessor.doStart(DefaultLifecycleProcessor.java:284)
	... 18 common frames omitted
Caused by: java.lang.IllegalArgumentException: standardService.connector.startFailed
	at org.apache.catalina.core.StandardService.addConnector(StandardService.java:235)
	at org.springframework.boot.web.embedded.tomcat.TomcatWebServer.addPreviouslyRemovedConnectors(TomcatWebServer.java:306)
	at org.springframework.boot.web.embedded.tomcat.TomcatWebServer.start(TomcatWebServer.java:234)
	... 20 common frames omitted
Caused by: org.apache.catalina.LifecycleException: Protocol handler start failed
	at org.apache.catalina.connector.Connector.startInternal(Connector.java:1046)
	at org.apache.catalina.util.LifecycleBase.start(LifecycleBase.java:171)
	at org.apache.catalina.core.StandardService.addConnector(StandardService.java:232)
	... 22 common frames omitted
Caused by: java.net.SocketException: Operation not permitted
	at java.base/sun.nio.ch.Net.bind0(Native Method)
	at java.base/sun.nio.ch.Net.bind(Net.java:565)
	at java.base/sun.nio.ch.ServerSocketChannelImpl.netBind(ServerSocketChannelImpl.java:344)
	at java.base/sun.nio.ch.ServerSocketChannelImpl.bind(ServerSocketChannelImpl.java:301)
	at org.apache.tomcat.util.net.NioEndpoint.initServerSocket(NioEndpoint.java:247)
	at org.apache.tomcat.util.net.NioEndpoint.bind(NioEndpoint.java:202)
	at org.apache.tomcat.util.net.AbstractEndpoint.bindWithCleanup(AbstractEndpoint.java:1280)
	at org.apache.tomcat.util.net.AbstractEndpoint.start(AbstractEndpoint.java:1366)
	at org.apache.coyote.AbstractProtocol.start(AbstractProtocol.java:635)
	at org.apache.catalina.connector.Connector.startInternal(Connector.java:1043)
	... 24 common frames omitted
2026-03-08 10:28:03.029 [main] ERROR c.bedrock.mm.app.BedrockApplication - Failed to start Bedrock application
org.springframework.context.ApplicationContextException: Failed to start bean 'webServerStartStop'
	at org.springframework.context.support.DefaultLifecycleProcessor.doStart(DefaultLifecycleProcessor.java:287)
	at org.springframework.context.support.DefaultLifecycleProcessor$LifecycleGroup.start(DefaultLifecycleProcessor.java:467)
	at java.base/java.lang.Iterable.forEach(Iterable.java:75)
	at org.springframework.context.support.DefaultLifecycleProcessor.startBeans(DefaultLifecycleProcessor.java:256)
	at org.springframework.context.support.DefaultLifecycleProcessor.onRefresh(DefaultLifecycleProcessor.java:201)
	at org.springframework.context.support.AbstractApplicationContext.finishRefresh(AbstractApplicationContext.java:979)
	at org.springframework.context.support.AbstractApplicationContext.refresh(AbstractApplicationContext.java:628)
	at org.springframework.boot.web.servlet.context.ServletWebServerApplicationContext.refresh(ServletWebServerApplicationContext.java:146)
	at org.springframework.boot.SpringApplication.refresh(SpringApplication.java:762)
	at org.springframework.boot.SpringApplication.refreshContext(SpringApplication.java:464)
	at org.springframework.boot.SpringApplication.run(SpringApplication.java:334)
	at org.springframework.boot.SpringApplication.run(SpringApplication.java:1358)
	at org.springframework.boot.SpringApplication.run(SpringApplication.java:1347)
	at com.bedrock.mm.app.BedrockApplication.main(BedrockApplication.java:30)
	at java.base/jdk.internal.reflect.DirectMethodHandleAccessor.invoke(DirectMethodHandleAccessor.java:103)
	at java.base/java.lang.reflect.Method.invoke(Method.java:580)
	at org.springframework.boot.loader.launch.Launcher.launch(Launcher.java:91)
	at org.springframework.boot.loader.launch.Launcher.launch(Launcher.java:53)
	at org.springframework.boot.loader.launch.JarLauncher.main(JarLauncher.java:58)
Caused by: org.springframework.boot.web.server.WebServerException: Unable to start embedded Tomcat server
	at org.springframework.boot.web.embedded.tomcat.TomcatWebServer.start(TomcatWebServer.java:249)
	at org.springframework.boot.web.servlet.context.WebServerStartStopLifecycle.start(WebServerStartStopLifecycle.java:44)
	at org.springframework.context.support.DefaultLifecycleProcessor.doStart(DefaultLifecycleProcessor.java:284)
	... 18 common frames omitted
Caused by: java.lang.IllegalArgumentException: standardService.connector.startFailed
	at org.apache.catalina.core.StandardService.addConnector(StandardService.java:235)
	at org.springframework.boot.web.embedded.tomcat.TomcatWebServer.addPreviouslyRemovedConnectors(TomcatWebServer.java:306)
	at org.springframework.boot.web.embedded.tomcat.TomcatWebServer.start(TomcatWebServer.java:234)
	... 20 common frames omitted
Caused by: org.apache.catalina.LifecycleException: Protocol handler start failed
	at org.apache.catalina.connector.Connector.startInternal(Connector.java:1046)
	at org.apache.catalina.util.LifecycleBase.start(LifecycleBase.java:171)
	at org.apache.catalina.core.StandardService.addConnector(StandardService.java:232)
	... 22 common frames omitted
Caused by: java.net.SocketException: Operation not permitted
	at java.base/sun.nio.ch.Net.bind0(Native Method)
	at java.base/sun.nio.ch.Net.bind(Net.java:565)
	at java.base/sun.nio.ch.ServerSocketChannelImpl.netBind(ServerSocketChannelImpl.java:344)
	at java.base/sun.nio.ch.ServerSocketChannelImpl.bind(ServerSocketChannelImpl.java:301)
	at org.apache.tomcat.util.net.NioEndpoint.initServerSocket(NioEndpoint.java:247)
	at org.apache.tomcat.util.net.NioEndpoint.bind(NioEndpoint.java:202)
	at org.apache.tomcat.util.net.AbstractEndpoint.bindWithCleanup(AbstractEndpoint.java:1280)
	at org.apache.tomcat.util.net.AbstractEndpoint.start(AbstractEndpoint.java:1366)
	at org.apache.coyote.AbstractProtocol.start(AbstractProtocol.java:635)
	at org.apache.catalina.connector.Connector.startInternal(Connector.java:1043)
	... 24 common frames omitted
2026-03-08 11:00:08.376 [main] INFO  c.bedrock.mm.app.BedrockApplication - Starting BedrockApplication using Java 21.0.8 with PID 28586 (/Users/kaymen/workspace/pixu-master/bedrock-app/target/bedrock-app-1.0.0-SNAPSHOT.jar started by kaymen in /Users/kaymen/workspace/pixu-master)
2026-03-08 11:00:08.377 [main] DEBUG c.bedrock.mm.app.BedrockApplication - Running with Spring Boot v3.2.1, Spring v6.1.2
2026-03-08 11:00:08.377 [main] INFO  c.bedrock.mm.app.BedrockApplication - The following 1 profile is active: "development"
2026-03-08 11:00:09.678 [main] INFO  o.a.catalina.core.StandardService - Starting service [Tomcat]
2026-03-08 11:00:09.679 [main] INFO  o.a.catalina.core.StandardEngine - Starting Servlet engine: [Apache Tomcat/10.1.17]
2026-03-08 11:00:09.700 [main] INFO  o.a.c.c.C.[.[localhost].[/api] - Initializing Spring embedded WebApplicationContext
2026-03-08 11:00:09.891 [main] INFO  c.b.m.a.c.BedrockAutoConfiguration - Created MonitorService with config: enabled=true
2026-03-08 11:00:09.904 [main] INFO  com.bedrock.mm.aeron.ChannelFactory - Registered channel provider InProc for mode IN_PROC
2026-03-08 11:00:09.904 [main] INFO  com.bedrock.mm.aeron.ChannelFactory - Registered channel provider Aeron for mode AERON_IPC
2026-03-08 11:00:09.904 [main] INFO  com.bedrock.mm.aeron.ChannelFactory - Registered channel provider Aeron for mode AERON_UDP
2026-03-08 11:00:09.905 [main] INFO  c.b.mm.aeron.AeronChannelProvider - Initializing Aeron channel provider
2026-03-08 11:00:09.932 [main] INFO  c.b.mm.aeron.AeronChannelProvider - Connected to Aeron at /tmp/aeron-bedrock-phase6
2026-03-08 11:00:09.949 [main] INFO  c.b.mm.aeron.AeronChannelPublisher - Created Aeron publisher for stream 9000 on channel aeron:ipc
2026-03-08 11:00:09.955 [main] INFO  c.b.mm.aeron.AeronChannelSubscriber - Created Aeron subscriber for stream 9000 on channel aeron:ipc
2026-03-08 11:00:10.035 [main] INFO  c.b.m.a.c.BedrockAutoConfiguration - Configuration validation passed for Bedrock Market Making System v1.0.0 (development)
2026-03-08 11:00:10.076 [main] INFO  com.bedrock.mm.app.config.WebConfig - CORS enabled with origins: *
2026-03-08 11:00:10.409 [main] WARN  o.s.b.w.s.c.AnnotationConfigServletWebServerApplicationContext - Exception encountered during context initialization - cancelling refresh attempt: org.springframework.context.ApplicationContextException: Failed to start bean 'webServerStartStop'
2026-03-08 11:00:10.409 [main] INFO  c.b.mm.aeron.AeronChannelPublisher - Closing Aeron publisher for stream 9000
2026-03-08 11:00:10.409 [main] INFO  c.b.mm.aeron.AeronChannelSubscriber - Closing Aeron subscriber for stream 9000
2026-03-08 11:00:10.410 [main] INFO  c.bedrock.mm.monitor.MonitorService - Stopping monitoring service
2026-03-08 11:00:10.410 [main] INFO  c.bedrock.mm.monitor.MonitorService - Monitoring service stopped
2026-03-08 11:00:10.428 [main] ERROR o.s.boot.SpringApplication - Application run failed
org.springframework.context.ApplicationContextException: Failed to start bean 'webServerStartStop'
	at org.springframework.context.support.DefaultLifecycleProcessor.doStart(DefaultLifecycleProcessor.java:287)
	at org.springframework.context.support.DefaultLifecycleProcessor$LifecycleGroup.start(DefaultLifecycleProcessor.java:467)
	at java.base/java.lang.Iterable.forEach(Iterable.java:75)
	at org.springframework.context.support.DefaultLifecycleProcessor.startBeans(DefaultLifecycleProcessor.java:256)
	at org.springframework.context.support.DefaultLifecycleProcessor.onRefresh(DefaultLifecycleProcessor.java:201)
	at org.springframework.context.support.AbstractApplicationContext.finishRefresh(AbstractApplicationContext.java:979)
	at org.springframework.context.support.AbstractApplicationContext.refresh(AbstractApplicationContext.java:628)
	at org.springframework.boot.web.servlet.context.ServletWebServerApplicationContext.refresh(ServletWebServerApplicationContext.java:146)
	at org.springframework.boot.SpringApplication.refresh(SpringApplication.java:762)
	at org.springframework.boot.SpringApplication.refreshContext(SpringApplication.java:464)
	at org.springframework.boot.SpringApplication.run(SpringApplication.java:334)
	at org.springframework.boot.SpringApplication.run(SpringApplication.java:1358)
	at org.springframework.boot.SpringApplication.run(SpringApplication.java:1347)
	at com.bedrock.mm.app.BedrockApplication.main(BedrockApplication.java:30)
	at java.base/jdk.internal.reflect.DirectMethodHandleAccessor.invoke(DirectMethodHandleAccessor.java:103)
	at java.base/java.lang.reflect.Method.invoke(Method.java:580)
	at org.springframework.boot.loader.launch.Launcher.launch(Launcher.java:91)
	at org.springframework.boot.loader.launch.Launcher.launch(Launcher.java:53)
	at org.springframework.boot.loader.launch.JarLauncher.main(JarLauncher.java:58)
Caused by: org.springframework.boot.web.server.WebServerException: Unable to start embedded Tomcat server
	at org.springframework.boot.web.embedded.tomcat.TomcatWebServer.start(TomcatWebServer.java:249)
	at org.springframework.boot.web.servlet.context.WebServerStartStopLifecycle.start(WebServerStartStopLifecycle.java:44)
	at org.springframework.context.support.DefaultLifecycleProcessor.doStart(DefaultLifecycleProcessor.java:284)
	... 18 common frames omitted
Caused by: java.lang.IllegalArgumentException: standardService.connector.startFailed
	at org.apache.catalina.core.StandardService.addConnector(StandardService.java:235)
	at org.springframework.boot.web.embedded.tomcat.TomcatWebServer.addPreviouslyRemovedConnectors(TomcatWebServer.java:306)
	at org.springframework.boot.web.embedded.tomcat.TomcatWebServer.start(TomcatWebServer.java:234)
	... 20 common frames omitted
Caused by: org.apache.catalina.LifecycleException: Protocol handler start failed
	at org.apache.catalina.connector.Connector.startInternal(Connector.java:1046)
	at org.apache.catalina.util.LifecycleBase.start(LifecycleBase.java:171)
	at org.apache.catalina.core.StandardService.addConnector(StandardService.java:232)
	... 22 common frames omitted
Caused by: java.net.SocketException: Operation not permitted
	at java.base/sun.nio.ch.Net.bind0(Native Method)
	at java.base/sun.nio.ch.Net.bind(Net.java:565)
	at java.base/sun.nio.ch.ServerSocketChannelImpl.netBind(ServerSocketChannelImpl.java:344)
	at java.base/sun.nio.ch.ServerSocketChannelImpl.bind(ServerSocketChannelImpl.java:301)
	at org.apache.tomcat.util.net.NioEndpoint.initServerSocket(NioEndpoint.java:247)
	at org.apache.tomcat.util.net.NioEndpoint.bind(NioEndpoint.java:202)
	at org.apache.tomcat.util.net.AbstractEndpoint.bindWithCleanup(AbstractEndpoint.java:1280)
	at org.apache.tomcat.util.net.AbstractEndpoint.start(AbstractEndpoint.java:1366)
	at org.apache.coyote.AbstractProtocol.start(AbstractProtocol.java:635)
	at org.apache.catalina.connector.Connector.startInternal(Connector.java:1043)
	... 24 common frames omitted
2026-03-08 11:00:10.430 [main] ERROR c.bedrock.mm.app.BedrockApplication - Failed to start Bedrock application
org.springframework.context.ApplicationContextException: Failed to start bean 'webServerStartStop'
	at org.springframework.context.support.DefaultLifecycleProcessor.doStart(DefaultLifecycleProcessor.java:287)
	at org.springframework.context.support.DefaultLifecycleProcessor$LifecycleGroup.start(DefaultLifecycleProcessor.java:467)
	at java.base/java.lang.Iterable.forEach(Iterable.java:75)
	at org.springframework.context.support.DefaultLifecycleProcessor.startBeans(DefaultLifecycleProcessor.java:256)
	at org.springframework.context.support.DefaultLifecycleProcessor.onRefresh(DefaultLifecycleProcessor.java:201)
	at org.springframework.context.support.AbstractApplicationContext.finishRefresh(AbstractApplicationContext.java:979)
	at org.springframework.context.support.AbstractApplicationContext.refresh(AbstractApplicationContext.java:628)
	at org.springframework.boot.web.servlet.context.ServletWebServerApplicationContext.refresh(ServletWebServerApplicationContext.java:146)
	at org.springframework.boot.SpringApplication.refresh(SpringApplication.java:762)
	at org.springframework.boot.SpringApplication.refreshContext(SpringApplication.java:464)
	at org.springframework.boot.SpringApplication.run(SpringApplication.java:334)
	at org.springframework.boot.SpringApplication.run(SpringApplication.java:1358)
	at org.springframework.boot.SpringApplication.run(SpringApplication.java:1347)
	at com.bedrock.mm.app.BedrockApplication.main(BedrockApplication.java:30)
	at java.base/jdk.internal.reflect.DirectMethodHandleAccessor.invoke(DirectMethodHandleAccessor.java:103)
	at java.base/java.lang.reflect.Method.invoke(Method.java:580)
	at org.springframework.boot.loader.launch.Launcher.launch(Launcher.java:91)
	at org.springframework.boot.loader.launch.Launcher.launch(Launcher.java:53)
	at org.springframework.boot.loader.launch.JarLauncher.main(JarLauncher.java:58)
Caused by: org.springframework.boot.web.server.WebServerException: Unable to start embedded Tomcat server
	at org.springframework.boot.web.embedded.tomcat.TomcatWebServer.start(TomcatWebServer.java:249)
	at org.springframework.boot.web.servlet.context.WebServerStartStopLifecycle.start(WebServerStartStopLifecycle.java:44)
	at org.springframework.context.support.DefaultLifecycleProcessor.doStart(DefaultLifecycleProcessor.java:284)
	... 18 common frames omitted
Caused by: java.lang.IllegalArgumentException: standardService.connector.startFailed
	at org.apache.catalina.core.StandardService.addConnector(StandardService.java:235)
	at org.springframework.boot.web.embedded.tomcat.TomcatWebServer.addPreviouslyRemovedConnectors(TomcatWebServer.java:306)
	at org.springframework.boot.web.embedded.tomcat.TomcatWebServer.start(TomcatWebServer.java:234)
	... 20 common frames omitted
Caused by: org.apache.catalina.LifecycleException: Protocol handler start failed
	at org.apache.catalina.connector.Connector.startInternal(Connector.java:1046)
	at org.apache.catalina.util.LifecycleBase.start(LifecycleBase.java:171)
	at org.apache.catalina.core.StandardService.addConnector(StandardService.java:232)
	... 22 common frames omitted
Caused by: java.net.SocketException: Operation not permitted
	at java.base/sun.nio.ch.Net.bind0(Native Method)
	at java.base/sun.nio.ch.Net.bind(Net.java:565)
	at java.base/sun.nio.ch.ServerSocketChannelImpl.netBind(ServerSocketChannelImpl.java:344)
	at java.base/sun.nio.ch.ServerSocketChannelImpl.bind(ServerSocketChannelImpl.java:301)
	at org.apache.tomcat.util.net.NioEndpoint.initServerSocket(NioEndpoint.java:247)
	at org.apache.tomcat.util.net.NioEndpoint.bind(NioEndpoint.java:202)
	at org.apache.tomcat.util.net.AbstractEndpoint.bindWithCleanup(AbstractEndpoint.java:1280)
	at org.apache.tomcat.util.net.AbstractEndpoint.start(AbstractEndpoint.java:1366)
	at org.apache.coyote.AbstractProtocol.start(AbstractProtocol.java:635)
	at org.apache.catalina.connector.Connector.startInternal(Connector.java:1043)
	... 24 common frames omitted
2026-03-08 12:34:38.998 [main] INFO  c.bedrock.mm.app.BedrockApplication - Starting BedrockApplication using Java 21.0.8 with PID 32051 (/Users/kaymen/workspace/pixu-master/bedrock-app/target/bedrock-app-1.0.0-SNAPSHOT.jar started by kaymen in /Users/kaymen/workspace/pixu-master)
2026-03-08 12:34:38.999 [main] DEBUG c.bedrock.mm.app.BedrockApplication - Running with Spring Boot v3.2.1, Spring v6.1.2
2026-03-08 12:34:39.000 [main] INFO  c.bedrock.mm.app.BedrockApplication - The following 1 profile is active: "development"
2026-03-08 12:34:40.292 [main] INFO  o.a.catalina.core.StandardService - Starting service [Tomcat]
2026-03-08 12:34:40.293 [main] INFO  o.a.catalina.core.StandardEngine - Starting Servlet engine: [Apache Tomcat/10.1.17]
2026-03-08 12:34:40.320 [main] INFO  o.a.c.c.C.[.[localhost].[/api] - Initializing Spring embedded WebApplicationContext
2026-03-08 12:34:40.498 [main] INFO  c.b.m.a.c.BedrockAutoConfiguration - Created MonitorService with config: enabled=true
2026-03-08 12:34:40.504 [main] INFO  com.bedrock.mm.aeron.ChannelFactory - Registered channel provider InProc for mode IN_PROC
2026-03-08 12:34:40.504 [main] INFO  com.bedrock.mm.aeron.ChannelFactory - Registered channel provider Aeron for mode AERON_IPC
2026-03-08 12:34:40.504 [main] INFO  com.bedrock.mm.aeron.ChannelFactory - Registered channel provider Aeron for mode AERON_UDP
2026-03-08 12:34:40.505 [main] INFO  c.b.mm.aeron.AeronChannelProvider - Initializing Aeron channel provider
2026-03-08 12:34:40.527 [main] INFO  c.b.mm.aeron.AeronChannelProvider - Connected to Aeron at /tmp/aeron-bedrock-phase6
2026-03-08 12:34:40.539 [main] INFO  c.b.mm.aeron.AeronChannelPublisher - Created Aeron publisher for stream 9000 on channel aeron:ipc
2026-03-08 12:34:40.542 [main] INFO  c.b.mm.aeron.AeronChannelSubscriber - Created Aeron subscriber for stream 9000 on channel aeron:ipc
2026-03-08 12:34:40.652 [main] INFO  c.b.m.a.c.BedrockAutoConfiguration - Configuration validation passed for Bedrock Market Making System v1.0.0 (development)
2026-03-08 12:34:40.694 [main] INFO  com.bedrock.mm.app.config.WebConfig - CORS enabled with origins: *
2026-03-08 12:34:40.895 [main] WARN  o.s.b.w.s.c.AnnotationConfigServletWebServerApplicationContext - Exception encountered during context initialization - cancelling refresh attempt: org.springframework.context.ApplicationContextException: Failed to start bean 'webServerStartStop'
2026-03-08 12:34:40.896 [main] INFO  c.b.mm.aeron.AeronChannelPublisher - Closing Aeron publisher for stream 9000
2026-03-08 12:34:40.896 [main] INFO  c.b.mm.aeron.AeronChannelSubscriber - Closing Aeron subscriber for stream 9000
2026-03-08 12:34:40.896 [main] INFO  c.bedrock.mm.monitor.MonitorService - Stopping monitoring service
2026-03-08 12:34:40.896 [main] INFO  c.bedrock.mm.monitor.MonitorService - Monitoring service stopped
2026-03-08 12:34:40.913 [main] ERROR o.s.boot.SpringApplication - Application run failed
org.springframework.context.ApplicationContextException: Failed to start bean 'webServerStartStop'
	at org.springframework.context.support.DefaultLifecycleProcessor.doStart(DefaultLifecycleProcessor.java:287)
	at org.springframework.context.support.DefaultLifecycleProcessor$LifecycleGroup.start(DefaultLifecycleProcessor.java:467)
	at java.base/java.lang.Iterable.forEach(Iterable.java:75)
	at org.springframework.context.support.DefaultLifecycleProcessor.startBeans(DefaultLifecycleProcessor.java:256)
	at org.springframework.context.support.DefaultLifecycleProcessor.onRefresh(DefaultLifecycleProcessor.java:201)
	at org.springframework.context.support.AbstractApplicationContext.finishRefresh(AbstractApplicationContext.java:979)
	at org.springframework.context.support.AbstractApplicationContext.refresh(AbstractApplicationContext.java:628)
	at org.springframework.boot.web.servlet.context.ServletWebServerApplicationContext.refresh(ServletWebServerApplicationContext.java:146)
	at org.springframework.boot.SpringApplication.refresh(SpringApplication.java:762)
	at org.springframework.boot.SpringApplication.refreshContext(SpringApplication.java:464)
	at org.springframework.boot.SpringApplication.run(SpringApplication.java:334)
	at org.springframework.boot.SpringApplication.run(SpringApplication.java:1358)
	at org.springframework.boot.SpringApplication.run(SpringApplication.java:1347)
	at com.bedrock.mm.app.BedrockApplication.main(BedrockApplication.java:30)
	at java.base/jdk.internal.reflect.DirectMethodHandleAccessor.invoke(DirectMethodHandleAccessor.java:103)
	at java.base/java.lang.reflect.Method.invoke(Method.java:580)
	at org.springframework.boot.loader.launch.Launcher.launch(Launcher.java:91)
	at org.springframework.boot.loader.launch.Launcher.launch(Launcher.java:53)
	at org.springframework.boot.loader.launch.JarLauncher.main(JarLauncher.java:58)
Caused by: org.springframework.boot.web.server.WebServerException: Unable to start embedded Tomcat server
	at org.springframework.boot.web.embedded.tomcat.TomcatWebServer.start(TomcatWebServer.java:249)
	at org.springframework.boot.web.servlet.context.WebServerStartStopLifecycle.start(WebServerStartStopLifecycle.java:44)
	at org.springframework.context.support.DefaultLifecycleProcessor.doStart(DefaultLifecycleProcessor.java:284)
	... 18 common frames omitted
Caused by: java.lang.IllegalArgumentException: standardService.connector.startFailed
	at org.apache.catalina.core.StandardService.addConnector(StandardService.java:235)
	at org.springframework.boot.web.embedded.tomcat.TomcatWebServer.addPreviouslyRemovedConnectors(TomcatWebServer.java:306)
	at org.springframework.boot.web.embedded.tomcat.TomcatWebServer.start(TomcatWebServer.java:234)
	... 20 common frames omitted
Caused by: org.apache.catalina.LifecycleException: Protocol handler start failed
	at org.apache.catalina.connector.Connector.startInternal(Connector.java:1046)
	at org.apache.catalina.util.LifecycleBase.start(LifecycleBase.java:171)
	at org.apache.catalina.core.StandardService.addConnector(StandardService.java:232)
	... 22 common frames omitted
Caused by: java.net.SocketException: Operation not permitted
	at java.base/sun.nio.ch.Net.bind0(Native Method)
	at java.base/sun.nio.ch.Net.bind(Net.java:565)
	at java.base/sun.nio.ch.ServerSocketChannelImpl.netBind(ServerSocketChannelImpl.java:344)
	at java.base/sun.nio.ch.ServerSocketChannelImpl.bind(ServerSocketChannelImpl.java:301)
	at org.apache.tomcat.util.net.NioEndpoint.initServerSocket(NioEndpoint.java:247)
	at org.apache.tomcat.util.net.NioEndpoint.bind(NioEndpoint.java:202)
	at org.apache.tomcat.util.net.AbstractEndpoint.bindWithCleanup(AbstractEndpoint.java:1280)
	at org.apache.tomcat.util.net.AbstractEndpoint.start(AbstractEndpoint.java:1366)
	at org.apache.coyote.AbstractProtocol.start(AbstractProtocol.java:635)
	at org.apache.catalina.connector.Connector.startInternal(Connector.java:1043)
	... 24 common frames omitted
2026-03-08 12:34:40.915 [main] ERROR c.bedrock.mm.app.BedrockApplication - Failed to start Bedrock application
org.springframework.context.ApplicationContextException: Failed to start bean 'webServerStartStop'
	at org.springframework.context.support.DefaultLifecycleProcessor.doStart(DefaultLifecycleProcessor.java:287)
	at org.springframework.context.support.DefaultLifecycleProcessor$LifecycleGroup.start(DefaultLifecycleProcessor.java:467)
	at java.base/java.lang.Iterable.forEach(Iterable.java:75)
	at org.springframework.context.support.DefaultLifecycleProcessor.startBeans(DefaultLifecycleProcessor.java:256)
	at org.springframework.context.support.DefaultLifecycleProcessor.onRefresh(DefaultLifecycleProcessor.java:201)
	at org.springframework.context.support.AbstractApplicationContext.finishRefresh(AbstractApplicationContext.java:979)
	at org.springframework.context.support.AbstractApplicationContext.refresh(AbstractApplicationContext.java:628)
	at org.springframework.boot.web.servlet.context.ServletWebServerApplicationContext.refresh(ServletWebServerApplicationContext.java:146)
	at org.springframework.boot.SpringApplication.refresh(SpringApplication.java:762)
	at org.springframework.boot.SpringApplication.refreshContext(SpringApplication.java:464)
	at org.springframework.boot.SpringApplication.run(SpringApplication.java:334)
	at org.springframework.boot.SpringApplication.run(SpringApplication.java:1358)
	at org.springframework.boot.SpringApplication.run(SpringApplication.java:1347)
	at com.bedrock.mm.app.BedrockApplication.main(BedrockApplication.java:30)
	at java.base/jdk.internal.reflect.DirectMethodHandleAccessor.invoke(DirectMethodHandleAccessor.java:103)
	at java.base/java.lang.reflect.Method.invoke(Method.java:580)
	at org.springframework.boot.loader.launch.Launcher.launch(Launcher.java:91)
	at org.springframework.boot.loader.launch.Launcher.launch(Launcher.java:53)
	at org.springframework.boot.loader.launch.JarLauncher.main(JarLauncher.java:58)
Caused by: org.springframework.boot.web.server.WebServerException: Unable to start embedded Tomcat server
	at org.springframework.boot.web.embedded.tomcat.TomcatWebServer.start(TomcatWebServer.java:249)
	at org.springframework.boot.web.servlet.context.WebServerStartStopLifecycle.start(WebServerStartStopLifecycle.java:44)
	at org.springframework.context.support.DefaultLifecycleProcessor.doStart(DefaultLifecycleProcessor.java:284)
	... 18 common frames omitted
Caused by: java.lang.IllegalArgumentException: standardService.connector.startFailed
	at org.apache.catalina.core.StandardService.addConnector(StandardService.java:235)
	at org.springframework.boot.web.embedded.tomcat.TomcatWebServer.addPreviouslyRemovedConnectors(TomcatWebServer.java:306)
	at org.springframework.boot.web.embedded.tomcat.TomcatWebServer.start(TomcatWebServer.java:234)
	... 20 common frames omitted
Caused by: org.apache.catalina.LifecycleException: Protocol handler start failed
	at org.apache.catalina.connector.Connector.startInternal(Connector.java:1046)
	at org.apache.catalina.util.LifecycleBase.start(LifecycleBase.java:171)
	at org.apache.catalina.core.StandardService.addConnector(StandardService.java:232)
	... 22 common frames omitted
Caused by: java.net.SocketException: Operation not permitted
	at java.base/sun.nio.ch.Net.bind0(Native Method)
	at java.base/sun.nio.ch.Net.bind(Net.java:565)
	at java.base/sun.nio.ch.ServerSocketChannelImpl.netBind(ServerSocketChannelImpl.java:344)
	at java.base/sun.nio.ch.ServerSocketChannelImpl.bind(ServerSocketChannelImpl.java:301)
	at org.apache.tomcat.util.net.NioEndpoint.initServerSocket(NioEndpoint.java:247)
	at org.apache.tomcat.util.net.NioEndpoint.bind(NioEndpoint.java:202)
	at org.apache.tomcat.util.net.AbstractEndpoint.bindWithCleanup(AbstractEndpoint.java:1280)
	at org.apache.tomcat.util.net.AbstractEndpoint.start(AbstractEndpoint.java:1366)
	at org.apache.coyote.AbstractProtocol.start(AbstractProtocol.java:635)
	at org.apache.catalina.connector.Connector.startInternal(Connector.java:1043)
	... 24 common frames omitted
