2026-03-08 01:08:38.668 [main] INFO  c.bedrock.mm.app.BedrockApplication - Starting BedrockApplication using Java 21.0.8 with PID 54933 (/Users/kaymen/workspace/pixu-master/bedrock-app/target/bedrock-app-1.0.0-SNAPSHOT.jar started by kaymen in /Users/kaymen/workspace/pixu-master)
2026-03-08 01:08:38.672 [main] DEBUG c.bedrock.mm.app.BedrockApplication - Running with Spring Boot v3.2.1, Spring v6.1.2
2026-03-08 01:08:38.673 [main] INFO  c.bedrock.mm.app.BedrockApplication - The following 1 profile is active: "development"
2026-03-08 01:09:52.912 [main] INFO  c.bedrock.mm.app.BedrockApplication - Starting BedrockApplication using Java 21.0.8 with PID 56774 (/Users/kaymen/workspace/pixu-master/bedrock-app/target/bedrock-app-1.0.0-SNAPSHOT.jar started by kaymen in /Users/kaymen/workspace/pixu-master)
2026-03-08 01:09:52.914 [main] DEBUG c.bedrock.mm.app.BedrockApplication - Running with Spring Boot v3.2.1, Spring v6.1.2
2026-03-08 01:09:52.914 [main] INFO  c.bedrock.mm.app.BedrockApplication - The following 1 profile is active: "development"
2026-03-08 01:09:54.793 [main] INFO  o.a.catalina.core.StandardService - Starting service [Tomcat]
2026-03-08 01:09:54.793 [main] INFO  o.a.catalina.core.StandardEngine - Starting Servlet engine: [Apache Tomcat/10.1.17]
2026-03-08 01:09:54.881 [main] INFO  o.a.c.c.C.[.[localhost].[/api] - Initializing Spring embedded WebApplicationContext
2026-03-08 01:09:55.108 [main] INFO  com.bedrock.mm.aeron.ChannelFactory - Registered channel provider InProc for mode IN_PROC
2026-03-08 01:09:55.110 [main] INFO  com.bedrock.mm.aeron.ChannelFactory - Registered channel provider Aeron for mode AERON_IPC
2026-03-08 01:09:55.110 [main] INFO  com.bedrock.mm.aeron.ChannelFactory - Registered channel provider Aeron for mode AERON_UDP
2026-03-08 01:09:55.111 [main] INFO  c.b.mm.aeron.AeronChannelProvider - Initializing Aeron channel provider
2026-03-08 01:09:55.302 [main] INFO  c.b.mm.aeron.AeronChannelProvider - Connected to Aeron at /tmp/aeron-bedrock-phase6
2026-03-08 01:09:55.494 [main] INFO  c.b.mm.aeron.AeronChannelPublisher - Created Aeron publisher for stream 9000 on channel aeron:ipc
2026-03-08 01:10:05.482 [main] WARN  o.s.b.w.s.c.AnnotationConfigServletWebServerApplicationContext - Exception encountered during context initialization - cancelling refresh attempt: org.springframework.beans.factory.UnsatisfiedDependencyException: Error creating bean with name 'applicationService' defined in URL [jar:nested:/Users/kaymen/workspace/pixu-master/bedrock-app/target/bedrock-app-1.0.0-SNAPSHOT.jar/!BOOT-INF/classes/!/com/bedrock/mm/app/runtime/lifecycle/ApplicationService.class]: Unsatisfied dependency expressed through constructor parameter 8: Error creating bean with name 'eventBusCoordinator' defined in URL [jar:nested:/Users/kaymen/workspace/pixu-master/bedrock-app/target/bedrock-app-1.0.0-SNAPSHOT.jar/!BOOT-INF/classes/!/com/bedrock/mm/app/runtime/bus/EventBusCoordinator.class]: Unsatisfied dependency expressed through constructor parameter 0: Error creating bean with name 'eventBus' defined in class path resource [com/bedrock/mm/app/config/EventBusConfiguration.class]: Failed to instantiate [com.bedrock.mm.aeron.bus.EventBus]: Factory method 'eventBus' threw exception with message: FATAL - MediaDriver (/tmp/aeron-bedrock-phase6) keepalive: age=10185ms > timeout=10000ms
2026-03-08 01:10:05.485 [main] INFO  o.a.catalina.core.StandardService - Stopping service [Tomcat]
2026-03-08 01:10:05.518 [main] ERROR o.s.boot.SpringApplication - Application run failed
org.springframework.beans.factory.UnsatisfiedDependencyException: Error creating bean with name 'applicationService' defined in URL [jar:nested:/Users/kaymen/workspace/pixu-master/bedrock-app/target/bedrock-app-1.0.0-SNAPSHOT.jar/!BOOT-INF/classes/!/com/bedrock/mm/app/runtime/lifecycle/ApplicationService.class]: Unsatisfied dependency expressed through constructor parameter 8: Error creating bean with name 'eventBusCoordinator' defined in URL [jar:nested:/Users/kaymen/workspace/pixu-master/bedrock-app/target/bedrock-app-1.0.0-SNAPSHOT.jar/!BOOT-INF/classes/!/com/bedrock/mm/app/runtime/bus/EventBusCoordinator.class]: Unsatisfied dependency expressed through constructor parameter 0: Error creating bean with name 'eventBus' defined in class path resource [com/bedrock/mm/app/config/EventBusConfiguration.class]: Failed to instantiate [com.bedrock.mm.aeron.bus.EventBus]: Factory method 'eventBus' threw exception with message: FATAL - MediaDriver (/tmp/aeron-bedrock-phase6) keepalive: age=10185ms > timeout=10000ms
	at org.springframework.beans.factory.support.ConstructorResolver.createArgumentArray(ConstructorResolver.java:802)
	at org.springframework.beans.factory.support.ConstructorResolver.autowireConstructor(ConstructorResolver.java:241)
	at org.springframework.beans.factory.support.AbstractAutowireCapableBeanFactory.autowireConstructor(AbstractAutowireCapableBeanFactory.java:1354)
	at org.springframework.beans.factory.support.AbstractAutowireCapableBeanFactory.createBeanInstance(AbstractAutowireCapableBeanFactory.java:1191)
	at org.springframework.beans.factory.support.AbstractAutowireCapableBeanFactory.doCreateBean(AbstractAutowireCapableBeanFactory.java:561)
	at org.springframework.beans.factory.support.AbstractAutowireCapableBeanFactory.createBean(AbstractAutowireCapableBeanFactory.java:521)
	at org.springframework.beans.factory.support.AbstractBeanFactory.lambda$doGetBean$0(AbstractBeanFactory.java:325)
	at org.springframework.beans.factory.support.DefaultSingletonBeanRegistry.getSingleton(DefaultSingletonBeanRegistry.java:234)
	at org.springframework.beans.factory.support.AbstractBeanFactory.doGetBean(AbstractBeanFactory.java:323)
	at org.springframework.beans.factory.support.AbstractBeanFactory.getBean(AbstractBeanFactory.java:199)
	at org.springframework.beans.factory.support.DefaultListableBeanFactory.preInstantiateSingletons(DefaultListableBeanFactory.java:975)
	at org.springframework.context.support.AbstractApplicationContext.finishBeanFactoryInitialization(AbstractApplicationContext.java:960)
	at org.springframework.context.support.AbstractApplicationContext.refresh(AbstractApplicationContext.java:625)
	at org.springframework.boot.web.servlet.context.ServletWebServerApplicationContext.refresh(ServletWebServerApplicationContext.java:146)
	at org.springframework.boot.SpringApplication.refresh(SpringApplication.java:762)
	at org.springframework.boot.SpringApplication.refreshContext(SpringApplication.java:464)
	at org.springframework.boot.SpringApplication.run(SpringApplication.java:334)
	at org.springframework.boot.SpringApplication.run(SpringApplication.java:1358)
	at org.springframework.boot.SpringApplication.run(SpringApplication.java:1347)
	at com.bedrock.mm.app.BedrockApplication.main(BedrockApplication.java:30)
	at java.base/jdk.internal.reflect.DirectMethodHandleAccessor.invoke(DirectMethodHandleAccessor.java:103)
	at java.base/java.lang.reflect.Method.invoke(Method.java:580)
	at org.springframework.boot.loader.launch.Launcher.launch(Launcher.java:91)
	at org.springframework.boot.loader.launch.Launcher.launch(Launcher.java:53)
	at org.springframework.boot.loader.launch.JarLauncher.main(JarLauncher.java:58)
Caused by: org.springframework.beans.factory.UnsatisfiedDependencyException: Error creating bean with name 'eventBusCoordinator' defined in URL [jar:nested:/Users/kaymen/workspace/pixu-master/bedrock-app/target/bedrock-app-1.0.0-SNAPSHOT.jar/!BOOT-INF/classes/!/com/bedrock/mm/app/runtime/bus/EventBusCoordinator.class]: Unsatisfied dependency expressed through constructor parameter 0: Error creating bean with name 'eventBus' defined in class path resource [com/bedrock/mm/app/config/EventBusConfiguration.class]: Failed to instantiate [com.bedrock.mm.aeron.bus.EventBus]: Factory method 'eventBus' threw exception with message: FATAL - MediaDriver (/tmp/aeron-bedrock-phase6) keepalive: age=10185ms > timeout=10000ms
	at org.springframework.beans.factory.support.ConstructorResolver.createArgumentArray(ConstructorResolver.java:802)
	at org.springframework.beans.factory.support.ConstructorResolver.autowireConstructor(ConstructorResolver.java:241)
	at org.springframework.beans.factory.support.AbstractAutowireCapableBeanFactory.autowireConstructor(AbstractAutowireCapableBeanFactory.java:1354)
	at org.springframework.beans.factory.support.AbstractAutowireCapableBeanFactory.createBeanInstance(AbstractAutowireCapableBeanFactory.java:1191)
	at org.springframework.beans.factory.support.AbstractAutowireCapableBeanFactory.doCreateBean(AbstractAutowireCapableBeanFactory.java:561)
	at org.springframework.beans.factory.support.AbstractAutowireCapableBeanFactory.createBean(AbstractAutowireCapableBeanFactory.java:521)
	at org.springframework.beans.factory.support.AbstractBeanFactory.lambda$doGetBean$0(AbstractBeanFactory.java:325)
	at org.springframework.beans.factory.support.DefaultSingletonBeanRegistry.getSingleton(DefaultSingletonBeanRegistry.java:234)
	at org.springframework.beans.factory.support.AbstractBeanFactory.doGetBean(AbstractBeanFactory.java:323)
	at org.springframework.beans.factory.support.AbstractBeanFactory.getBean(AbstractBeanFactory.java:199)
	at org.springframework.beans.factory.config.DependencyDescriptor.resolveCandidate(DependencyDescriptor.java:254)
	at org.springframework.beans.factory.support.DefaultListableBeanFactory.doResolveDependency(DefaultListableBeanFactory.java:1443)
	at org.springframework.beans.factory.support.DefaultListableBeanFactory.resolveDependency(DefaultListableBeanFactory.java:1353)
	at org.springframework.beans.factory.support.ConstructorResolver.resolveAutowiredArgument(ConstructorResolver.java:911)
	at org.springframework.beans.factory.support.ConstructorResolver.createArgumentArray(ConstructorResolver.java:789)
	... 24 common frames omitted
Caused by: org.springframework.beans.factory.BeanCreationException: Error creating bean with name 'eventBus' defined in class path resource [com/bedrock/mm/app/config/EventBusConfiguration.class]: Failed to instantiate [com.bedrock.mm.aeron.bus.EventBus]: Factory method 'eventBus' threw exception with message: FATAL - MediaDriver (/tmp/aeron-bedrock-phase6) keepalive: age=10185ms > timeout=10000ms
	at org.springframework.beans.factory.support.ConstructorResolver.instantiate(ConstructorResolver.java:655)
	at org.springframework.beans.factory.support.ConstructorResolver.instantiateUsingFactoryMethod(ConstructorResolver.java:643)
	at org.springframework.beans.factory.support.AbstractAutowireCapableBeanFactory.instantiateUsingFactoryMethod(AbstractAutowireCapableBeanFactory.java:1334)
	at org.springframework.beans.factory.support.AbstractAutowireCapableBeanFactory.createBeanInstance(AbstractAutowireCapableBeanFactory.java:1164)
	at org.springframework.beans.factory.support.AbstractAutowireCapableBeanFactory.doCreateBean(AbstractAutowireCapableBeanFactory.java:561)
	at org.springframework.beans.factory.support.AbstractAutowireCapableBeanFactory.createBean(AbstractAutowireCapableBeanFactory.java:521)
	at org.springframework.beans.factory.support.AbstractBeanFactory.lambda$doGetBean$0(AbstractBeanFactory.java:325)
	at org.springframework.beans.factory.support.DefaultSingletonBeanRegistry.getSingleton(DefaultSingletonBeanRegistry.java:234)
	at org.springframework.beans.factory.support.AbstractBeanFactory.doGetBean(AbstractBeanFactory.java:323)
	at org.springframework.beans.factory.support.AbstractBeanFactory.getBean(AbstractBeanFactory.java:199)
	at org.springframework.beans.factory.config.DependencyDescriptor.resolveCandidate(DependencyDescriptor.java:254)
	at org.springframework.beans.factory.support.DefaultListableBeanFactory.doResolveDependency(DefaultListableBeanFactory.java:1443)
	at org.springframework.beans.factory.support.DefaultListableBeanFactory.resolveDependency(DefaultListableBeanFactory.java:1353)
	at org.springframework.beans.factory.support.ConstructorResolver.resolveAutowiredArgument(ConstructorResolver.java:911)
	at org.springframework.beans.factory.support.ConstructorResolver.createArgumentArray(ConstructorResolver.java:789)
	... 38 common frames omitted
Caused by: org.springframework.beans.BeanInstantiationException: Failed to instantiate [com.bedrock.mm.aeron.bus.EventBus]: Factory method 'eventBus' threw exception with message: FATAL - MediaDriver (/tmp/aeron-bedrock-phase6) keepalive: age=10185ms > timeout=10000ms
	at org.springframework.beans.factory.support.SimpleInstantiationStrategy.instantiate(SimpleInstantiationStrategy.java:177)
	at org.springframework.beans.factory.support.ConstructorResolver.instantiate(ConstructorResolver.java:651)
	... 52 common frames omitted
Caused by: io.aeron.exceptions.DriverTimeoutException: FATAL - MediaDriver (/tmp/aeron-bedrock-phase6) keepalive: age=10185ms > timeout=10000ms
	at io.aeron.ClientConductor.checkLiveness(ClientConductor.java:1479)
	at io.aeron.ClientConductor.checkTimeouts(ClientConductor.java:1442)
	at io.aeron.ClientConductor.service(ClientConductor.java:1348)
	at io.aeron.ClientConductor.awaitResponse(ClientConductor.java:1407)
	at io.aeron.ClientConductor.addSubscription(ClientConductor.java:661)
	at io.aeron.ClientConductor.addSubscription(ClientConductor.java:636)
	at io.aeron.Aeron.addSubscription(Aeron.java:369)
	at com.bedrock.mm.aeron.AeronChannelSubscriber.<init>(AeronChannelSubscriber.java:31)
	at com.bedrock.mm.aeron.AeronChannelProvider.lambda$createSubscriber$1(AeronChannelProvider.java:42)
	at java.base/java.util.concurrent.ConcurrentHashMap.computeIfAbsent(ConcurrentHashMap.java:1740)
	at com.bedrock.mm.aeron.AeronChannelProvider.createSubscriber(AeronChannelProvider.java:41)
	at com.bedrock.mm.aeron.ChannelFactory.createSubscriber(ChannelFactory.java:53)
	at com.bedrock.mm.aeron.bus.AeronEventBus.<init>(AeronEventBus.java:69)
	at com.bedrock.mm.app.config.EventBusConfiguration.eventBus(EventBusConfiguration.java:26)
	at com.bedrock.mm.app.config.EventBusConfiguration$$SpringCGLIB$$0.CGLIB$eventBus$0(<generated>)
	at com.bedrock.mm.app.config.EventBusConfiguration$$SpringCGLIB$$FastClass$$1.invoke(<generated>)
	at org.springframework.cglib.proxy.MethodProxy.invokeSuper(MethodProxy.java:258)
	at org.springframework.context.annotation.ConfigurationClassEnhancer$BeanMethodInterceptor.intercept(ConfigurationClassEnhancer.java:331)
	at com.bedrock.mm.app.config.EventBusConfiguration$$SpringCGLIB$$0.eventBus(<generated>)
	at java.base/jdk.internal.reflect.DirectMethodHandleAccessor.invoke(DirectMethodHandleAccessor.java:103)
	at java.base/java.lang.reflect.Method.invoke(Method.java:580)
	at org.springframework.beans.factory.support.SimpleInstantiationStrategy.instantiate(SimpleInstantiationStrategy.java:140)
	... 53 common frames omitted
2026-03-08 01:10:05.522 [main] ERROR c.bedrock.mm.app.BedrockApplication - Failed to start Bedrock application
org.springframework.beans.factory.UnsatisfiedDependencyException: Error creating bean with name 'applicationService' defined in URL [jar:nested:/Users/kaymen/workspace/pixu-master/bedrock-app/target/bedrock-app-1.0.0-SNAPSHOT.jar/!BOOT-INF/classes/!/com/bedrock/mm/app/runtime/lifecycle/ApplicationService.class]: Unsatisfied dependency expressed through constructor parameter 8: Error creating bean with name 'eventBusCoordinator' defined in URL [jar:nested:/Users/kaymen/workspace/pixu-master/bedrock-app/target/bedrock-app-1.0.0-SNAPSHOT.jar/!BOOT-INF/classes/!/com/bedrock/mm/app/runtime/bus/EventBusCoordinator.class]: Unsatisfied dependency expressed through constructor parameter 0: Error creating bean with name 'eventBus' defined in class path resource [com/bedrock/mm/app/config/EventBusConfiguration.class]: Failed to instantiate [com.bedrock.mm.aeron.bus.EventBus]: Factory method 'eventBus' threw exception with message: FATAL - MediaDriver (/tmp/aeron-bedrock-phase6) keepalive: age=10185ms > timeout=10000ms
	at org.springframework.beans.factory.support.ConstructorResolver.createArgumentArray(ConstructorResolver.java:802)
	at org.springframework.beans.factory.support.ConstructorResolver.autowireConstructor(ConstructorResolver.java:241)
	at org.springframework.beans.factory.support.AbstractAutowireCapableBeanFactory.autowireConstructor(AbstractAutowireCapableBeanFactory.java:1354)
	at org.springframework.beans.factory.support.AbstractAutowireCapableBeanFactory.createBeanInstance(AbstractAutowireCapableBeanFactory.java:1191)
	at org.springframework.beans.factory.support.AbstractAutowireCapableBeanFactory.doCreateBean(AbstractAutowireCapableBeanFactory.java:561)
	at org.springframework.beans.factory.support.AbstractAutowireCapableBeanFactory.createBean(AbstractAutowireCapableBeanFactory.java:521)
	at org.springframework.beans.factory.support.AbstractBeanFactory.lambda$doGetBean$0(AbstractBeanFactory.java:325)
	at org.springframework.beans.factory.support.DefaultSingletonBeanRegistry.getSingleton(DefaultSingletonBeanRegistry.java:234)
	at org.springframework.beans.factory.support.AbstractBeanFactory.doGetBean(AbstractBeanFactory.java:323)
	at org.springframework.beans.factory.support.AbstractBeanFactory.getBean(AbstractBeanFactory.java:199)
	at org.springframework.beans.factory.support.DefaultListableBeanFactory.preInstantiateSingletons(DefaultListableBeanFactory.java:975)
	at org.springframework.context.support.AbstractApplicationContext.finishBeanFactoryInitialization(AbstractApplicationContext.java:960)
	at org.springframework.context.support.AbstractApplicationContext.refresh(AbstractApplicationContext.java:625)
	at org.springframework.boot.web.servlet.context.ServletWebServerApplicationContext.refresh(ServletWebServerApplicationContext.java:146)
	at org.springframework.boot.SpringApplication.refresh(SpringApplication.java:762)
	at org.springframework.boot.SpringApplication.refreshContext(SpringApplication.java:464)
	at org.springframework.boot.SpringApplication.run(SpringApplication.java:334)
	at org.springframework.boot.SpringApplication.run(SpringApplication.java:1358)
	at org.springframework.boot.SpringApplication.run(SpringApplication.java:1347)
	at com.bedrock.mm.app.BedrockApplication.main(BedrockApplication.java:30)
	at java.base/jdk.internal.reflect.DirectMethodHandleAccessor.invoke(DirectMethodHandleAccessor.java:103)
	at java.base/java.lang.reflect.Method.invoke(Method.java:580)
	at org.springframework.boot.loader.launch.Launcher.launch(Launcher.java:91)
	at org.springframework.boot.loader.launch.Launcher.launch(Launcher.java:53)
	at org.springframework.boot.loader.launch.JarLauncher.main(JarLauncher.java:58)
Caused by: org.springframework.beans.factory.UnsatisfiedDependencyException: Error creating bean with name 'eventBusCoordinator' defined in URL [jar:nested:/Users/kaymen/workspace/pixu-master/bedrock-app/target/bedrock-app-1.0.0-SNAPSHOT.jar/!BOOT-INF/classes/!/com/bedrock/mm/app/runtime/bus/EventBusCoordinator.class]: Unsatisfied dependency expressed through constructor parameter 0: Error creating bean with name 'eventBus' defined in class path resource [com/bedrock/mm/app/config/EventBusConfiguration.class]: Failed to instantiate [com.bedrock.mm.aeron.bus.EventBus]: Factory method 'eventBus' threw exception with message: FATAL - MediaDriver (/tmp/aeron-bedrock-phase6) keepalive: age=10185ms > timeout=10000ms
	at org.springframework.beans.factory.support.ConstructorResolver.createArgumentArray(ConstructorResolver.java:802)
	at org.springframework.beans.factory.support.ConstructorResolver.autowireConstructor(ConstructorResolver.java:241)
	at org.springframework.beans.factory.support.AbstractAutowireCapableBeanFactory.autowireConstructor(AbstractAutowireCapableBeanFactory.java:1354)
	at org.springframework.beans.factory.support.AbstractAutowireCapableBeanFactory.createBeanInstance(AbstractAutowireCapableBeanFactory.java:1191)
	at org.springframework.beans.factory.support.AbstractAutowireCapableBeanFactory.doCreateBean(AbstractAutowireCapableBeanFactory.java:561)
	at org.springframework.beans.factory.support.AbstractAutowireCapableBeanFactory.createBean(AbstractAutowireCapableBeanFactory.java:521)
	at org.springframework.beans.factory.support.AbstractBeanFactory.lambda$doGetBean$0(AbstractBeanFactory.java:325)
	at org.springframework.beans.factory.support.DefaultSingletonBeanRegistry.getSingleton(DefaultSingletonBeanRegistry.java:234)
	at org.springframework.beans.factory.support.AbstractBeanFactory.doGetBean(AbstractBeanFactory.java:323)
	at org.springframework.beans.factory.support.AbstractBeanFactory.getBean(AbstractBeanFactory.java:199)
	at org.springframework.beans.factory.config.DependencyDescriptor.resolveCandidate(DependencyDescriptor.java:254)
	at org.springframework.beans.factory.support.DefaultListableBeanFactory.doResolveDependency(DefaultListableBeanFactory.java:1443)
	at org.springframework.beans.factory.support.DefaultListableBeanFactory.resolveDependency(DefaultListableBeanFactory.java:1353)
	at org.springframework.beans.factory.support.ConstructorResolver.resolveAutowiredArgument(ConstructorResolver.java:911)
	at org.springframework.beans.factory.support.ConstructorResolver.createArgumentArray(ConstructorResolver.java:789)
	... 24 common frames omitted
Caused by: org.springframework.beans.factory.BeanCreationException: Error creating bean with name 'eventBus' defined in class path resource [com/bedrock/mm/app/config/EventBusConfiguration.class]: Failed to instantiate [com.bedrock.mm.aeron.bus.EventBus]: Factory method 'eventBus' threw exception with message: FATAL - MediaDriver (/tmp/aeron-bedrock-phase6) keepalive: age=10185ms > timeout=10000ms
	at org.springframework.beans.factory.support.ConstructorResolver.instantiate(ConstructorResolver.java:655)
	at org.springframework.beans.factory.support.ConstructorResolver.instantiateUsingFactoryMethod(ConstructorResolver.java:643)
	at org.springframework.beans.factory.support.AbstractAutowireCapableBeanFactory.instantiateUsingFactoryMethod(AbstractAutowireCapableBeanFactory.java:1334)
	at org.springframework.beans.factory.support.AbstractAutowireCapableBeanFactory.createBeanInstance(AbstractAutowireCapableBeanFactory.java:1164)
	at org.springframework.beans.factory.support.AbstractAutowireCapableBeanFactory.doCreateBean(AbstractAutowireCapableBeanFactory.java:561)
	at org.springframework.beans.factory.support.AbstractAutowireCapableBeanFactory.createBean(AbstractAutowireCapableBeanFactory.java:521)
	at org.springframework.beans.factory.support.AbstractBeanFactory.lambda$doGetBean$0(AbstractBeanFactory.java:325)
	at org.springframework.beans.factory.support.DefaultSingletonBeanRegistry.getSingleton(DefaultSingletonBeanRegistry.java:234)
	at org.springframework.beans.factory.support.AbstractBeanFactory.doGetBean(AbstractBeanFactory.java:323)
	at org.springframework.beans.factory.support.AbstractBeanFactory.getBean(AbstractBeanFactory.java:199)
	at org.springframework.beans.factory.config.DependencyDescriptor.resolveCandidate(DependencyDescriptor.java:254)
	at org.springframework.beans.factory.support.DefaultListableBeanFactory.doResolveDependency(DefaultListableBeanFactory.java:1443)
	at org.springframework.beans.factory.support.DefaultListableBeanFactory.resolveDependency(DefaultListableBeanFactory.java:1353)
	at org.springframework.beans.factory.support.ConstructorResolver.resolveAutowiredArgument(ConstructorResolver.java:911)
	at org.springframework.beans.factory.support.ConstructorResolver.createArgumentArray(ConstructorResolver.java:789)
	... 38 common frames omitted
Caused by: org.springframework.beans.BeanInstantiationException: Failed to instantiate [com.bedrock.mm.aeron.bus.EventBus]: Factory method 'eventBus' threw exception with message: FATAL - MediaDriver (/tmp/aeron-bedrock-phase6) keepalive: age=10185ms > timeout=10000ms
	at org.springframework.beans.factory.support.SimpleInstantiationStrategy.instantiate(SimpleInstantiationStrategy.java:177)
	at org.springframework.beans.factory.support.ConstructorResolver.instantiate(ConstructorResolver.java:651)
	... 52 common frames omitted
Caused by: io.aeron.exceptions.DriverTimeoutException: FATAL - MediaDriver (/tmp/aeron-bedrock-phase6) keepalive: age=10185ms > timeout=10000ms
	at io.aeron.ClientConductor.checkLiveness(ClientConductor.java:1479)
	at io.aeron.ClientConductor.checkTimeouts(ClientConductor.java:1442)
	at io.aeron.ClientConductor.service(ClientConductor.java:1348)
	at io.aeron.ClientConductor.awaitResponse(ClientConductor.java:1407)
	at io.aeron.ClientConductor.addSubscription(ClientConductor.java:661)
	at io.aeron.ClientConductor.addSubscription(ClientConductor.java:636)
	at io.aeron.Aeron.addSubscription(Aeron.java:369)
	at com.bedrock.mm.aeron.AeronChannelSubscriber.<init>(AeronChannelSubscriber.java:31)
	at com.bedrock.mm.aeron.AeronChannelProvider.lambda$createSubscriber$1(AeronChannelProvider.java:42)
	at java.base/java.util.concurrent.ConcurrentHashMap.computeIfAbsent(ConcurrentHashMap.java:1740)
	at com.bedrock.mm.aeron.AeronChannelProvider.createSubscriber(AeronChannelProvider.java:41)
	at com.bedrock.mm.aeron.ChannelFactory.createSubscriber(ChannelFactory.java:53)
	at com.bedrock.mm.aeron.bus.AeronEventBus.<init>(AeronEventBus.java:69)
	at com.bedrock.mm.app.config.EventBusConfiguration.eventBus(EventBusConfiguration.java:26)
	at com.bedrock.mm.app.config.EventBusConfiguration$$SpringCGLIB$$0.CGLIB$eventBus$0(<generated>)
	at com.bedrock.mm.app.config.EventBusConfiguration$$SpringCGLIB$$FastClass$$1.invoke(<generated>)
	at org.springframework.cglib.proxy.MethodProxy.invokeSuper(MethodProxy.java:258)
	at org.springframework.context.annotation.ConfigurationClassEnhancer$BeanMethodInterceptor.intercept(ConfigurationClassEnhancer.java:331)
	at com.bedrock.mm.app.config.EventBusConfiguration$$SpringCGLIB$$0.eventBus(<generated>)
	at java.base/jdk.internal.reflect.DirectMethodHandleAccessor.invoke(DirectMethodHandleAccessor.java:103)
	at java.base/java.lang.reflect.Method.invoke(Method.java:580)
	at org.springframework.beans.factory.support.SimpleInstantiationStrategy.instantiate(SimpleInstantiationStrategy.java:140)
	... 53 common frames omitted
2026-03-08 01:13:02.039 [main] INFO  c.bedrock.mm.app.BedrockApplication - Starting BedrockApplication using Java 21.0.8 with PID 60424 (/Users/kaymen/workspace/pixu-master/bedrock-app/target/bedrock-app-1.0.0-SNAPSHOT.jar started by kaymen in /Users/kaymen/workspace/pixu-master)
2026-03-08 01:13:02.041 [main] DEBUG c.bedrock.mm.app.BedrockApplication - Running with Spring Boot v3.2.1, Spring v6.1.2
2026-03-08 01:13:02.041 [main] INFO  c.bedrock.mm.app.BedrockApplication - The following 1 profile is active: "development"
2026-03-08 01:13:03.305 [main] INFO  o.a.catalina.core.StandardService - Starting service [Tomcat]
2026-03-08 01:13:03.305 [main] INFO  o.a.catalina.core.StandardEngine - Starting Servlet engine: [Apache Tomcat/10.1.17]
2026-03-08 01:13:03.331 [main] INFO  o.a.c.c.C.[.[localhost].[/api] - Initializing Spring embedded WebApplicationContext
2026-03-08 01:13:03.502 [main] INFO  com.bedrock.mm.aeron.ChannelFactory - Registered channel provider InProc for mode IN_PROC
2026-03-08 01:13:03.502 [main] INFO  com.bedrock.mm.aeron.ChannelFactory - Registered channel provider Aeron for mode AERON_IPC
2026-03-08 01:13:03.502 [main] INFO  com.bedrock.mm.aeron.ChannelFactory - Registered channel provider Aeron for mode AERON_UDP
2026-03-08 01:13:03.503 [main] INFO  c.b.mm.aeron.AeronChannelProvider - Initializing Aeron channel provider
2026-03-08 01:13:03.622 [main] INFO  c.b.mm.aeron.AeronChannelProvider - Connected to Aeron at /tmp/aeron-bedrock-phase6
2026-03-08 01:13:03.704 [main] INFO  c.b.mm.aeron.AeronChannelPublisher - Created Aeron publisher for stream 9000 on channel aeron:ipc
2026-03-08 01:13:03.714 [main] INFO  c.b.mm.aeron.AeronChannelSubscriber - Created Aeron subscriber for stream 9000 on channel aeron:ipc
2026-03-08 01:13:03.802 [main] INFO  c.b.m.a.c.BedrockAutoConfiguration - Configuration validation passed for Bedrock Market Making System v1.0.0 (development)
2026-03-08 01:13:03.846 [main] INFO  com.bedrock.mm.app.config.WebConfig - CORS enabled with origins: *
2026-03-08 01:13:04.276 [main] WARN  o.s.b.w.s.c.AnnotationConfigServletWebServerApplicationContext - Exception encountered during context initialization - cancelling refresh attempt: org.springframework.context.ApplicationContextException: Failed to start bean 'webServerStartStop'
2026-03-08 01:13:04.278 [main] INFO  c.b.mm.aeron.AeronChannelPublisher - Closing Aeron publisher for stream 9000
2026-03-08 01:13:04.278 [main] INFO  c.b.mm.aeron.AeronChannelSubscriber - Closing Aeron subscriber for stream 9000
2026-03-08 01:13:04.310 [main] ERROR o.s.boot.SpringApplication - Application run failed
org.springframework.context.ApplicationContextException: Failed to start bean 'webServerStartStop'
	at org.springframework.context.support.DefaultLifecycleProcessor.doStart(DefaultLifecycleProcessor.java:287)
	at org.springframework.context.support.DefaultLifecycleProcessor$LifecycleGroup.start(DefaultLifecycleProcessor.java:467)
	at java.base/java.lang.Iterable.forEach(Iterable.java:75)
	at org.springframework.context.support.DefaultLifecycleProcessor.startBeans(DefaultLifecycleProcessor.java:256)
	at org.springframework.context.support.DefaultLifecycleProcessor.onRefresh(DefaultLifecycleProcessor.java:201)
	at org.springframework.context.support.AbstractApplicationContext.finishRefresh(AbstractApplicationContext.java:979)
	at org.springframework.context.support.AbstractApplicationContext.refresh(AbstractApplicationContext.java:628)
	at org.springframework.boot.web.servlet.context.ServletWebServerApplicationContext.refresh(ServletWebServerApplicationContext.java:146)
	at org.springframework.boot.SpringApplication.refresh(SpringApplication.java:762)
	at org.springframework.boot.SpringApplication.refreshContext(SpringApplication.java:464)
	at org.springframework.boot.SpringApplication.run(SpringApplication.java:334)
	at org.springframework.boot.SpringApplication.run(SpringApplication.java:1358)
	at org.springframework.boot.SpringApplication.run(SpringApplication.java:1347)
	at com.bedrock.mm.app.BedrockApplication.main(BedrockApplication.java:30)
	at java.base/jdk.internal.reflect.DirectMethodHandleAccessor.invoke(DirectMethodHandleAccessor.java:103)
	at java.base/java.lang.reflect.Method.invoke(Method.java:580)
	at org.springframework.boot.loader.launch.Launcher.launch(Launcher.java:91)
	at org.springframework.boot.loader.launch.Launcher.launch(Launcher.java:53)
	at org.springframework.boot.loader.launch.JarLauncher.main(JarLauncher.java:58)
Caused by: org.springframework.boot.web.server.WebServerException: Unable to start embedded Tomcat server
	at org.springframework.boot.web.embedded.tomcat.TomcatWebServer.start(TomcatWebServer.java:249)
	at org.springframework.boot.web.servlet.context.WebServerStartStopLifecycle.start(WebServerStartStopLifecycle.java:44)
	at org.springframework.context.support.DefaultLifecycleProcessor.doStart(DefaultLifecycleProcessor.java:284)
	... 18 common frames omitted
Caused by: java.lang.IllegalArgumentException: standardService.connector.startFailed
	at org.apache.catalina.core.StandardService.addConnector(StandardService.java:235)
	at org.springframework.boot.web.embedded.tomcat.TomcatWebServer.addPreviouslyRemovedConnectors(TomcatWebServer.java:306)
	at org.springframework.boot.web.embedded.tomcat.TomcatWebServer.start(TomcatWebServer.java:234)
	... 20 common frames omitted
Caused by: org.apache.catalina.LifecycleException: Protocol handler start failed
	at org.apache.catalina.connector.Connector.startInternal(Connector.java:1046)
	at org.apache.catalina.util.LifecycleBase.start(LifecycleBase.java:171)
	at org.apache.catalina.core.StandardService.addConnector(StandardService.java:232)
	... 22 common frames omitted
Caused by: java.net.SocketException: Operation not permitted
	at java.base/sun.nio.ch.Net.bind0(Native Method)
	at java.base/sun.nio.ch.Net.bind(Net.java:565)
	at java.base/sun.nio.ch.ServerSocketChannelImpl.netBind(ServerSocketChannelImpl.java:344)
	at java.base/sun.nio.ch.ServerSocketChannelImpl.bind(ServerSocketChannelImpl.java:301)
	at org.apache.tomcat.util.net.NioEndpoint.initServerSocket(NioEndpoint.java:247)
	at org.apache.tomcat.util.net.NioEndpoint.bind(NioEndpoint.java:202)
	at org.apache.tomcat.util.net.AbstractEndpoint.bindWithCleanup(AbstractEndpoint.java:1280)
	at org.apache.tomcat.util.net.AbstractEndpoint.start(AbstractEndpoint.java:1366)
	at org.apache.coyote.AbstractProtocol.start(AbstractProtocol.java:635)
	at org.apache.catalina.connector.Connector.startInternal(Connector.java:1043)
	... 24 common frames omitted
2026-03-08 01:13:04.313 [main] ERROR c.bedrock.mm.app.BedrockApplication - Failed to start Bedrock application
org.springframework.context.ApplicationContextException: Failed to start bean 'webServerStartStop'
	at org.springframework.context.support.DefaultLifecycleProcessor.doStart(DefaultLifecycleProcessor.java:287)
	at org.springframework.context.support.DefaultLifecycleProcessor$LifecycleGroup.start(DefaultLifecycleProcessor.java:467)
	at java.base/java.lang.Iterable.forEach(Iterable.java:75)
	at org.springframework.context.support.DefaultLifecycleProcessor.startBeans(DefaultLifecycleProcessor.java:256)
	at org.springframework.context.support.DefaultLifecycleProcessor.onRefresh(DefaultLifecycleProcessor.java:201)
	at org.springframework.context.support.AbstractApplicationContext.finishRefresh(AbstractApplicationContext.java:979)
	at org.springframework.context.support.AbstractApplicationContext.refresh(AbstractApplicationContext.java:628)
	at org.springframework.boot.web.servlet.context.ServletWebServerApplicationContext.refresh(ServletWebServerApplicationContext.java:146)
	at org.springframework.boot.SpringApplication.refresh(SpringApplication.java:762)
	at org.springframework.boot.SpringApplication.refreshContext(SpringApplication.java:464)
	at org.springframework.boot.SpringApplication.run(SpringApplication.java:334)
	at org.springframework.boot.SpringApplication.run(SpringApplication.java:1358)
	at org.springframework.boot.SpringApplication.run(SpringApplication.java:1347)
	at com.bedrock.mm.app.BedrockApplication.main(BedrockApplication.java:30)
	at java.base/jdk.internal.reflect.DirectMethodHandleAccessor.invoke(DirectMethodHandleAccessor.java:103)
	at java.base/java.lang.reflect.Method.invoke(Method.java:580)
	at org.springframework.boot.loader.launch.Launcher.launch(Launcher.java:91)
	at org.springframework.boot.loader.launch.Launcher.launch(Launcher.java:53)
	at org.springframework.boot.loader.launch.JarLauncher.main(JarLauncher.java:58)
Caused by: org.springframework.boot.web.server.WebServerException: Unable to start embedded Tomcat server
	at org.springframework.boot.web.embedded.tomcat.TomcatWebServer.start(TomcatWebServer.java:249)
	at org.springframework.boot.web.servlet.context.WebServerStartStopLifecycle.start(WebServerStartStopLifecycle.java:44)
	at org.springframework.context.support.DefaultLifecycleProcessor.doStart(DefaultLifecycleProcessor.java:284)
	... 18 common frames omitted
Caused by: java.lang.IllegalArgumentException: standardService.connector.startFailed
	at org.apache.catalina.core.StandardService.addConnector(StandardService.java:235)
	at org.springframework.boot.web.embedded.tomcat.TomcatWebServer.addPreviouslyRemovedConnectors(TomcatWebServer.java:306)
	at org.springframework.boot.web.embedded.tomcat.TomcatWebServer.start(TomcatWebServer.java:234)
	... 20 common frames omitted
Caused by: org.apache.catalina.LifecycleException: Protocol handler start failed
	at org.apache.catalina.connector.Connector.startInternal(Connector.java:1046)
	at org.apache.catalina.util.LifecycleBase.start(LifecycleBase.java:171)
	at org.apache.catalina.core.StandardService.addConnector(StandardService.java:232)
	... 22 common frames omitted
Caused by: java.net.SocketException: Operation not permitted
	at java.base/sun.nio.ch.Net.bind0(Native Method)
	at java.base/sun.nio.ch.Net.bind(Net.java:565)
	at java.base/sun.nio.ch.ServerSocketChannelImpl.netBind(ServerSocketChannelImpl.java:344)
	at java.base/sun.nio.ch.ServerSocketChannelImpl.bind(ServerSocketChannelImpl.java:301)
	at org.apache.tomcat.util.net.NioEndpoint.initServerSocket(NioEndpoint.java:247)
	at org.apache.tomcat.util.net.NioEndpoint.bind(NioEndpoint.java:202)
	at org.apache.tomcat.util.net.AbstractEndpoint.bindWithCleanup(AbstractEndpoint.java:1280)
	at org.apache.tomcat.util.net.AbstractEndpoint.start(AbstractEndpoint.java:1366)
	at org.apache.coyote.AbstractProtocol.start(AbstractProtocol.java:635)
	at org.apache.catalina.connector.Connector.startInternal(Connector.java:1043)
	... 24 common frames omitted
2026-03-08 10:25:11.081 [main] INFO  c.bedrock.mm.app.BedrockApplication - Starting BedrockApplication using Java 21.0.8 with PID 97108 (/Users/kaymen/workspace/pixu-master/bedrock-app/target/bedrock-app-1.0.0-SNAPSHOT.jar started by kaymen in /Users/kaymen/workspace/pixu-master)
2026-03-08 10:25:11.083 [main] DEBUG c.bedrock.mm.app.BedrockApplication - Running with Spring Boot v3.2.1, Spring v6.1.2
2026-03-08 10:25:11.084 [main] INFO  c.bedrock.mm.app.BedrockApplication - The following 1 profile is active: "development"
2026-03-08 10:25:12.296 [main] INFO  o.a.catalina.core.StandardService - Starting service [Tomcat]
2026-03-08 10:25:12.296 [main] INFO  o.a.catalina.core.StandardEngine - Starting Servlet engine: [Apache Tomcat/10.1.17]
2026-03-08 10:25:12.367 [main] INFO  o.a.c.c.C.[.[localhost].[/api] - Initializing Spring embedded WebApplicationContext
2026-03-08 10:25:12.563 [main] INFO  com.bedrock.mm.aeron.ChannelFactory - Registered channel provider InProc for mode IN_PROC
2026-03-08 10:25:12.565 [main] INFO  com.bedrock.mm.aeron.ChannelFactory - Registered channel provider Aeron for mode AERON_IPC
2026-03-08 10:25:12.565 [main] INFO  com.bedrock.mm.aeron.ChannelFactory - Registered channel provider Aeron for mode AERON_UDP
2026-03-08 10:25:12.566 [main] INFO  c.b.mm.aeron.AeronChannelProvider - Initializing Aeron channel provider
2026-03-08 10:25:12.607 [main] INFO  c.b.mm.aeron.AeronChannelProvider - Connected to Aeron at /tmp/aeron-bedrock-phase6
2026-03-08 10:25:12.785 [main] INFO  c.b.mm.aeron.AeronChannelPublisher - Created Aeron publisher for stream 9000 on channel aeron:ipc
2026-03-08 10:25:12.789 [main] INFO  c.b.mm.aeron.AeronChannelSubscriber - Created Aeron subscriber for stream 9000 on channel aeron:ipc
2026-03-08 10:25:12.873 [main] INFO  c.b.m.a.c.BedrockAutoConfiguration - Configuration validation passed for Bedrock Market Making System v1.0.0 (development)
2026-03-08 10:25:12.919 [main] INFO  com.bedrock.mm.app.config.WebConfig - CORS enabled with origins: *
2026-03-08 10:25:13.376 [main] WARN  o.s.b.w.s.c.AnnotationConfigServletWebServerApplicationContext - Exception encountered during context initialization - cancelling refresh attempt: org.springframework.context.ApplicationContextException: Failed to start bean 'webServerStartStop'
2026-03-08 10:25:13.377 [main] INFO  c.b.mm.aeron.AeronChannelPublisher - Closing Aeron publisher for stream 9000
2026-03-08 10:25:13.377 [main] INFO  c.b.mm.aeron.AeronChannelSubscriber - Closing Aeron subscriber for stream 9000
2026-03-08 10:25:13.415 [main] ERROR o.s.boot.SpringApplication - Application run failed
org.springframework.context.ApplicationContextException: Failed to start bean 'webServerStartStop'
	at org.springframework.context.support.DefaultLifecycleProcessor.doStart(DefaultLifecycleProcessor.java:287)
	at org.springframework.context.support.DefaultLifecycleProcessor$LifecycleGroup.start(DefaultLifecycleProcessor.java:467)
	at java.base/java.lang.Iterable.forEach(Iterable.java:75)
	at org.springframework.context.support.DefaultLifecycleProcessor.startBeans(DefaultLifecycleProcessor.java:256)
	at org.springframework.context.support.DefaultLifecycleProcessor.onRefresh(DefaultLifecycleProcessor.java:201)
	at org.springframework.context.support.AbstractApplicationContext.finishRefresh(AbstractApplicationContext.java:979)
	at org.springframework.context.support.AbstractApplicationContext.refresh(AbstractApplicationContext.java:628)
	at org.springframework.boot.web.servlet.context.ServletWebServerApplicationContext.refresh(ServletWebServerApplicationContext.java:146)
	at org.springframework.boot.SpringApplication.refresh(SpringApplication.java:762)
	at org.springframework.boot.SpringApplication.refreshContext(SpringApplication.java:464)
	at org.springframework.boot.SpringApplication.run(SpringApplication.java:334)
	at org.springframework.boot.SpringApplication.run(SpringApplication.java:1358)
	at org.springframework.boot.SpringApplication.run(SpringApplication.java:1347)
	at com.bedrock.mm.app.BedrockApplication.main(BedrockApplication.java:30)
	at java.base/jdk.internal.reflect.DirectMethodHandleAccessor.invoke(DirectMethodHandleAccessor.java:103)
	at java.base/java.lang.reflect.Method.invoke(Method.java:580)
	at org.springframework.boot.loader.launch.Launcher.launch(Launcher.java:91)
	at org.springframework.boot.loader.launch.Launcher.launch(Launcher.java:53)
	at org.springframework.boot.loader.launch.JarLauncher.main(JarLauncher.java:58)
Caused by: org.springframework.boot.web.server.WebServerException: Unable to start embedded Tomcat server
	at org.springframework.boot.web.embedded.tomcat.TomcatWebServer.start(TomcatWebServer.java:249)
	at org.springframework.boot.web.servlet.context.WebServerStartStopLifecycle.start(WebServerStartStopLifecycle.java:44)
	at org.springframework.context.support.DefaultLifecycleProcessor.doStart(DefaultLifecycleProcessor.java:284)
	... 18 common frames omitted
Caused by: java.lang.IllegalArgumentException: standardService.connector.startFailed
	at org.apache.catalina.core.StandardService.addConnector(StandardService.java:235)
	at org.springframework.boot.web.embedded.tomcat.TomcatWebServer.addPreviouslyRemovedConnectors(TomcatWebServer.java:306)
	at org.springframework.boot.web.embedded.tomcat.TomcatWebServer.start(TomcatWebServer.java:234)
	... 20 common frames omitted
Caused by: org.apache.catalina.LifecycleException: Protocol handler start failed
	at org.apache.catalina.connector.Connector.startInternal(Connector.java:1046)
	at org.apache.catalina.util.LifecycleBase.start(LifecycleBase.java:171)
	at org.apache.catalina.core.StandardService.addConnector(StandardService.java:232)
	... 22 common frames omitted
Caused by: java.net.SocketException: Operation not permitted
	at java.base/sun.nio.ch.Net.bind0(Native Method)
	at java.base/sun.nio.ch.Net.bind(Net.java:565)
	at java.base/sun.nio.ch.ServerSocketChannelImpl.netBind(ServerSocketChannelImpl.java:344)
	at java.base/sun.nio.ch.ServerSocketChannelImpl.bind(ServerSocketChannelImpl.java:301)
	at org.apache.tomcat.util.net.NioEndpoint.initServerSocket(NioEndpoint.java:247)
	at org.apache.tomcat.util.net.NioEndpoint.bind(NioEndpoint.java:202)
	at org.apache.tomcat.util.net.AbstractEndpoint.bindWithCleanup(AbstractEndpoint.java:1280)
	at org.apache.tomcat.util.net.AbstractEndpoint.start(AbstractEndpoint.java:1366)
	at org.apache.coyote.AbstractProtocol.start(AbstractProtocol.java:635)
	at org.apache.catalina.connector.Connector.startInternal(Connector.java:1043)
	... 24 common frames omitted
2026-03-08 10:25:13.421 [main] ERROR c.bedrock.mm.app.BedrockApplication - Failed to start Bedrock application
org.springframework.context.ApplicationContextException: Failed to start bean 'webServerStartStop'
	at org.springframework.context.support.DefaultLifecycleProcessor.doStart(DefaultLifecycleProcessor.java:287)
	at org.springframework.context.support.DefaultLifecycleProcessor$LifecycleGroup.start(DefaultLifecycleProcessor.java:467)
	at java.base/java.lang.Iterable.forEach(Iterable.java:75)
	at org.springframework.context.support.DefaultLifecycleProcessor.startBeans(DefaultLifecycleProcessor.java:256)
	at org.springframework.context.support.DefaultLifecycleProcessor.onRefresh(DefaultLifecycleProcessor.java:201)
	at org.springframework.context.support.AbstractApplicationContext.finishRefresh(AbstractApplicationContext.java:979)
	at org.springframework.context.support.AbstractApplicationContext.refresh(AbstractApplicationContext.java:628)
	at org.springframework.boot.web.servlet.context.ServletWebServerApplicationContext.refresh(ServletWebServerApplicationContext.java:146)
	at org.springframework.boot.SpringApplication.refresh(SpringApplication.java:762)
	at org.springframework.boot.SpringApplication.refreshContext(SpringApplication.java:464)
	at org.springframework.boot.SpringApplication.run(SpringApplication.java:334)
	at org.springframework.boot.SpringApplication.run(SpringApplication.java:1358)
	at org.springframework.boot.SpringApplication.run(SpringApplication.java:1347)
	at com.bedrock.mm.app.BedrockApplication.main(BedrockApplication.java:30)
	at java.base/jdk.internal.reflect.DirectMethodHandleAccessor.invoke(DirectMethodHandleAccessor.java:103)
	at java.base/java.lang.reflect.Method.invoke(Method.java:580)
	at org.springframework.boot.loader.launch.Launcher.launch(Launcher.java:91)
	at org.springframework.boot.loader.launch.Launcher.launch(Launcher.java:53)
	at org.springframework.boot.loader.launch.JarLauncher.main(JarLauncher.java:58)
Caused by: org.springframework.boot.web.server.WebServerException: Unable to start embedded Tomcat server
	at org.springframework.boot.web.embedded.tomcat.TomcatWebServer.start(TomcatWebServer.java:249)
	at org.springframework.boot.web.servlet.context.WebServerStartStopLifecycle.start(WebServerStartStopLifecycle.java:44)
	at org.springframework.context.support.DefaultLifecycleProcessor.doStart(DefaultLifecycleProcessor.java:284)
	... 18 common frames omitted
Caused by: java.lang.IllegalArgumentException: standardService.connector.startFailed
	at org.apache.catalina.core.StandardService.addConnector(StandardService.java:235)
	at org.springframework.boot.web.embedded.tomcat.TomcatWebServer.addPreviouslyRemovedConnectors(TomcatWebServer.java:306)
	at org.springframework.boot.web.embedded.tomcat.TomcatWebServer.start(TomcatWebServer.java:234)
	... 20 common frames omitted
Caused by: org.apache.catalina.LifecycleException: Protocol handler start failed
	at org.apache.catalina.connector.Connector.startInternal(Connector.java:1046)
	at org.apache.catalina.util.LifecycleBase.start(LifecycleBase.java:171)
	at org.apache.catalina.core.StandardService.addConnector(StandardService.java:232)
	... 22 common frames omitted
Caused by: java.net.SocketException: Operation not permitted
	at java.base/sun.nio.ch.Net.bind0(Native Method)
	at java.base/sun.nio.ch.Net.bind(Net.java:565)
	at java.base/sun.nio.ch.ServerSocketChannelImpl.netBind(ServerSocketChannelImpl.java:344)
	at java.base/sun.nio.ch.ServerSocketChannelImpl.bind(ServerSocketChannelImpl.java:301)
	at org.apache.tomcat.util.net.NioEndpoint.initServerSocket(NioEndpoint.java:247)
	at org.apache.tomcat.util.net.NioEndpoint.bind(NioEndpoint.java:202)
	at org.apache.tomcat.util.net.AbstractEndpoint.bindWithCleanup(AbstractEndpoint.java:1280)
	at org.apache.tomcat.util.net.AbstractEndpoint.start(AbstractEndpoint.java:1366)
	at org.apache.coyote.AbstractProtocol.start(AbstractProtocol.java:635)
	at org.apache.catalina.connector.Connector.startInternal(Connector.java:1043)
	... 24 common frames omitted
2026-03-08 10:28:00.492 [main] INFO  c.bedrock.mm.app.BedrockApplication - Starting BedrockApplication using Java 21.0.8 with PID 98471 (/Users/kaymen/workspace/pixu-master/bedrock-app/target/bedrock-app-1.0.0-SNAPSHOT.jar started by kaymen in /Users/kaymen/workspace/pixu-master)
2026-03-08 10:28:00.503 [main] DEBUG c.bedrock.mm.app.BedrockApplication - Running with Spring Boot v3.2.1, Spring v6.1.2
2026-03-08 10:28:00.504 [main] INFO  c.bedrock.mm.app.BedrockApplication - The following 1 profile is active: "development"
2026-03-08 10:28:01.839 [main] INFO  o.a.catalina.core.StandardService - Starting service [Tomcat]
2026-03-08 10:28:01.839 [main] INFO  o.a.catalina.core.StandardEngine - Starting Servlet engine: [Apache Tomcat/10.1.17]
2026-03-08 10:28:01.868 [main] INFO  o.a.c.c.C.[.[localhost].[/api] - Initializing Spring embedded WebApplicationContext
2026-03-08 10:28:02.047 [main] INFO  com.bedrock.mm.aeron.ChannelFactory - Registered channel provider InProc for mode IN_PROC
2026-03-08 10:28:02.048 [main] INFO  com.bedrock.mm.aeron.ChannelFactory - Registered channel provider Aeron for mode AERON_IPC
2026-03-08 10:28:02.048 [main] INFO  com.bedrock.mm.aeron.ChannelFactory - Registered channel provider Aeron for mode AERON_UDP
2026-03-08 10:28:02.050 [main] INFO  c.b.mm.aeron.AeronChannelProvider - Initializing Aeron channel provider
2026-03-08 10:28:02.088 [main] INFO  c.b.mm.aeron.AeronChannelProvider - Connected to Aeron at /tmp/aeron-bedrock-phase6
2026-03-08 10:28:02.174 [main] INFO  c.b.mm.aeron.AeronChannelPublisher - Created Aeron publisher for stream 9000 on channel aeron:ipc
2026-03-08 10:28:02.181 [main] INFO  c.b.mm.aeron.AeronChannelSubscriber - Created Aeron subscriber for stream 9000 on channel aeron:ipc
2026-03-08 10:28:02.267 [main] INFO  c.b.m.a.c.BedrockAutoConfiguration - Configuration validation passed for Bedrock Market Making System v1.0.0 (development)
2026-03-08 10:28:02.319 [main] INFO  com.bedrock.mm.app.config.WebConfig - CORS enabled with origins: *
2026-03-08 10:28:02.809 [main] WARN  o.s.b.w.s.c.AnnotationConfigServletWebServerApplicationContext - Exception encountered during context initialization - cancelling refresh attempt: org.springframework.context.ApplicationContextException: Failed to start bean 'webServerStartStop'
2026-03-08 10:28:02.810 [main] INFO  c.b.mm.aeron.AeronChannelPublisher - Closing Aeron publisher for stream 9000
2026-03-08 10:28:02.810 [main] INFO  c.b.mm.aeron.AeronChannelSubscriber - Closing Aeron subscriber for stream 9000
2026-03-08 10:28:02.853 [main] ERROR o.s.boot.SpringApplication - Application run failed
org.springframework.context.ApplicationContextException: Failed to start bean 'webServerStartStop'
	at org.springframework.context.support.DefaultLifecycleProcessor.doStart(DefaultLifecycleProcessor.java:287)
	at org.springframework.context.support.DefaultLifecycleProcessor$LifecycleGroup.start(DefaultLifecycleProcessor.java:467)
	at java.base/java.lang.Iterable.forEach(Iterable.java:75)
	at org.springframework.context.support.DefaultLifecycleProcessor.startBeans(DefaultLifecycleProcessor.java:256)
	at org.springframework.context.support.DefaultLifecycleProcessor.onRefresh(DefaultLifecycleProcessor.java:201)
	at org.springframework.context.support.AbstractApplicationContext.finishRefresh(AbstractApplicationContext.java:979)
	at org.springframework.context.support.AbstractApplicationContext.refresh(AbstractApplicationContext.java:628)
	at org.springframework.boot.web.servlet.context.ServletWebServerApplicationContext.refresh(ServletWebServerApplicationContext.java:146)
	at org.springframework.boot.SpringApplication.refresh(SpringApplication.java:762)
	at org.springframework.boot.SpringApplication.refreshContext(SpringApplication.java:464)
	at org.springframework.boot.SpringApplication.run(SpringApplication.java:334)
	at org.springframework.boot.SpringApplication.run(SpringApplication.java:1358)
	at org.springframework.boot.SpringApplication.run(SpringApplication.java:1347)
	at com.bedrock.mm.app.BedrockApplication.main(BedrockApplication.java:30)
	at java.base/jdk.internal.reflect.DirectMethodHandleAccessor.invoke(DirectMethodHandleAccessor.java:103)
	at java.base/java.lang.reflect.Method.invoke(Method.java:580)
	at org.springframework.boot.loader.launch.Launcher.launch(Launcher.java:91)
	at org.springframework.boot.loader.launch.Launcher.launch(Launcher.java:53)
	at org.springframework.boot.loader.launch.JarLauncher.main(JarLauncher.java:58)
Caused by: org.springframework.boot.web.server.WebServerException: Unable to start embedded Tomcat server
	at org.springframework.boot.web.embedded.tomcat.TomcatWebServer.start(TomcatWebServer.java:249)
	at org.springframework.boot.web.servlet.context.WebServerStartStopLifecycle.start(WebServerStartStopLifecycle.java:44)
	at org.springframework.context.support.DefaultLifecycleProcessor.doStart(DefaultLifecycleProcessor.java:284)
	... 18 common frames omitted
Caused by: java.lang.IllegalArgumentException: standardService.connector.startFailed
	at org.apache.catalina.core.StandardService.addConnector(StandardService.java:235)
	at org.springframework.boot.web.embedded.tomcat.TomcatWebServer.addPreviouslyRemovedConnectors(TomcatWebServer.java:306)
	at org.springframework.boot.web.embedded.tomcat.TomcatWebServer.start(TomcatWebServer.java:234)
	... 20 common frames omitted
Caused by: org.apache.catalina.LifecycleException: Protocol handler start failed
	at org.apache.catalina.connector.Connector.startInternal(Connector.java:1046)
	at org.apache.catalina.util.LifecycleBase.start(LifecycleBase.java:171)
	at org.apache.catalina.core.StandardService.addConnector(StandardService.java:232)
	... 22 common frames omitted
Caused by: java.net.SocketException: Operation not permitted
	at java.base/sun.nio.ch.Net.bind0(Native Method)
	at java.base/sun.nio.ch.Net.bind(Net.java:565)
	at java.base/sun.nio.ch.ServerSocketChannelImpl.netBind(ServerSocketChannelImpl.java:344)
	at java.base/sun.nio.ch.ServerSocketChannelImpl.bind(ServerSocketChannelImpl.java:301)
	at org.apache.tomcat.util.net.NioEndpoint.initServerSocket(NioEndpoint.java:247)
	at org.apache.tomcat.util.net.NioEndpoint.bind(NioEndpoint.java:202)
	at org.apache.tomcat.util.net.AbstractEndpoint.bindWithCleanup(AbstractEndpoint.java:1280)
	at org.apache.tomcat.util.net.AbstractEndpoint.start(AbstractEndpoint.java:1366)
	at org.apache.coyote.AbstractProtocol.start(AbstractProtocol.java:635)
	at org.apache.catalina.connector.Connector.startInternal(Connector.java:1043)
	... 24 common frames omitted
2026-03-08 10:28:02.857 [main] ERROR c.bedrock.mm.app.BedrockApplication - Failed to start Bedrock application
org.springframework.context.ApplicationContextException: Failed to start bean 'webServerStartStop'
	at org.springframework.context.support.DefaultLifecycleProcessor.doStart(DefaultLifecycleProcessor.java:287)
	at org.springframework.context.support.DefaultLifecycleProcessor$LifecycleGroup.start(DefaultLifecycleProcessor.java:467)
	at java.base/java.lang.Iterable.forEach(Iterable.java:75)
	at org.springframework.context.support.DefaultLifecycleProcessor.startBeans(DefaultLifecycleProcessor.java:256)
	at org.springframework.context.support.DefaultLifecycleProcessor.onRefresh(DefaultLifecycleProcessor.java:201)
	at org.springframework.context.support.AbstractApplicationContext.finishRefresh(AbstractApplicationContext.java:979)
	at org.springframework.context.support.AbstractApplicationContext.refresh(AbstractApplicationContext.java:628)
	at org.springframework.boot.web.servlet.context.ServletWebServerApplicationContext.refresh(ServletWebServerApplicationContext.java:146)
	at org.springframework.boot.SpringApplication.refresh(SpringApplication.java:762)
	at org.springframework.boot.SpringApplication.refreshContext(SpringApplication.java:464)
	at org.springframework.boot.SpringApplication.run(SpringApplication.java:334)
	at org.springframework.boot.SpringApplication.run(SpringApplication.java:1358)
	at org.springframework.boot.SpringApplication.run(SpringApplication.java:1347)
	at com.bedrock.mm.app.BedrockApplication.main(BedrockApplication.java:30)
	at java.base/jdk.internal.reflect.DirectMethodHandleAccessor.invoke(DirectMethodHandleAccessor.java:103)
	at java.base/java.lang.reflect.Method.invoke(Method.java:580)
	at org.springframework.boot.loader.launch.Launcher.launch(Launcher.java:91)
	at org.springframework.boot.loader.launch.Launcher.launch(Launcher.java:53)
	at org.springframework.boot.loader.launch.JarLauncher.main(JarLauncher.java:58)
Caused by: org.springframework.boot.web.server.WebServerException: Unable to start embedded Tomcat server
	at org.springframework.boot.web.embedded.tomcat.TomcatWebServer.start(TomcatWebServer.java:249)
	at org.springframework.boot.web.servlet.context.WebServerStartStopLifecycle.start(WebServerStartStopLifecycle.java:44)
	at org.springframework.context.support.DefaultLifecycleProcessor.doStart(DefaultLifecycleProcessor.java:284)
	... 18 common frames omitted
Caused by: java.lang.IllegalArgumentException: standardService.connector.startFailed
	at org.apache.catalina.core.StandardService.addConnector(StandardService.java:235)
	at org.springframework.boot.web.embedded.tomcat.TomcatWebServer.addPreviouslyRemovedConnectors(TomcatWebServer.java:306)
	at org.springframework.boot.web.embedded.tomcat.TomcatWebServer.start(TomcatWebServer.java:234)
	... 20 common frames omitted
Caused by: org.apache.catalina.LifecycleException: Protocol handler start failed
	at org.apache.catalina.connector.Connector.startInternal(Connector.java:1046)
	at org.apache.catalina.util.LifecycleBase.start(LifecycleBase.java:171)
	at org.apache.catalina.core.StandardService.addConnector(StandardService.java:232)
	... 22 common frames omitted
Caused by: java.net.SocketException: Operation not permitted
	at java.base/sun.nio.ch.Net.bind0(Native Method)
	at java.base/sun.nio.ch.Net.bind(Net.java:565)
	at java.base/sun.nio.ch.ServerSocketChannelImpl.netBind(ServerSocketChannelImpl.java:344)
	at java.base/sun.nio.ch.ServerSocketChannelImpl.bind(ServerSocketChannelImpl.java:301)
	at org.apache.tomcat.util.net.NioEndpoint.initServerSocket(NioEndpoint.java:247)
	at org.apache.tomcat.util.net.NioEndpoint.bind(NioEndpoint.java:202)
	at org.apache.tomcat.util.net.AbstractEndpoint.bindWithCleanup(AbstractEndpoint.java:1280)
	at org.apache.tomcat.util.net.AbstractEndpoint.start(AbstractEndpoint.java:1366)
	at org.apache.coyote.AbstractProtocol.start(AbstractProtocol.java:635)
	at org.apache.catalina.connector.Connector.startInternal(Connector.java:1043)
	... 24 common frames omitted
2026-03-08 11:00:07.982 [main] INFO  c.bedrock.mm.app.BedrockApplication - Starting BedrockApplication using Java 21.0.8 with PID 28547 (/Users/kaymen/workspace/pixu-master/bedrock-app/target/bedrock-app-1.0.0-SNAPSHOT.jar started by kaymen in /Users/kaymen/workspace/pixu-master)
2026-03-08 11:00:07.991 [main] DEBUG c.bedrock.mm.app.BedrockApplication - Running with Spring Boot v3.2.1, Spring v6.1.2
2026-03-08 11:00:07.992 [main] INFO  c.bedrock.mm.app.BedrockApplication - The following 1 profile is active: "development"
2026-03-08 11:00:09.215 [main] INFO  o.a.catalina.core.StandardService - Starting service [Tomcat]
2026-03-08 11:00:09.215 [main] INFO  o.a.catalina.core.StandardEngine - Starting Servlet engine: [Apache Tomcat/10.1.17]
2026-03-08 11:00:09.269 [main] INFO  o.a.c.c.C.[.[localhost].[/api] - Initializing Spring embedded WebApplicationContext
2026-03-08 11:00:09.513 [main] INFO  com.bedrock.mm.aeron.ChannelFactory - Registered channel provider InProc for mode IN_PROC
2026-03-08 11:00:09.514 [main] INFO  com.bedrock.mm.aeron.ChannelFactory - Registered channel provider Aeron for mode AERON_IPC
2026-03-08 11:00:09.514 [main] INFO  com.bedrock.mm.aeron.ChannelFactory - Registered channel provider Aeron for mode AERON_UDP
2026-03-08 11:00:09.515 [main] INFO  c.b.mm.aeron.AeronChannelProvider - Initializing Aeron channel provider
2026-03-08 11:00:09.540 [main] INFO  c.b.mm.aeron.AeronChannelProvider - Connected to Aeron at /tmp/aeron-bedrock-phase6
2026-03-08 11:00:09.701 [main] INFO  c.b.mm.aeron.AeronChannelPublisher - Created Aeron publisher for stream 9000 on channel aeron:ipc
2026-03-08 11:00:09.710 [main] INFO  c.b.mm.aeron.AeronChannelSubscriber - Created Aeron subscriber for stream 9000 on channel aeron:ipc
2026-03-08 11:00:09.820 [main] INFO  c.b.m.a.c.BedrockAutoConfiguration - Configuration validation passed for Bedrock Market Making System v1.0.0 (development)
2026-03-08 11:00:09.875 [main] INFO  com.bedrock.mm.app.config.WebConfig - CORS enabled with origins: *
2026-03-08 11:00:10.245 [main] WARN  o.s.b.w.s.c.AnnotationConfigServletWebServerApplicationContext - Exception encountered during context initialization - cancelling refresh attempt: org.springframework.context.ApplicationContextException: Failed to start bean 'webServerStartStop'
2026-03-08 11:00:10.246 [main] INFO  c.b.mm.aeron.AeronChannelPublisher - Closing Aeron publisher for stream 9000
2026-03-08 11:00:10.246 [main] INFO  c.b.mm.aeron.AeronChannelSubscriber - Closing Aeron subscriber for stream 9000
2026-03-08 11:00:10.278 [main] ERROR o.s.boot.SpringApplication - Application run failed
org.springframework.context.ApplicationContextException: Failed to start bean 'webServerStartStop'
	at org.springframework.context.support.DefaultLifecycleProcessor.doStart(DefaultLifecycleProcessor.java:287)
	at org.springframework.context.support.DefaultLifecycleProcessor$LifecycleGroup.start(DefaultLifecycleProcessor.java:467)
	at java.base/java.lang.Iterable.forEach(Iterable.java:75)
	at org.springframework.context.support.DefaultLifecycleProcessor.startBeans(DefaultLifecycleProcessor.java:256)
	at org.springframework.context.support.DefaultLifecycleProcessor.onRefresh(DefaultLifecycleProcessor.java:201)
	at org.springframework.context.support.AbstractApplicationContext.finishRefresh(AbstractApplicationContext.java:979)
	at org.springframework.context.support.AbstractApplicationContext.refresh(AbstractApplicationContext.java:628)
	at org.springframework.boot.web.servlet.context.ServletWebServerApplicationContext.refresh(ServletWebServerApplicationContext.java:146)
	at org.springframework.boot.SpringApplication.refresh(SpringApplication.java:762)
	at org.springframework.boot.SpringApplication.refreshContext(SpringApplication.java:464)
	at org.springframework.boot.SpringApplication.run(SpringApplication.java:334)
	at org.springframework.boot.SpringApplication.run(SpringApplication.java:1358)
	at org.springframework.boot.SpringApplication.run(SpringApplication.java:1347)
	at com.bedrock.mm.app.BedrockApplication.main(BedrockApplication.java:30)
	at java.base/jdk.internal.reflect.DirectMethodHandleAccessor.invoke(DirectMethodHandleAccessor.java:103)
	at java.base/java.lang.reflect.Method.invoke(Method.java:580)
	at org.springframework.boot.loader.launch.Launcher.launch(Launcher.java:91)
	at org.springframework.boot.loader.launch.Launcher.launch(Launcher.java:53)
	at org.springframework.boot.loader.launch.JarLauncher.main(JarLauncher.java:58)
Caused by: org.springframework.boot.web.server.WebServerException: Unable to start embedded Tomcat server
	at org.springframework.boot.web.embedded.tomcat.TomcatWebServer.start(TomcatWebServer.java:249)
	at org.springframework.boot.web.servlet.context.WebServerStartStopLifecycle.start(WebServerStartStopLifecycle.java:44)
	at org.springframework.context.support.DefaultLifecycleProcessor.doStart(DefaultLifecycleProcessor.java:284)
	... 18 common frames omitted
Caused by: java.lang.IllegalArgumentException: standardService.connector.startFailed
	at org.apache.catalina.core.StandardService.addConnector(StandardService.java:235)
	at org.springframework.boot.web.embedded.tomcat.TomcatWebServer.addPreviouslyRemovedConnectors(TomcatWebServer.java:306)
	at org.springframework.boot.web.embedded.tomcat.TomcatWebServer.start(TomcatWebServer.java:234)
	... 20 common frames omitted
Caused by: org.apache.catalina.LifecycleException: Protocol handler start failed
	at org.apache.catalina.connector.Connector.startInternal(Connector.java:1046)
	at org.apache.catalina.util.LifecycleBase.start(LifecycleBase.java:171)
	at org.apache.catalina.core.StandardService.addConnector(StandardService.java:232)
	... 22 common frames omitted
Caused by: java.net.SocketException: Operation not permitted
	at java.base/sun.nio.ch.Net.bind0(Native Method)
	at java.base/sun.nio.ch.Net.bind(Net.java:565)
	at java.base/sun.nio.ch.ServerSocketChannelImpl.netBind(ServerSocketChannelImpl.java:344)
	at java.base/sun.nio.ch.ServerSocketChannelImpl.bind(ServerSocketChannelImpl.java:301)
	at org.apache.tomcat.util.net.NioEndpoint.initServerSocket(NioEndpoint.java:247)
	at org.apache.tomcat.util.net.NioEndpoint.bind(NioEndpoint.java:202)
	at org.apache.tomcat.util.net.AbstractEndpoint.bindWithCleanup(AbstractEndpoint.java:1280)
	at org.apache.tomcat.util.net.AbstractEndpoint.start(AbstractEndpoint.java:1366)
	at org.apache.coyote.AbstractProtocol.start(AbstractProtocol.java:635)
	at org.apache.catalina.connector.Connector.startInternal(Connector.java:1043)
	... 24 common frames omitted
2026-03-08 11:00:10.283 [main] ERROR c.bedrock.mm.app.BedrockApplication - Failed to start Bedrock application
org.springframework.context.ApplicationContextException: Failed to start bean 'webServerStartStop'
	at org.springframework.context.support.DefaultLifecycleProcessor.doStart(DefaultLifecycleProcessor.java:287)
	at org.springframework.context.support.DefaultLifecycleProcessor$LifecycleGroup.start(DefaultLifecycleProcessor.java:467)
	at java.base/java.lang.Iterable.forEach(Iterable.java:75)
	at org.springframework.context.support.DefaultLifecycleProcessor.startBeans(DefaultLifecycleProcessor.java:256)
	at org.springframework.context.support.DefaultLifecycleProcessor.onRefresh(DefaultLifecycleProcessor.java:201)
	at org.springframework.context.support.AbstractApplicationContext.finishRefresh(AbstractApplicationContext.java:979)
	at org.springframework.context.support.AbstractApplicationContext.refresh(AbstractApplicationContext.java:628)
	at org.springframework.boot.web.servlet.context.ServletWebServerApplicationContext.refresh(ServletWebServerApplicationContext.java:146)
	at org.springframework.boot.SpringApplication.refresh(SpringApplication.java:762)
	at org.springframework.boot.SpringApplication.refreshContext(SpringApplication.java:464)
	at org.springframework.boot.SpringApplication.run(SpringApplication.java:334)
	at org.springframework.boot.SpringApplication.run(SpringApplication.java:1358)
	at org.springframework.boot.SpringApplication.run(SpringApplication.java:1347)
	at com.bedrock.mm.app.BedrockApplication.main(BedrockApplication.java:30)
	at java.base/jdk.internal.reflect.DirectMethodHandleAccessor.invoke(DirectMethodHandleAccessor.java:103)
	at java.base/java.lang.reflect.Method.invoke(Method.java:580)
	at org.springframework.boot.loader.launch.Launcher.launch(Launcher.java:91)
	at org.springframework.boot.loader.launch.Launcher.launch(Launcher.java:53)
	at org.springframework.boot.loader.launch.JarLauncher.main(JarLauncher.java:58)
Caused by: org.springframework.boot.web.server.WebServerException: Unable to start embedded Tomcat server
	at org.springframework.boot.web.embedded.tomcat.TomcatWebServer.start(TomcatWebServer.java:249)
	at org.springframework.boot.web.servlet.context.WebServerStartStopLifecycle.start(WebServerStartStopLifecycle.java:44)
	at org.springframework.context.support.DefaultLifecycleProcessor.doStart(DefaultLifecycleProcessor.java:284)
	... 18 common frames omitted
Caused by: java.lang.IllegalArgumentException: standardService.connector.startFailed
	at org.apache.catalina.core.StandardService.addConnector(StandardService.java:235)
	at org.springframework.boot.web.embedded.tomcat.TomcatWebServer.addPreviouslyRemovedConnectors(TomcatWebServer.java:306)
	at org.springframework.boot.web.embedded.tomcat.TomcatWebServer.start(TomcatWebServer.java:234)
	... 20 common frames omitted
Caused by: org.apache.catalina.LifecycleException: Protocol handler start failed
	at org.apache.catalina.connector.Connector.startInternal(Connector.java:1046)
	at org.apache.catalina.util.LifecycleBase.start(LifecycleBase.java:171)
	at org.apache.catalina.core.StandardService.addConnector(StandardService.java:232)
	... 22 common frames omitted
Caused by: java.net.SocketException: Operation not permitted
	at java.base/sun.nio.ch.Net.bind0(Native Method)
	at java.base/sun.nio.ch.Net.bind(Net.java:565)
	at java.base/sun.nio.ch.ServerSocketChannelImpl.netBind(ServerSocketChannelImpl.java:344)
	at java.base/sun.nio.ch.ServerSocketChannelImpl.bind(ServerSocketChannelImpl.java:301)
	at org.apache.tomcat.util.net.NioEndpoint.initServerSocket(NioEndpoint.java:247)
	at org.apache.tomcat.util.net.NioEndpoint.bind(NioEndpoint.java:202)
	at org.apache.tomcat.util.net.AbstractEndpoint.bindWithCleanup(AbstractEndpoint.java:1280)
	at org.apache.tomcat.util.net.AbstractEndpoint.start(AbstractEndpoint.java:1366)
	at org.apache.coyote.AbstractProtocol.start(AbstractProtocol.java:635)
	at org.apache.catalina.connector.Connector.startInternal(Connector.java:1043)
	... 24 common frames omitted
2026-03-08 12:34:38.620 [main] INFO  c.bedrock.mm.app.BedrockApplication - Starting BedrockApplication using Java 21.0.8 with PID 32011 (/Users/kaymen/workspace/pixu-master/bedrock-app/target/bedrock-app-1.0.0-SNAPSHOT.jar started by kaymen in /Users/kaymen/workspace/pixu-master)
2026-03-08 12:34:38.620 [main] DEBUG c.bedrock.mm.app.BedrockApplication - Running with Spring Boot v3.2.1, Spring v6.1.2
2026-03-08 12:34:38.620 [main] INFO  c.bedrock.mm.app.BedrockApplication - The following 1 profile is active: "development"
2026-03-08 12:34:39.843 [main] INFO  o.a.catalina.core.StandardService - Starting service [Tomcat]
2026-03-08 12:34:39.843 [main] INFO  o.a.catalina.core.StandardEngine - Starting Servlet engine: [Apache Tomcat/10.1.17]
2026-03-08 12:34:39.878 [main] INFO  o.a.c.c.C.[.[localhost].[/api] - Initializing Spring embedded WebApplicationContext
2026-03-08 12:34:40.064 [main] INFO  com.bedrock.mm.aeron.ChannelFactory - Registered channel provider InProc for mode IN_PROC
2026-03-08 12:34:40.065 [main] INFO  com.bedrock.mm.aeron.ChannelFactory - Registered channel provider Aeron for mode AERON_IPC
2026-03-08 12:34:40.065 [main] INFO  com.bedrock.mm.aeron.ChannelFactory - Registered channel provider Aeron for mode AERON_UDP
2026-03-08 12:34:40.066 [main] INFO  c.b.mm.aeron.AeronChannelProvider - Initializing Aeron channel provider
2026-03-08 12:34:40.086 [main] INFO  c.b.mm.aeron.AeronChannelProvider - Connected to Aeron at /tmp/aeron-bedrock-phase6
2026-03-08 12:34:40.097 [main] INFO  c.b.mm.aeron.AeronChannelPublisher - Created Aeron publisher for stream 9000 on channel aeron:ipc
2026-03-08 12:34:40.100 [main] INFO  c.b.mm.aeron.AeronChannelSubscriber - Created Aeron subscriber for stream 9000 on channel aeron:ipc
2026-03-08 12:34:40.163 [main] INFO  c.b.m.a.c.BedrockAutoConfiguration - Configuration validation passed for Bedrock Market Making System v1.0.0 (development)
2026-03-08 12:34:40.213 [main] INFO  com.bedrock.mm.app.config.WebConfig - CORS enabled with origins: *
2026-03-08 12:34:40.618 [main] WARN  o.s.b.w.s.c.AnnotationConfigServletWebServerApplicationContext - Exception encountered during context initialization - cancelling refresh attempt: org.springframework.context.ApplicationContextException: Failed to start bean 'webServerStartStop'
2026-03-08 12:34:40.625 [main] INFO  c.b.mm.aeron.AeronChannelPublisher - Closing Aeron publisher for stream 9000
2026-03-08 12:34:40.625 [main] INFO  c.b.mm.aeron.AeronChannelSubscriber - Closing Aeron subscriber for stream 9000
2026-03-08 12:34:40.653 [main] ERROR o.s.boot.SpringApplication - Application run failed
org.springframework.context.ApplicationContextException: Failed to start bean 'webServerStartStop'
	at org.springframework.context.support.DefaultLifecycleProcessor.doStart(DefaultLifecycleProcessor.java:287)
	at org.springframework.context.support.DefaultLifecycleProcessor$LifecycleGroup.start(DefaultLifecycleProcessor.java:467)
	at java.base/java.lang.Iterable.forEach(Iterable.java:75)
	at org.springframework.context.support.DefaultLifecycleProcessor.startBeans(DefaultLifecycleProcessor.java:256)
	at org.springframework.context.support.DefaultLifecycleProcessor.onRefresh(DefaultLifecycleProcessor.java:201)
	at org.springframework.context.support.AbstractApplicationContext.finishRefresh(AbstractApplicationContext.java:979)
	at org.springframework.context.support.AbstractApplicationContext.refresh(AbstractApplicationContext.java:628)
	at org.springframework.boot.web.servlet.context.ServletWebServerApplicationContext.refresh(ServletWebServerApplicationContext.java:146)
	at org.springframework.boot.SpringApplication.refresh(SpringApplication.java:762)
	at org.springframework.boot.SpringApplication.refreshContext(SpringApplication.java:464)
	at org.springframework.boot.SpringApplication.run(SpringApplication.java:334)
	at org.springframework.boot.SpringApplication.run(SpringApplication.java:1358)
	at org.springframework.boot.SpringApplication.run(SpringApplication.java:1347)
	at com.bedrock.mm.app.BedrockApplication.main(BedrockApplication.java:30)
	at java.base/jdk.internal.reflect.DirectMethodHandleAccessor.invoke(DirectMethodHandleAccessor.java:103)
	at java.base/java.lang.reflect.Method.invoke(Method.java:580)
	at org.springframework.boot.loader.launch.Launcher.launch(Launcher.java:91)
	at org.springframework.boot.loader.launch.Launcher.launch(Launcher.java:53)
	at org.springframework.boot.loader.launch.JarLauncher.main(JarLauncher.java:58)
Caused by: org.springframework.boot.web.server.WebServerException: Unable to start embedded Tomcat server
	at org.springframework.boot.web.embedded.tomcat.TomcatWebServer.start(TomcatWebServer.java:249)
	at org.springframework.boot.web.servlet.context.WebServerStartStopLifecycle.start(WebServerStartStopLifecycle.java:44)
	at org.springframework.context.support.DefaultLifecycleProcessor.doStart(DefaultLifecycleProcessor.java:284)
	... 18 common frames omitted
Caused by: java.lang.IllegalArgumentException: standardService.connector.startFailed
	at org.apache.catalina.core.StandardService.addConnector(StandardService.java:235)
	at org.springframework.boot.web.embedded.tomcat.TomcatWebServer.addPreviouslyRemovedConnectors(TomcatWebServer.java:306)
	at org.springframework.boot.web.embedded.tomcat.TomcatWebServer.start(TomcatWebServer.java:234)
	... 20 common frames omitted
Caused by: org.apache.catalina.LifecycleException: Protocol handler start failed
	at org.apache.catalina.connector.Connector.startInternal(Connector.java:1046)
	at org.apache.catalina.util.LifecycleBase.start(LifecycleBase.java:171)
	at org.apache.catalina.core.StandardService.addConnector(StandardService.java:232)
	... 22 common frames omitted
Caused by: java.net.SocketException: Operation not permitted
	at java.base/sun.nio.ch.Net.bind0(Native Method)
	at java.base/sun.nio.ch.Net.bind(Net.java:565)
	at java.base/sun.nio.ch.ServerSocketChannelImpl.netBind(ServerSocketChannelImpl.java:344)
	at java.base/sun.nio.ch.ServerSocketChannelImpl.bind(ServerSocketChannelImpl.java:301)
	at org.apache.tomcat.util.net.NioEndpoint.initServerSocket(NioEndpoint.java:247)
	at org.apache.tomcat.util.net.NioEndpoint.bind(NioEndpoint.java:202)
	at org.apache.tomcat.util.net.AbstractEndpoint.bindWithCleanup(AbstractEndpoint.java:1280)
	at org.apache.tomcat.util.net.AbstractEndpoint.start(AbstractEndpoint.java:1366)
	at org.apache.coyote.AbstractProtocol.start(AbstractProtocol.java:635)
	at org.apache.catalina.connector.Connector.startInternal(Connector.java:1043)
	... 24 common frames omitted
2026-03-08 12:34:40.656 [main] ERROR c.bedrock.mm.app.BedrockApplication - Failed to start Bedrock application
org.springframework.context.ApplicationContextException: Failed to start bean 'webServerStartStop'
	at org.springframework.context.support.DefaultLifecycleProcessor.doStart(DefaultLifecycleProcessor.java:287)
	at org.springframework.context.support.DefaultLifecycleProcessor$LifecycleGroup.start(DefaultLifecycleProcessor.java:467)
	at java.base/java.lang.Iterable.forEach(Iterable.java:75)
	at org.springframework.context.support.DefaultLifecycleProcessor.startBeans(DefaultLifecycleProcessor.java:256)
	at org.springframework.context.support.DefaultLifecycleProcessor.onRefresh(DefaultLifecycleProcessor.java:201)
	at org.springframework.context.support.AbstractApplicationContext.finishRefresh(AbstractApplicationContext.java:979)
	at org.springframework.context.support.AbstractApplicationContext.refresh(AbstractApplicationContext.java:628)
	at org.springframework.boot.web.servlet.context.ServletWebServerApplicationContext.refresh(ServletWebServerApplicationContext.java:146)
	at org.springframework.boot.SpringApplication.refresh(SpringApplication.java:762)
	at org.springframework.boot.SpringApplication.refreshContext(SpringApplication.java:464)
	at org.springframework.boot.SpringApplication.run(SpringApplication.java:334)
	at org.springframework.boot.SpringApplication.run(SpringApplication.java:1358)
	at org.springframework.boot.SpringApplication.run(SpringApplication.java:1347)
	at com.bedrock.mm.app.BedrockApplication.main(BedrockApplication.java:30)
	at java.base/jdk.internal.reflect.DirectMethodHandleAccessor.invoke(DirectMethodHandleAccessor.java:103)
	at java.base/java.lang.reflect.Method.invoke(Method.java:580)
	at org.springframework.boot.loader.launch.Launcher.launch(Launcher.java:91)
	at org.springframework.boot.loader.launch.Launcher.launch(Launcher.java:53)
	at org.springframework.boot.loader.launch.JarLauncher.main(JarLauncher.java:58)
Caused by: org.springframework.boot.web.server.WebServerException: Unable to start embedded Tomcat server
	at org.springframework.boot.web.embedded.tomcat.TomcatWebServer.start(TomcatWebServer.java:249)
	at org.springframework.boot.web.servlet.context.WebServerStartStopLifecycle.start(WebServerStartStopLifecycle.java:44)
	at org.springframework.context.support.DefaultLifecycleProcessor.doStart(DefaultLifecycleProcessor.java:284)
	... 18 common frames omitted
Caused by: java.lang.IllegalArgumentException: standardService.connector.startFailed
	at org.apache.catalina.core.StandardService.addConnector(StandardService.java:235)
	at org.springframework.boot.web.embedded.tomcat.TomcatWebServer.addPreviouslyRemovedConnectors(TomcatWebServer.java:306)
	at org.springframework.boot.web.embedded.tomcat.TomcatWebServer.start(TomcatWebServer.java:234)
	... 20 common frames omitted
Caused by: org.apache.catalina.LifecycleException: Protocol handler start failed
	at org.apache.catalina.connector.Connector.startInternal(Connector.java:1046)
	at org.apache.catalina.util.LifecycleBase.start(LifecycleBase.java:171)
	at org.apache.catalina.core.StandardService.addConnector(StandardService.java:232)
	... 22 common frames omitted
Caused by: java.net.SocketException: Operation not permitted
	at java.base/sun.nio.ch.Net.bind0(Native Method)
	at java.base/sun.nio.ch.Net.bind(Net.java:565)
	at java.base/sun.nio.ch.ServerSocketChannelImpl.netBind(ServerSocketChannelImpl.java:344)
	at java.base/sun.nio.ch.ServerSocketChannelImpl.bind(ServerSocketChannelImpl.java:301)
	at org.apache.tomcat.util.net.NioEndpoint.initServerSocket(NioEndpoint.java:247)
	at org.apache.tomcat.util.net.NioEndpoint.bind(NioEndpoint.java:202)
	at org.apache.tomcat.util.net.AbstractEndpoint.bindWithCleanup(AbstractEndpoint.java:1280)
	at org.apache.tomcat.util.net.AbstractEndpoint.start(AbstractEndpoint.java:1366)
	at org.apache.coyote.AbstractProtocol.start(AbstractProtocol.java:635)
	at org.apache.catalina.connector.Connector.startInternal(Connector.java:1043)
	... 24 common frames omitted
