2026-03-31 09:07:35.912 [main] INFO  c.b.mm.app.BedrockApplicationTest - Starting BedrockApplicationTest using Java 21.0.10 with PID 14799 (started by hualee in /Users/hualee/workspace/pixu/bedrock-app)
2026-03-31 09:07:35.918 [main] DEBUG c.b.mm.app.BedrockApplicationTest - Running with Spring Boot v3.2.1, Spring v6.1.2
2026-03-31 09:07:35.919 [main] INFO  c.b.mm.app.BedrockApplicationTest - The following 1 profile is active: "test"
2026-03-31 09:07:36.605 [main] INFO  c.b.m.a.c.BedrockAutoConfiguration - Configuration validation passed for Bedrock Market Making System v1.0.0 (test)
2026-03-31 09:07:36.627 [main] INFO  com.bedrock.mm.app.config.WebConfig - CORS enabled with origins: *
2026-03-31 09:07:36.914 [main] INFO  com.bedrock.mm.app.config.WebConfig - CORS enabled with origins: *
2026-03-31 09:07:36.937 [main] INFO  c.b.mm.app.BedrockApplicationTest - Started BedrockApplicationTest in 1.183 seconds (process running for 1.808)
2026-03-31 09:07:36.986 [main] INFO  c.b.m.a.r.l.ApplicationService - Starting Bedrock Market Making System v1.0.0 (test) in SIMULATION mode...
2026-03-31 09:07:36.988 [ForkJoinPool.commonPool-worker-1] INFO  c.b.m.a.r.l.ApplicationService - All services started successfully
2026-03-31 09:07:36.988 [bedrock-event-bus-loop] INFO  c.b.m.a.r.bus.EventBusCoordinator - Starting unified event bus loop...
2026-03-31 09:07:36.988 [main] INFO  c.b.m.a.r.l.ApplicationService - Application started successfully
2026-03-31 09:07:37.527 [SpringApplicationShutdownHook] INFO  c.b.m.a.r.l.ApplicationService - Shutting down Bedrock Market Making System v1.0.0 (test)...
2026-03-31 09:07:37.527 [ForkJoinPool.commonPool-worker-1] INFO  c.b.m.a.r.l.ApplicationService - Stopping unified event bus loop...
2026-03-31 09:07:37.527 [ForkJoinPool.commonPool-worker-1] INFO  c.b.m.a.r.l.ApplicationService - All services stopped
2026-03-31 09:07:37.527 [SpringApplicationShutdownHook] INFO  c.b.m.a.r.l.ApplicationService - Application shutdown complete
2026-03-31 09:54:46.132 [main] INFO  c.b.mm.app.BedrockApplicationTest - Starting BedrockApplicationTest using Java 21.0.10 with PID 18513 (started by hualee in /Users/hualee/workspace/pixu/bedrock-app)
2026-03-31 09:54:46.133 [main] DEBUG c.b.mm.app.BedrockApplicationTest - Running with Spring Boot v3.2.1, Spring v6.1.2
2026-03-31 09:54:46.133 [main] INFO  c.b.mm.app.BedrockApplicationTest - The following 1 profile is active: "test"
2026-03-31 09:54:46.734 [main] INFO  c.b.m.a.c.BedrockAutoConfiguration - Configuration validation passed for Bedrock Market Making System v1.0.0 (test)
2026-03-31 09:54:46.752 [main] INFO  com.bedrock.mm.app.config.WebConfig - CORS enabled with origins: *
2026-03-31 09:54:47.019 [main] INFO  com.bedrock.mm.app.config.WebConfig - CORS enabled with origins: *
2026-03-31 09:54:47.045 [main] INFO  c.b.mm.app.BedrockApplicationTest - Started BedrockApplicationTest in 1.065 seconds (process running for 1.657)
2026-03-31 09:54:47.090 [main] INFO  c.b.m.a.r.l.ApplicationService - Starting Bedrock Market Making System v1.0.0 (test) in SIMULATION mode...
2026-03-31 09:54:47.091 [ForkJoinPool.commonPool-worker-1] INFO  c.b.m.a.r.l.ApplicationService - All services started successfully
2026-03-31 09:54:47.091 [bedrock-event-bus-loop] INFO  c.b.m.a.r.bus.EventBusCoordinator - Starting unified event bus loop...
2026-03-31 09:54:47.091 [main] INFO  c.b.m.a.r.l.ApplicationService - Application started successfully
2026-03-31 09:54:47.640 [SpringApplicationShutdownHook] INFO  c.b.m.a.r.l.ApplicationService - Shutting down Bedrock Market Making System v1.0.0 (test)...
2026-03-31 09:54:47.640 [ForkJoinPool.commonPool-worker-1] INFO  c.b.m.a.r.l.ApplicationService - Stopping unified event bus loop...
2026-03-31 09:54:47.640 [ForkJoinPool.commonPool-worker-1] INFO  c.b.m.a.r.l.ApplicationService - All services stopped
2026-03-31 09:54:47.640 [SpringApplicationShutdownHook] INFO  c.b.m.a.r.l.ApplicationService - Application shutdown complete
